CRITICAL - 2022-08-08 14:08:37 --> Call to a member function first() on array
in APPPATH\Controllers\User.php on line 28.
 1 SYSTEMPATH\CodeIgniter.php(896): App\Controllers\User->index()
 2 SYSTEMPATH\CodeIgniter.php(466): CodeIgniter\CodeIgniter->runController(Object(App\Controllers\User))
 3 SYSTEMPATH\CodeIgniter.php(349): CodeIgniter\CodeIgniter->handleRequest(null, Object(Config\Cache), false)
 4 FCPATH\index.php(55): CodeIgniter\CodeIgniter->run()
 5 SYSTEMPATH\Commands\Server\rewrite.php(43): require_once('FCPATH\\index.php')
CRITICAL - 2022-08-08 14:08:45 --> Call to a member function first() on array
in APPPATH\Controllers\User.php on line 28.
 1 SYSTEMPATH\CodeIgniter.php(896): App\Controllers\User->index()
 2 SYSTEMPATH\CodeIgniter.php(466): CodeIgniter\CodeIgniter->runController(Object(App\Controllers\User))
 3 SYSTEMPATH\CodeIgniter.php(349): CodeIgniter\CodeIgniter->handleRequest(null, Object(Config\Cache), false)
 4 FCPATH\index.php(55): CodeIgniter\CodeIgniter->run()
 5 SYSTEMPATH\Commands\Server\rewrite.php(43): require_once('FCPATH\\index.php')
CRITICAL - 2022-08-08 14:08:57 --> Call to undefined method CodeIgniter\Database\MySQLi\Result::first()
in APPPATH\Controllers\User.php on line 28.
 1 SYSTEMPATH\CodeIgniter.php(896): App\Controllers\User->index()
 2 SYSTEMPATH\CodeIgniter.php(466): CodeIgniter\CodeIgniter->runController(Object(App\Controllers\User))
 3 SYSTEMPATH\CodeIgniter.php(349): CodeIgniter\CodeIgniter->handleRequest(null, Object(Config\Cache), false)
 4 FCPATH\index.php(55): CodeIgniter\CodeIgniter->run()
 5 SYSTEMPATH\Commands\Server\rewrite.php(43): require_once('FCPATH\\index.php')
CRITICAL - 2022-08-08 14:09:05 --> Call to undefined method App\Models\UserModel::getAll
in SYSTEMPATH\Model.php on line 773.
 1 APPPATH\Controllers\User.php(28): CodeIgniter\Model->__call('getAll', [])
 2 SYSTEMPATH\CodeIgniter.php(896): App\Controllers\User->index()
 3 SYSTEMPATH\CodeIgniter.php(466): CodeIgniter\CodeIgniter->runController(Object(App\Controllers\User))
 4 SYSTEMPATH\CodeIgniter.php(349): CodeIgniter\CodeIgniter->handleRequest(null, Object(Config\Cache), false)
 5 FCPATH\index.php(55): CodeIgniter\CodeIgniter->run()
 6 SYSTEMPATH\Commands\Server\rewrite.php(43): require_once('FCPATH\\index.php')
CRITICAL - 2022-08-08 14:09:20 --> Call to undefined method CodeIgniter\Database\MySQLi\Result::getAll()
in APPPATH\Controllers\User.php on line 28.
 1 SYSTEMPATH\CodeIgniter.php(896): App\Controllers\User->index()
 2 SYSTEMPATH\CodeIgniter.php(466): CodeIgniter\CodeIgniter->runController(Object(App\Controllers\User))
 3 SYSTEMPATH\CodeIgniter.php(349): CodeIgniter\CodeIgniter->handleRequest(null, Object(Config\Cache), false)
 4 FCPATH\index.php(55): CodeIgniter\CodeIgniter->run()
 5 SYSTEMPATH\Commands\Server\rewrite.php(43): require_once('FCPATH\\index.php')
CRITICAL - 2022-08-08 14:11:36 --> Call to undefined method App\Models\UserModel::getUserSum
in SYSTEMPATH\Model.php on line 773.
 1 APPPATH\Controllers\User.php(28): CodeIgniter\Model->__call('getUserSum', [...])
 2 SYSTEMPATH\CodeIgniter.php(896): App\Controllers\User->index()
 3 SYSTEMPATH\CodeIgniter.php(466): CodeIgniter\CodeIgniter->runController(Object(App\Controllers\User))
 4 SYSTEMPATH\CodeIgniter.php(349): CodeIgniter\CodeIgniter->handleRequest(null, Object(Config\Cache), false)
 5 FCPATH\index.php(55): CodeIgniter\CodeIgniter->run()
 6 SYSTEMPATH\Commands\Server\rewrite.php(43): require_once('FCPATH\\index.php')
CRITICAL - 2022-08-08 14:12:21 --> Call to undefined method CodeIgniter\Database\MySQLi\Result::first()
in APPPATH\Models\UserModel.php on line 55.
 1 APPPATH\Controllers\User.php(28): App\Models\UserModel->getBiodata('id')
 2 SYSTEMPATH\CodeIgniter.php(896): App\Controllers\User->index()
 3 SYSTEMPATH\CodeIgniter.php(466): CodeIgniter\CodeIgniter->runController(Object(App\Controllers\User))
 4 SYSTEMPATH\CodeIgniter.php(349): CodeIgniter\CodeIgniter->handleRequest(null, Object(Config\Cache), false)
 5 FCPATH\index.php(55): CodeIgniter\CodeIgniter->run()
 6 SYSTEMPATH\Commands\Server\rewrite.php(43): require_once('FCPATH\\index.php')
CRITICAL - 2022-08-08 14:12:40 --> Undefined variable $id
in APPPATH\Controllers\User.php on line 28.
 1 APPPATH\Controllers\User.php(28): CodeIgniter\Debug\Exceptions->errorHandler(2, 'Undefined variable $id', 'APPPATH\\Controllers\\User.php', 28)
 2 SYSTEMPATH\CodeIgniter.php(896): App\Controllers\User->index()
 3 SYSTEMPATH\CodeIgniter.php(466): CodeIgniter\CodeIgniter->runController(Object(App\Controllers\User))
 4 SYSTEMPATH\CodeIgniter.php(349): CodeIgniter\CodeIgniter->handleRequest(null, Object(Config\Cache), false)
 5 FCPATH\index.php(55): CodeIgniter\CodeIgniter->run()
 6 SYSTEMPATH\Commands\Server\rewrite.php(43): require_once('FCPATH\\index.php')
CRITICAL - 2022-08-08 14:12:49 --> Too few arguments to function App\Controllers\User::index(), 0 passed in C:\xampp\htdocs\codeigniter-4\vendor\codeigniter4\framework\system\CodeIgniter.php on line 896 and exactly 1 expected
in APPPATH\Controllers\User.php on line 22.
 1 SYSTEMPATH\CodeIgniter.php(896): App\Controllers\User->index()
 2 SYSTEMPATH\CodeIgniter.php(466): CodeIgniter\CodeIgniter->runController(Object(App\Controllers\User))
 3 SYSTEMPATH\CodeIgniter.php(349): CodeIgniter\CodeIgniter->handleRequest(null, Object(Config\Cache), false)
 4 FCPATH\index.php(55): CodeIgniter\CodeIgniter->run()
 5 SYSTEMPATH\Commands\Server\rewrite.php(43): require_once('FCPATH\\index.php')
CRITICAL - 2022-08-08 14:13:09 --> Call to undefined method App\Models\UserModel::getRow
in SYSTEMPATH\Model.php on line 773.
 1 APPPATH\Controllers\User.php(28): CodeIgniter\Model->__call('getRow', [])
 2 SYSTEMPATH\CodeIgniter.php(896): App\Controllers\User->index()
 3 SYSTEMPATH\CodeIgniter.php(466): CodeIgniter\CodeIgniter->runController(Object(App\Controllers\User))
 4 SYSTEMPATH\CodeIgniter.php(349): CodeIgniter\CodeIgniter->handleRequest(null, Object(Config\Cache), false)
 5 FCPATH\index.php(55): CodeIgniter\CodeIgniter->run()
 6 SYSTEMPATH\Commands\Server\rewrite.php(43): require_once('FCPATH\\index.php')
CRITICAL - 2022-08-08 14:17:36 --> Call to undefined method CodeIgniter\Database\MySQLi\Result::getAll()
in APPPATH\Controllers\User.php on line 28.
 1 SYSTEMPATH\CodeIgniter.php(896): App\Controllers\User->index()
 2 SYSTEMPATH\CodeIgniter.php(466): CodeIgniter\CodeIgniter->runController(Object(App\Controllers\User))
 3 SYSTEMPATH\CodeIgniter.php(349): CodeIgniter\CodeIgniter->handleRequest(null, Object(Config\Cache), false)
 4 FCPATH\index.php(55): CodeIgniter\CodeIgniter->run()
 5 SYSTEMPATH\Commands\Server\rewrite.php(43): require_once('FCPATH\\index.php')
CRITICAL - 2022-08-08 14:19:51 --> Call to a member function where() on array
in APPPATH\Controllers\User.php on line 28.
 1 SYSTEMPATH\CodeIgniter.php(896): App\Controllers\User->index()
 2 SYSTEMPATH\CodeIgniter.php(466): CodeIgniter\CodeIgniter->runController(Object(App\Controllers\User))
 3 SYSTEMPATH\CodeIgniter.php(349): CodeIgniter\CodeIgniter->handleRequest(null, Object(Config\Cache), false)
 4 FCPATH\index.php(55): CodeIgniter\CodeIgniter->run()
 5 SYSTEMPATH\Commands\Server\rewrite.php(43): require_once('FCPATH\\index.php')
CRITICAL - 2022-08-08 14:20:12 --> Call to a member function where() on array
in APPPATH\Controllers\User.php on line 28.
 1 SYSTEMPATH\CodeIgniter.php(896): App\Controllers\User->index()
 2 SYSTEMPATH\CodeIgniter.php(466): CodeIgniter\CodeIgniter->runController(Object(App\Controllers\User))
 3 SYSTEMPATH\CodeIgniter.php(349): CodeIgniter\CodeIgniter->handleRequest(null, Object(Config\Cache), false)
 4 FCPATH\index.php(55): CodeIgniter\CodeIgniter->run()
 5 SYSTEMPATH\Commands\Server\rewrite.php(43): require_once('FCPATH\\index.php')
CRITICAL - 2022-08-08 14:20:18 --> Call to a member function where() on array
in APPPATH\Controllers\User.php on line 28.
 1 SYSTEMPATH\CodeIgniter.php(896): App\Controllers\User->index()
 2 SYSTEMPATH\CodeIgniter.php(466): CodeIgniter\CodeIgniter->runController(Object(App\Controllers\User))
 3 SYSTEMPATH\CodeIgniter.php(349): CodeIgniter\CodeIgniter->handleRequest(null, Object(Config\Cache), false)
 4 FCPATH\index.php(55): CodeIgniter\CodeIgniter->run()
 5 SYSTEMPATH\Commands\Server\rewrite.php(43): require_once('FCPATH\\index.php')
CRITICAL - 2022-08-08 14:20:22 --> Call to a member function where() on array
in APPPATH\Controllers\User.php on line 28.
 1 SYSTEMPATH\CodeIgniter.php(896): App\Controllers\User->index()
 2 SYSTEMPATH\CodeIgniter.php(466): CodeIgniter\CodeIgniter->runController(Object(App\Controllers\User))
 3 SYSTEMPATH\CodeIgniter.php(349): CodeIgniter\CodeIgniter->handleRequest(null, Object(Config\Cache), false)
 4 FCPATH\index.php(55): CodeIgniter\CodeIgniter->run()
 5 SYSTEMPATH\Commands\Server\rewrite.php(43): require_once('FCPATH\\index.php')
CRITICAL - 2022-08-08 14:20:35 --> Call to a member function where() on array
in APPPATH\Controllers\User.php on line 28.
 1 SYSTEMPATH\CodeIgniter.php(896): App\Controllers\User->index()
 2 SYSTEMPATH\CodeIgniter.php(466): CodeIgniter\CodeIgniter->runController(Object(App\Controllers\User))
 3 SYSTEMPATH\CodeIgniter.php(349): CodeIgniter\CodeIgniter->handleRequest(null, Object(Config\Cache), false)
 4 FCPATH\index.php(55): CodeIgniter\CodeIgniter->run()
 5 SYSTEMPATH\Commands\Server\rewrite.php(43): require_once('FCPATH\\index.php')
CRITICAL - 2022-08-08 14:20:40 --> Call to a member function where() on array
in APPPATH\Controllers\User.php on line 28.
 1 SYSTEMPATH\CodeIgniter.php(896): App\Controllers\User->index()
 2 SYSTEMPATH\CodeIgniter.php(466): CodeIgniter\CodeIgniter->runController(Object(App\Controllers\User))
 3 SYSTEMPATH\CodeIgniter.php(349): CodeIgniter\CodeIgniter->handleRequest(null, Object(Config\Cache), false)
 4 FCPATH\index.php(55): CodeIgniter\CodeIgniter->run()
 5 SYSTEMPATH\Commands\Server\rewrite.php(43): require_once('FCPATH\\index.php')
CRITICAL - 2022-08-08 14:23:26 --> Call to a member function getWhere() on array
in APPPATH\Controllers\User.php on line 28.
 1 SYSTEMPATH\CodeIgniter.php(896): App\Controllers\User->index()
 2 SYSTEMPATH\CodeIgniter.php(466): CodeIgniter\CodeIgniter->runController(Object(App\Controllers\User))
 3 SYSTEMPATH\CodeIgniter.php(349): CodeIgniter\CodeIgniter->handleRequest(null, Object(Config\Cache), false)
 4 FCPATH\index.php(55): CodeIgniter\CodeIgniter->run()
 5 SYSTEMPATH\Commands\Server\rewrite.php(43): require_once('FCPATH\\index.php')
CRITICAL - 2022-08-08 14:23:46 --> Call to undefined method CodeIgniter\Database\MySQLi\Result::getWhere()
in APPPATH\Controllers\User.php on line 28.
 1 SYSTEMPATH\CodeIgniter.php(896): App\Controllers\User->index()
 2 SYSTEMPATH\CodeIgniter.php(466): CodeIgniter\CodeIgniter->runController(Object(App\Controllers\User))
 3 SYSTEMPATH\CodeIgniter.php(349): CodeIgniter\CodeIgniter->handleRequest(null, Object(Config\Cache), false)
 4 FCPATH\index.php(55): CodeIgniter\CodeIgniter->run()
 5 SYSTEMPATH\Commands\Server\rewrite.php(43): require_once('FCPATH\\index.php')
CRITICAL - 2022-08-08 14:23:59 --> Call to undefined method CodeIgniter\Database\MySQLi\Result::getWhere()
in APPPATH\Controllers\User.php on line 28.
 1 SYSTEMPATH\CodeIgniter.php(896): App\Controllers\User->index()
 2 SYSTEMPATH\CodeIgniter.php(466): CodeIgniter\CodeIgniter->runController(Object(App\Controllers\User))
 3 SYSTEMPATH\CodeIgniter.php(349): CodeIgniter\CodeIgniter->handleRequest(null, Object(Config\Cache), false)
 4 FCPATH\index.php(55): CodeIgniter\CodeIgniter->run()
 5 SYSTEMPATH\Commands\Server\rewrite.php(43): require_once('FCPATH\\index.php')
CRITICAL - 2022-08-08 14:26:29 --> Call to undefined method App\Models\UserModel::getResultArray
in SYSTEMPATH\Model.php on line 773.
 1 APPPATH\Controllers\User.php(28): CodeIgniter\Model->__call('getResultArray', [])
 2 SYSTEMPATH\CodeIgniter.php(896): App\Controllers\User->index()
 3 SYSTEMPATH\CodeIgniter.php(466): CodeIgniter\CodeIgniter->runController(Object(App\Controllers\User))
 4 SYSTEMPATH\CodeIgniter.php(349): CodeIgniter\CodeIgniter->handleRequest(null, Object(Config\Cache), false)
 5 FCPATH\index.php(55): CodeIgniter\CodeIgniter->run()
 6 SYSTEMPATH\Commands\Server\rewrite.php(43): require_once('FCPATH\\index.php')
CRITICAL - 2022-08-08 14:27:18 --> Too few arguments to function App\Controllers\User::index(), 0 passed in C:\xampp\htdocs\codeigniter-4\vendor\codeigniter4\framework\system\CodeIgniter.php on line 896 and exactly 1 expected
in APPPATH\Controllers\User.php on line 22.
 1 SYSTEMPATH\CodeIgniter.php(896): App\Controllers\User->index()
 2 SYSTEMPATH\CodeIgniter.php(466): CodeIgniter\CodeIgniter->runController(Object(App\Controllers\User))
 3 SYSTEMPATH\CodeIgniter.php(349): CodeIgniter\CodeIgniter->handleRequest(null, Object(Config\Cache), false)
 4 FCPATH\index.php(55): CodeIgniter\CodeIgniter->run()
 5 SYSTEMPATH\Commands\Server\rewrite.php(43): require_once('FCPATH\\index.php')
CRITICAL - 2022-08-08 14:28:33 --> Call to a member function first() on array
in APPPATH\Controllers\User.php on line 28.
 1 SYSTEMPATH\CodeIgniter.php(896): App\Controllers\User->index()
 2 SYSTEMPATH\CodeIgniter.php(466): CodeIgniter\CodeIgniter->runController(Object(App\Controllers\User))
 3 SYSTEMPATH\CodeIgniter.php(349): CodeIgniter\CodeIgniter->handleRequest(null, Object(Config\Cache), false)
 4 FCPATH\index.php(55): CodeIgniter\CodeIgniter->run()
 5 SYSTEMPATH\Commands\Server\rewrite.php(43): require_once('FCPATH\\index.php')
ERROR - 2022-08-08 14:40:43 --> Unknown column 'name' in 'field list'
CRITICAL - 2022-08-08 14:40:43 --> Unknown column 'name' in 'field list'
in SYSTEMPATH\Database\MySQLi\Connection.php on line 292.
 1 SYSTEMPATH\Database\MySQLi\Connection.php(292): mysqli->query('SELECT `name`
FROM `tbl_users`
WHERE `id` = id', 0)
 2 SYSTEMPATH\Database\BaseConnection.php(695): CodeIgniter\Database\MySQLi\Connection->execute('SELECT `name`
FROM `tbl_users`
WHERE `id` = id')
 3 SYSTEMPATH\Database\BaseConnection.php(609): CodeIgniter\Database\BaseConnection->simpleQuery('SELECT `name`
FROM `tbl_users`
WHERE `id` = id')
 4 SYSTEMPATH\Database\BaseBuilder.php(1585): CodeIgniter\Database\BaseConnection->query('SELECT `name`
FROM `tbl_users`
WHERE `id` = id', [], false)
 5 SYSTEMPATH\Model.php(771): CodeIgniter\Database\BaseBuilder->get()
 6 APPPATH\Controllers\User.php(28): CodeIgniter\Model->__call('get', [])
 7 SYSTEMPATH\CodeIgniter.php(896): App\Controllers\User->index()
 8 SYSTEMPATH\CodeIgniter.php(466): CodeIgniter\CodeIgniter->runController(Object(App\Controllers\User))
 9 SYSTEMPATH\CodeIgniter.php(349): CodeIgniter\CodeIgniter->handleRequest(null, Object(Config\Cache), false)
10 FCPATH\index.php(55): CodeIgniter\CodeIgniter->run()
11 SYSTEMPATH\Commands\Server\rewrite.php(43): require_once('FCPATH\\index.php')
ERROR - 2022-08-08 14:50:16 --> Unknown column 'user' in 'where clause'
CRITICAL - 2022-08-08 14:50:16 --> Unknown column 'user' in 'where clause'
in SYSTEMPATH\Database\MySQLi\Connection.php on line 292.
 1 SYSTEMPATH\Database\MySQLi\Connection.php(292): mysqli->query('SELECT `status`
FROM `tbl_users`
WHERE `role` = user', 0)
 2 SYSTEMPATH\Database\BaseConnection.php(695): CodeIgniter\Database\MySQLi\Connection->execute('SELECT `status`
FROM `tbl_users`
WHERE `role` = user')
 3 SYSTEMPATH\Database\BaseConnection.php(609): CodeIgniter\Database\BaseConnection->simpleQuery('SELECT `status`
FROM `tbl_users`
WHERE `role` = user')
 4 SYSTEMPATH\Database\BaseBuilder.php(1585): CodeIgniter\Database\BaseConnection->query('SELECT `status`
FROM `tbl_users`
WHERE `role` = user', [], false)
 5 SYSTEMPATH\Model.php(771): CodeIgniter\Database\BaseBuilder->get()
 6 APPPATH\Controllers\User.php(28): CodeIgniter\Model->__call('get', [])
 7 SYSTEMPATH\CodeIgniter.php(896): App\Controllers\User->index()
 8 SYSTEMPATH\CodeIgniter.php(466): CodeIgniter\CodeIgniter->runController(Object(App\Controllers\User))
 9 SYSTEMPATH\CodeIgniter.php(349): CodeIgniter\CodeIgniter->handleRequest(null, Object(Config\Cache), false)
10 FCPATH\index.php(55): CodeIgniter\CodeIgniter->run()
11 SYSTEMPATH\Commands\Server\rewrite.php(43): require_once('FCPATH\\index.php')
CRITICAL - 2022-08-08 14:53:42 --> syntax error, unexpected token "=", expecting ")"
in APPPATH\Controllers\User.php on line 27.
 1 SYSTEMPATH\Autoloader\Autoloader.php(261): CodeIgniter\Autoloader\Autoloader->includeFile('APPPATH\\Controllers\\User.php')
 2 SYSTEMPATH\Autoloader\Autoloader.php(239): CodeIgniter\Autoloader\Autoloader->loadInNamespace('App\\Controllers\\User')
 3 [internal function]: CodeIgniter\Autoloader\Autoloader->loadClass('App\\Controllers\\User')
 4 SYSTEMPATH\CodeIgniter.php(846): class_exists('\\App\\Controllers\\User', true)
 5 SYSTEMPATH\CodeIgniter.php(453): CodeIgniter\CodeIgniter->startController()
 6 SYSTEMPATH\CodeIgniter.php(349): CodeIgniter\CodeIgniter->handleRequest(null, Object(Config\Cache), false)
 7 FCPATH\index.php(55): CodeIgniter\CodeIgniter->run()
 8 SYSTEMPATH\Commands\Server\rewrite.php(43): require_once('FCPATH\\index.php')
CRITICAL - 2022-08-08 14:54:01 --> syntax error, unexpected token "=>", expecting ")"
in APPPATH\Controllers\User.php on line 27.
 1 SYSTEMPATH\Autoloader\Autoloader.php(261): CodeIgniter\Autoloader\Autoloader->includeFile('APPPATH\\Controllers\\User.php')
 2 SYSTEMPATH\Autoloader\Autoloader.php(239): CodeIgniter\Autoloader\Autoloader->loadInNamespace('App\\Controllers\\User')
 3 [internal function]: CodeIgniter\Autoloader\Autoloader->loadClass('App\\Controllers\\User')
 4 SYSTEMPATH\CodeIgniter.php(846): class_exists('\\App\\Controllers\\User', true)
 5 SYSTEMPATH\CodeIgniter.php(453): CodeIgniter\CodeIgniter->startController()
 6 SYSTEMPATH\CodeIgniter.php(349): CodeIgniter\CodeIgniter->handleRequest(null, Object(Config\Cache), false)
 7 FCPATH\index.php(55): CodeIgniter\CodeIgniter->run()
 8 SYSTEMPATH\Commands\Server\rewrite.php(43): require_once('FCPATH\\index.php')
CRITICAL - 2022-08-08 14:57:59 --> Object of class stdClass could not be converted to string
in APPPATH\Views\user\dashboard.php on line 24.
 1 SYSTEMPATH\View\View.php(213): include()
 2 SYSTEMPATH\View\View.php(216): CodeIgniter\View\View->CodeIgniter\View\{closure}()
 3 SYSTEMPATH\Common.php(1135): CodeIgniter\View\View->render('user/dashboard', [], true)
 4 APPPATH\Controllers\User.php(35): view('user/dashboard', [...])
 5 SYSTEMPATH\CodeIgniter.php(896): App\Controllers\User->index()
 6 SYSTEMPATH\CodeIgniter.php(466): CodeIgniter\CodeIgniter->runController(Object(App\Controllers\User))
 7 SYSTEMPATH\CodeIgniter.php(349): CodeIgniter\CodeIgniter->handleRequest(null, Object(Config\Cache), false)
 8 FCPATH\index.php(55): CodeIgniter\CodeIgniter->run()
 9 SYSTEMPATH\Commands\Server\rewrite.php(43): require_once('FCPATH\\index.php')
CRITICAL - 2022-08-08 14:58:18 --> Cannot use object of type stdClass as array
in APPPATH\Views\user\dashboard.php on line 24.
 1 SYSTEMPATH\View\View.php(213): include()
 2 SYSTEMPATH\View\View.php(216): CodeIgniter\View\View->CodeIgniter\View\{closure}()
 3 SYSTEMPATH\Common.php(1135): CodeIgniter\View\View->render('user/dashboard', [], true)
 4 APPPATH\Controllers\User.php(35): view('user/dashboard', [...])
 5 SYSTEMPATH\CodeIgniter.php(896): App\Controllers\User->index()
 6 SYSTEMPATH\CodeIgniter.php(466): CodeIgniter\CodeIgniter->runController(Object(App\Controllers\User))
 7 SYSTEMPATH\CodeIgniter.php(349): CodeIgniter\CodeIgniter->handleRequest(null, Object(Config\Cache), false)
 8 FCPATH\index.php(55): CodeIgniter\CodeIgniter->run()
 9 SYSTEMPATH\Commands\Server\rewrite.php(43): require_once('FCPATH\\index.php')
CRITICAL - 2022-08-08 14:58:20 --> Cannot use object of type stdClass as array
in APPPATH\Views\user\dashboard.php on line 24.
 1 SYSTEMPATH\View\View.php(213): include()
 2 SYSTEMPATH\View\View.php(216): CodeIgniter\View\View->CodeIgniter\View\{closure}()
 3 SYSTEMPATH\Common.php(1135): CodeIgniter\View\View->render('user/dashboard', [], true)
 4 APPPATH\Controllers\User.php(35): view('user/dashboard', [...])
 5 SYSTEMPATH\CodeIgniter.php(896): App\Controllers\User->index()
 6 SYSTEMPATH\CodeIgniter.php(466): CodeIgniter\CodeIgniter->runController(Object(App\Controllers\User))
 7 SYSTEMPATH\CodeIgniter.php(349): CodeIgniter\CodeIgniter->handleRequest(null, Object(Config\Cache), false)
 8 FCPATH\index.php(55): CodeIgniter\CodeIgniter->run()
 9 SYSTEMPATH\Commands\Server\rewrite.php(43): require_once('FCPATH\\index.php')
CRITICAL - 2022-08-08 14:58:23 --> Cannot use object of type stdClass as array
in APPPATH\Views\user\dashboard.php on line 24.
 1 SYSTEMPATH\View\View.php(213): include()
 2 SYSTEMPATH\View\View.php(216): CodeIgniter\View\View->CodeIgniter\View\{closure}()
 3 SYSTEMPATH\Common.php(1135): CodeIgniter\View\View->render('user/dashboard', [], true)
 4 APPPATH\Controllers\User.php(35): view('user/dashboard', [...])
 5 SYSTEMPATH\CodeIgniter.php(896): App\Controllers\User->index()
 6 SYSTEMPATH\CodeIgniter.php(466): CodeIgniter\CodeIgniter->runController(Object(App\Controllers\User))
 7 SYSTEMPATH\CodeIgniter.php(349): CodeIgniter\CodeIgniter->handleRequest(null, Object(Config\Cache), false)
 8 FCPATH\index.php(55): CodeIgniter\CodeIgniter->run()
 9 SYSTEMPATH\Commands\Server\rewrite.php(43): require_once('FCPATH\\index.php')
CRITICAL - 2022-08-08 14:59:52 --> Cannot access offset of type string on string
in APPPATH\Views\user\dashboard.php on line 25.
 1 SYSTEMPATH\View\View.php(213): include()
 2 SYSTEMPATH\View\View.php(216): CodeIgniter\View\View->CodeIgniter\View\{closure}()
 3 SYSTEMPATH\Common.php(1135): CodeIgniter\View\View->render('user/dashboard', [], true)
 4 APPPATH\Controllers\User.php(35): view('user/dashboard', [...])
 5 SYSTEMPATH\CodeIgniter.php(896): App\Controllers\User->index()
 6 SYSTEMPATH\CodeIgniter.php(466): CodeIgniter\CodeIgniter->runController(Object(App\Controllers\User))
 7 SYSTEMPATH\CodeIgniter.php(349): CodeIgniter\CodeIgniter->handleRequest(null, Object(Config\Cache), false)
 8 FCPATH\index.php(55): CodeIgniter\CodeIgniter->run()
 9 SYSTEMPATH\Commands\Server\rewrite.php(43): require_once('FCPATH\\index.php')
CRITICAL - 2022-08-08 14:59:55 --> Cannot access offset of type string on string
in APPPATH\Views\user\dashboard.php on line 25.
 1 SYSTEMPATH\View\View.php(213): include()
 2 SYSTEMPATH\View\View.php(216): CodeIgniter\View\View->CodeIgniter\View\{closure}()
 3 SYSTEMPATH\Common.php(1135): CodeIgniter\View\View->render('user/dashboard', [], true)
 4 APPPATH\Controllers\User.php(35): view('user/dashboard', [...])
 5 SYSTEMPATH\CodeIgniter.php(896): App\Controllers\User->index()
 6 SYSTEMPATH\CodeIgniter.php(466): CodeIgniter\CodeIgniter->runController(Object(App\Controllers\User))
 7 SYSTEMPATH\CodeIgniter.php(349): CodeIgniter\CodeIgniter->handleRequest(null, Object(Config\Cache), false)
 8 FCPATH\index.php(55): CodeIgniter\CodeIgniter->run()
 9 SYSTEMPATH\Commands\Server\rewrite.php(43): require_once('FCPATH\\index.php')
CRITICAL - 2022-08-08 14:59:56 --> Cannot access offset of type string on string
in APPPATH\Views\user\dashboard.php on line 25.
 1 SYSTEMPATH\View\View.php(213): include()
 2 SYSTEMPATH\View\View.php(216): CodeIgniter\View\View->CodeIgniter\View\{closure}()
 3 SYSTEMPATH\Common.php(1135): CodeIgniter\View\View->render('user/dashboard', [], true)
 4 APPPATH\Controllers\User.php(35): view('user/dashboard', [...])
 5 SYSTEMPATH\CodeIgniter.php(896): App\Controllers\User->index()
 6 SYSTEMPATH\CodeIgniter.php(466): CodeIgniter\CodeIgniter->runController(Object(App\Controllers\User))
 7 SYSTEMPATH\CodeIgniter.php(349): CodeIgniter\CodeIgniter->handleRequest(null, Object(Config\Cache), false)
 8 FCPATH\index.php(55): CodeIgniter\CodeIgniter->run()
 9 SYSTEMPATH\Commands\Server\rewrite.php(43): require_once('FCPATH\\index.php')
CRITICAL - 2022-08-08 15:00:21 --> Cannot access offset of type string on string
in APPPATH\Views\user\dashboard.php on line 25.
 1 SYSTEMPATH\View\View.php(213): include()
 2 SYSTEMPATH\View\View.php(216): CodeIgniter\View\View->CodeIgniter\View\{closure}()
 3 SYSTEMPATH\Common.php(1135): CodeIgniter\View\View->render('user/dashboard', [], true)
 4 APPPATH\Controllers\User.php(35): view('user/dashboard', [...])
 5 SYSTEMPATH\CodeIgniter.php(896): App\Controllers\User->index()
 6 SYSTEMPATH\CodeIgniter.php(466): CodeIgniter\CodeIgniter->runController(Object(App\Controllers\User))
 7 SYSTEMPATH\CodeIgniter.php(349): CodeIgniter\CodeIgniter->handleRequest(null, Object(Config\Cache), false)
 8 FCPATH\index.php(55): CodeIgniter\CodeIgniter->run()
 9 SYSTEMPATH\Commands\Server\rewrite.php(43): require_once('FCPATH\\index.php')
CRITICAL - 2022-08-08 15:05:21 --> Call to undefined method CodeIgniter\Database\MySQLi\Result::getRowResult()
in APPPATH\Controllers\User.php on line 28.
 1 SYSTEMPATH\CodeIgniter.php(896): App\Controllers\User->index()
 2 SYSTEMPATH\CodeIgniter.php(466): CodeIgniter\CodeIgniter->runController(Object(App\Controllers\User))
 3 SYSTEMPATH\CodeIgniter.php(349): CodeIgniter\CodeIgniter->handleRequest(null, Object(Config\Cache), false)
 4 FCPATH\index.php(55): CodeIgniter\CodeIgniter->run()
 5 SYSTEMPATH\Commands\Server\rewrite.php(43): require_once('FCPATH\\index.php')
CRITICAL - 2022-08-08 15:05:56 --> Call to a member function getRow() on array
in APPPATH\Controllers\User.php on line 28.
 1 SYSTEMPATH\CodeIgniter.php(896): App\Controllers\User->index()
 2 SYSTEMPATH\CodeIgniter.php(466): CodeIgniter\CodeIgniter->runController(Object(App\Controllers\User))
 3 SYSTEMPATH\CodeIgniter.php(349): CodeIgniter\CodeIgniter->handleRequest(null, Object(Config\Cache), false)
 4 FCPATH\index.php(55): CodeIgniter\CodeIgniter->run()
 5 SYSTEMPATH\Commands\Server\rewrite.php(43): require_once('FCPATH\\index.php')
CRITICAL - 2022-08-08 15:06:04 --> Call to undefined method stdClass::getResult()
in APPPATH\Controllers\User.php on line 28.
 1 SYSTEMPATH\CodeIgniter.php(896): App\Controllers\User->index()
 2 SYSTEMPATH\CodeIgniter.php(466): CodeIgniter\CodeIgniter->runController(Object(App\Controllers\User))
 3 SYSTEMPATH\CodeIgniter.php(349): CodeIgniter\CodeIgniter->handleRequest(null, Object(Config\Cache), false)
 4 FCPATH\index.php(55): CodeIgniter\CodeIgniter->run()
 5 SYSTEMPATH\Commands\Server\rewrite.php(43): require_once('FCPATH\\index.php')
CRITICAL - 2022-08-08 15:06:10 --> Call to undefined method stdClass::getResultArray()
in APPPATH\Controllers\User.php on line 28.
 1 SYSTEMPATH\CodeIgniter.php(896): App\Controllers\User->index()
 2 SYSTEMPATH\CodeIgniter.php(466): CodeIgniter\CodeIgniter->runController(Object(App\Controllers\User))
 3 SYSTEMPATH\CodeIgniter.php(349): CodeIgniter\CodeIgniter->handleRequest(null, Object(Config\Cache), false)
 4 FCPATH\index.php(55): CodeIgniter\CodeIgniter->run()
 5 SYSTEMPATH\Commands\Server\rewrite.php(43): require_once('FCPATH\\index.php')
CRITICAL - 2022-08-08 15:06:20 --> Call to undefined method CodeIgniter\Database\MySQLi\Result::getRows()
in APPPATH\Controllers\User.php on line 28.
 1 SYSTEMPATH\CodeIgniter.php(896): App\Controllers\User->index()
 2 SYSTEMPATH\CodeIgniter.php(466): CodeIgniter\CodeIgniter->runController(Object(App\Controllers\User))
 3 SYSTEMPATH\CodeIgniter.php(349): CodeIgniter\CodeIgniter->handleRequest(null, Object(Config\Cache), false)
 4 FCPATH\index.php(55): CodeIgniter\CodeIgniter->run()
 5 SYSTEMPATH\Commands\Server\rewrite.php(43): require_once('FCPATH\\index.php')
CRITICAL - 2022-08-08 15:11:04 --> Call to undefined method CodeIgniter\Database\MySQLi\Result::countAllResults()
in APPPATH\Controllers\User.php on line 28.
 1 SYSTEMPATH\CodeIgniter.php(896): App\Controllers\User->index()
 2 SYSTEMPATH\CodeIgniter.php(466): CodeIgniter\CodeIgniter->runController(Object(App\Controllers\User))
 3 SYSTEMPATH\CodeIgniter.php(349): CodeIgniter\CodeIgniter->handleRequest(null, Object(Config\Cache), false)
 4 FCPATH\index.php(55): CodeIgniter\CodeIgniter->run()
 5 SYSTEMPATH\Commands\Server\rewrite.php(43): require_once('FCPATH\\index.php')
CRITICAL - 2022-08-08 15:22:57 --> Too few arguments to function App\Controllers\User::index(), 0 passed in C:\xampp\htdocs\codeigniter-4\vendor\codeigniter4\framework\system\CodeIgniter.php on line 896 and exactly 1 expected
in APPPATH\Controllers\User.php on line 22.
 1 SYSTEMPATH\CodeIgniter.php(896): App\Controllers\User->index()
 2 SYSTEMPATH\CodeIgniter.php(466): CodeIgniter\CodeIgniter->runController(Object(App\Controllers\User))
 3 SYSTEMPATH\CodeIgniter.php(349): CodeIgniter\CodeIgniter->handleRequest(null, Object(Config\Cache), false)
 4 FCPATH\index.php(55): CodeIgniter\CodeIgniter->run()
 5 SYSTEMPATH\Commands\Server\rewrite.php(43): require_once('FCPATH\\index.php')
CRITICAL - 2022-08-08 15:23:34 --> Too few arguments to function App\Controllers\User::index(), 0 passed in C:\xampp\htdocs\codeigniter-4\vendor\codeigniter4\framework\system\CodeIgniter.php on line 896 and exactly 1 expected
in APPPATH\Controllers\User.php on line 22.
 1 SYSTEMPATH\CodeIgniter.php(896): App\Controllers\User->index()
 2 SYSTEMPATH\CodeIgniter.php(466): CodeIgniter\CodeIgniter->runController(Object(App\Controllers\User))
 3 SYSTEMPATH\CodeIgniter.php(349): CodeIgniter\CodeIgniter->handleRequest(null, Object(Config\Cache), false)
 4 FCPATH\index.php(55): CodeIgniter\CodeIgniter->run()
 5 SYSTEMPATH\Commands\Server\rewrite.php(43): require_once('FCPATH\\index.php')
CRITICAL - 2022-08-08 15:26:13 --> Too few arguments to function App\Controllers\User::index(), 0 passed in C:\xampp\htdocs\codeigniter-4\vendor\codeigniter4\framework\system\CodeIgniter.php on line 896 and exactly 1 expected
in APPPATH\Controllers\User.php on line 22.
 1 SYSTEMPATH\CodeIgniter.php(896): App\Controllers\User->index()
 2 SYSTEMPATH\CodeIgniter.php(466): CodeIgniter\CodeIgniter->runController(Object(App\Controllers\User))
 3 SYSTEMPATH\CodeIgniter.php(349): CodeIgniter\CodeIgniter->handleRequest(null, Object(Config\Cache), false)
 4 FCPATH\index.php(55): CodeIgniter\CodeIgniter->run()
 5 SYSTEMPATH\Commands\Server\rewrite.php(43): require_once('FCPATH\\index.php')
CRITICAL - 2022-08-08 15:27:06 --> Too few arguments to function App\Controllers\User::index(), 0 passed in C:\xampp\htdocs\codeigniter-4\vendor\codeigniter4\framework\system\CodeIgniter.php on line 896 and exactly 1 expected
in APPPATH\Controllers\User.php on line 22.
 1 SYSTEMPATH\CodeIgniter.php(896): App\Controllers\User->index()
 2 SYSTEMPATH\CodeIgniter.php(466): CodeIgniter\CodeIgniter->runController(Object(App\Controllers\User))
 3 SYSTEMPATH\CodeIgniter.php(349): CodeIgniter\CodeIgniter->handleRequest(null, Object(Config\Cache), false)
 4 FCPATH\index.php(55): CodeIgniter\CodeIgniter->run()
 5 SYSTEMPATH\Commands\Server\rewrite.php(43): require_once('FCPATH\\index.php')
CRITICAL - 2022-08-08 15:27:08 --> Too few arguments to function App\Controllers\User::index(), 0 passed in C:\xampp\htdocs\codeigniter-4\vendor\codeigniter4\framework\system\CodeIgniter.php on line 896 and exactly 1 expected
in APPPATH\Controllers\User.php on line 22.
 1 SYSTEMPATH\CodeIgniter.php(896): App\Controllers\User->index()
 2 SYSTEMPATH\CodeIgniter.php(466): CodeIgniter\CodeIgniter->runController(Object(App\Controllers\User))
 3 SYSTEMPATH\CodeIgniter.php(349): CodeIgniter\CodeIgniter->handleRequest(null, Object(Config\Cache), false)
 4 FCPATH\index.php(55): CodeIgniter\CodeIgniter->run()
 5 SYSTEMPATH\Commands\Server\rewrite.php(43): require_once('FCPATH\\index.php')
CRITICAL - 2022-08-08 15:46:56 --> Too few arguments to function App\Controllers\User::index(), 0 passed in C:\xampp\htdocs\codeigniter-4\vendor\codeigniter4\framework\system\CodeIgniter.php on line 896 and exactly 1 expected
in APPPATH\Controllers\User.php on line 22.
 1 SYSTEMPATH\CodeIgniter.php(896): App\Controllers\User->index()
 2 SYSTEMPATH\CodeIgniter.php(466): CodeIgniter\CodeIgniter->runController(Object(App\Controllers\User))
 3 SYSTEMPATH\CodeIgniter.php(349): CodeIgniter\CodeIgniter->handleRequest(null, Object(Config\Cache), false)
 4 FCPATH\index.php(55): CodeIgniter\CodeIgniter->run()
 5 SYSTEMPATH\Commands\Server\rewrite.php(43): require_once('FCPATH\\index.php')
CRITICAL - 2022-08-08 15:46:58 --> Too few arguments to function App\Controllers\User::index(), 0 passed in C:\xampp\htdocs\codeigniter-4\vendor\codeigniter4\framework\system\CodeIgniter.php on line 896 and exactly 1 expected
in APPPATH\Controllers\User.php on line 22.
 1 SYSTEMPATH\CodeIgniter.php(896): App\Controllers\User->index()
 2 SYSTEMPATH\CodeIgniter.php(466): CodeIgniter\CodeIgniter->runController(Object(App\Controllers\User))
 3 SYSTEMPATH\CodeIgniter.php(349): CodeIgniter\CodeIgniter->handleRequest(null, Object(Config\Cache), false)
 4 FCPATH\index.php(55): CodeIgniter\CodeIgniter->run()
 5 SYSTEMPATH\Commands\Server\rewrite.php(43): require_once('FCPATH\\index.php')
CRITICAL - 2022-08-08 15:47:01 --> Too few arguments to function App\Controllers\User::index(), 0 passed in C:\xampp\htdocs\codeigniter-4\vendor\codeigniter4\framework\system\CodeIgniter.php on line 896 and exactly 1 expected
in APPPATH\Controllers\User.php on line 22.
 1 SYSTEMPATH\CodeIgniter.php(896): App\Controllers\User->index()
 2 SYSTEMPATH\CodeIgniter.php(466): CodeIgniter\CodeIgniter->runController(Object(App\Controllers\User))
 3 SYSTEMPATH\CodeIgniter.php(349): CodeIgniter\CodeIgniter->handleRequest(null, Object(Config\Cache), false)
 4 FCPATH\index.php(55): CodeIgniter\CodeIgniter->run()
 5 SYSTEMPATH\Commands\Server\rewrite.php(43): require_once('FCPATH\\index.php')
CRITICAL - 2022-08-08 15:47:02 --> Too few arguments to function App\Controllers\User::index(), 0 passed in C:\xampp\htdocs\codeigniter-4\vendor\codeigniter4\framework\system\CodeIgniter.php on line 896 and exactly 1 expected
in APPPATH\Controllers\User.php on line 22.
 1 SYSTEMPATH\CodeIgniter.php(896): App\Controllers\User->index()
 2 SYSTEMPATH\CodeIgniter.php(466): CodeIgniter\CodeIgniter->runController(Object(App\Controllers\User))
 3 SYSTEMPATH\CodeIgniter.php(349): CodeIgniter\CodeIgniter->handleRequest(null, Object(Config\Cache), false)
 4 FCPATH\index.php(55): CodeIgniter\CodeIgniter->run()
 5 SYSTEMPATH\Commands\Server\rewrite.php(43): require_once('FCPATH\\index.php')
CRITICAL - 2022-08-08 15:47:28 --> Too few arguments to function App\Controllers\User::index(), 0 passed in C:\xampp\htdocs\codeigniter-4\vendor\codeigniter4\framework\system\CodeIgniter.php on line 896 and exactly 1 expected
in APPPATH\Controllers\User.php on line 22.
 1 SYSTEMPATH\CodeIgniter.php(896): App\Controllers\User->index()
 2 SYSTEMPATH\CodeIgniter.php(466): CodeIgniter\CodeIgniter->runController(Object(App\Controllers\User))
 3 SYSTEMPATH\CodeIgniter.php(349): CodeIgniter\CodeIgniter->handleRequest(null, Object(Config\Cache), false)
 4 FCPATH\index.php(55): CodeIgniter\CodeIgniter->run()
 5 SYSTEMPATH\Commands\Server\rewrite.php(43): require_once('FCPATH\\index.php')
CRITICAL - 2022-08-08 15:48:47 --> Too few arguments to function App\Controllers\User::index(), 0 passed in C:\xampp\htdocs\codeigniter-4\vendor\codeigniter4\framework\system\CodeIgniter.php on line 896 and exactly 1 expected
in APPPATH\Controllers\User.php on line 22.
 1 SYSTEMPATH\CodeIgniter.php(896): App\Controllers\User->index()
 2 SYSTEMPATH\CodeIgniter.php(466): CodeIgniter\CodeIgniter->runController(Object(App\Controllers\User))
 3 SYSTEMPATH\CodeIgniter.php(349): CodeIgniter\CodeIgniter->handleRequest(null, Object(Config\Cache), false)
 4 FCPATH\index.php(55): CodeIgniter\CodeIgniter->run()
 5 SYSTEMPATH\Commands\Server\rewrite.php(43): require_once('FCPATH\\index.php')
CRITICAL - 2022-08-08 15:48:48 --> Too few arguments to function App\Controllers\User::index(), 0 passed in C:\xampp\htdocs\codeigniter-4\vendor\codeigniter4\framework\system\CodeIgniter.php on line 896 and exactly 1 expected
in APPPATH\Controllers\User.php on line 22.
 1 SYSTEMPATH\CodeIgniter.php(896): App\Controllers\User->index()
 2 SYSTEMPATH\CodeIgniter.php(466): CodeIgniter\CodeIgniter->runController(Object(App\Controllers\User))
 3 SYSTEMPATH\CodeIgniter.php(349): CodeIgniter\CodeIgniter->handleRequest(null, Object(Config\Cache), false)
 4 FCPATH\index.php(55): CodeIgniter\CodeIgniter->run()
 5 SYSTEMPATH\Commands\Server\rewrite.php(43): require_once('FCPATH\\index.php')
CRITICAL - 2022-08-08 15:49:54 --> Too few arguments to function App\Controllers\User::index(), 0 passed in C:\xampp\htdocs\codeigniter-4\vendor\codeigniter4\framework\system\CodeIgniter.php on line 896 and exactly 1 expected
in APPPATH\Controllers\User.php on line 22.
 1 SYSTEMPATH\CodeIgniter.php(896): App\Controllers\User->index()
 2 SYSTEMPATH\CodeIgniter.php(466): CodeIgniter\CodeIgniter->runController(Object(App\Controllers\User))
 3 SYSTEMPATH\CodeIgniter.php(349): CodeIgniter\CodeIgniter->handleRequest(null, Object(Config\Cache), false)
 4 FCPATH\index.php(55): CodeIgniter\CodeIgniter->run()
 5 SYSTEMPATH\Commands\Server\rewrite.php(43): require_once('FCPATH\\index.php')
CRITICAL - 2022-08-08 15:49:56 --> Too few arguments to function App\Controllers\User::index(), 0 passed in C:\xampp\htdocs\codeigniter-4\vendor\codeigniter4\framework\system\CodeIgniter.php on line 896 and exactly 1 expected
in APPPATH\Controllers\User.php on line 22.
 1 SYSTEMPATH\CodeIgniter.php(896): App\Controllers\User->index()
 2 SYSTEMPATH\CodeIgniter.php(466): CodeIgniter\CodeIgniter->runController(Object(App\Controllers\User))
 3 SYSTEMPATH\CodeIgniter.php(349): CodeIgniter\CodeIgniter->handleRequest(null, Object(Config\Cache), false)
 4 FCPATH\index.php(55): CodeIgniter\CodeIgniter->run()
 5 SYSTEMPATH\Commands\Server\rewrite.php(43): require_once('FCPATH\\index.php')
CRITICAL - 2022-08-08 15:50:30 --> Too few arguments to function App\Controllers\User::index(), 0 passed in C:\xampp\htdocs\codeigniter-4\vendor\codeigniter4\framework\system\CodeIgniter.php on line 896 and exactly 1 expected
in APPPATH\Controllers\User.php on line 22.
 1 SYSTEMPATH\CodeIgniter.php(896): App\Controllers\User->index()
 2 SYSTEMPATH\CodeIgniter.php(466): CodeIgniter\CodeIgniter->runController(Object(App\Controllers\User))
 3 SYSTEMPATH\CodeIgniter.php(349): CodeIgniter\CodeIgniter->handleRequest(null, Object(Config\Cache), false)
 4 FCPATH\index.php(55): CodeIgniter\CodeIgniter->run()
 5 SYSTEMPATH\Commands\Server\rewrite.php(43): require_once('FCPATH\\index.php')
CRITICAL - 2022-08-08 15:50:31 --> Too few arguments to function App\Controllers\User::index(), 0 passed in C:\xampp\htdocs\codeigniter-4\vendor\codeigniter4\framework\system\CodeIgniter.php on line 896 and exactly 1 expected
in APPPATH\Controllers\User.php on line 22.
 1 SYSTEMPATH\CodeIgniter.php(896): App\Controllers\User->index()
 2 SYSTEMPATH\CodeIgniter.php(466): CodeIgniter\CodeIgniter->runController(Object(App\Controllers\User))
 3 SYSTEMPATH\CodeIgniter.php(349): CodeIgniter\CodeIgniter->handleRequest(null, Object(Config\Cache), false)
 4 FCPATH\index.php(55): CodeIgniter\CodeIgniter->run()
 5 SYSTEMPATH\Commands\Server\rewrite.php(43): require_once('FCPATH\\index.php')
CRITICAL - 2022-08-08 15:50:32 --> Too few arguments to function App\Controllers\User::index(), 0 passed in C:\xampp\htdocs\codeigniter-4\vendor\codeigniter4\framework\system\CodeIgniter.php on line 896 and exactly 1 expected
in APPPATH\Controllers\User.php on line 22.
 1 SYSTEMPATH\CodeIgniter.php(896): App\Controllers\User->index()
 2 SYSTEMPATH\CodeIgniter.php(466): CodeIgniter\CodeIgniter->runController(Object(App\Controllers\User))
 3 SYSTEMPATH\CodeIgniter.php(349): CodeIgniter\CodeIgniter->handleRequest(null, Object(Config\Cache), false)
 4 FCPATH\index.php(55): CodeIgniter\CodeIgniter->run()
 5 SYSTEMPATH\Commands\Server\rewrite.php(43): require_once('FCPATH\\index.php')
