CRITICAL - 2022-07-29 00:00:25 --> Undefined variable $tittle
in APPPATH\Views\user\kuisbelajar.php on line 111.
 1 APPPATH\Views\user\kuisbelajar.php(111): CodeIgniter\Debug\Exceptions->errorHandler(2, 'Undefined variable $tittle', 'APPPATH\\Views\\user\\kuisbelajar.php', 111)
 2 SYSTEMPATH\View\View.php(213): include('APPPATH\\Views\\user\\kuisbelajar.php')
 3 SYSTEMPATH\View\View.php(216): CodeIgniter\View\View->CodeIgniter\View\{closure}()
 4 SYSTEMPATH\Common.php(1135): CodeIgniter\View\View->render('user/kuisbelajar', [], true)
 5 APPPATH\Controllers\User.php(107): view('user/kuisbelajar')
 6 SYSTEMPATH\CodeIgniter.php(896): App\Controllers\User->jawab()
 7 SYSTEMPATH\CodeIgniter.php(466): CodeIgniter\CodeIgniter->runController(Object(App\Controllers\User))
 8 SYSTEMPATH\CodeIgniter.php(349): CodeIgniter\CodeIgniter->handleRequest(null, Object(Config\Cache), false)
 9 FCPATH\index.php(55): CodeIgniter\CodeIgniter->run()
10 SYSTEMPATH\Commands\Server\rewrite.php(43): require_once('FCPATH\\index.php')
CRITICAL - 2022-07-29 00:01:32 --> Undefined variable $ss
in APPPATH\Views\user\kuisbelajar.php on line 212.
 1 APPPATH\Views\user\kuisbelajar.php(212): CodeIgniter\Debug\Exceptions->errorHandler(2, 'Undefined variable $ss', 'APPPATH\\Views\\user\\kuisbelajar.php', 212)
 2 SYSTEMPATH\View\View.php(213): include('APPPATH\\Views\\user\\kuisbelajar.php')
 3 SYSTEMPATH\View\View.php(216): CodeIgniter\View\View->CodeIgniter\View\{closure}()
 4 SYSTEMPATH\Common.php(1135): CodeIgniter\View\View->render('user/kuisbelajar', [], true)
 5 APPPATH\Controllers\User.php(108): view('user/kuisbelajar', [...])
 6 SYSTEMPATH\CodeIgniter.php(896): App\Controllers\User->jawab()
 7 SYSTEMPATH\CodeIgniter.php(466): CodeIgniter\CodeIgniter->runController(Object(App\Controllers\User))
 8 SYSTEMPATH\CodeIgniter.php(349): CodeIgniter\CodeIgniter->handleRequest(null, Object(Config\Cache), false)
 9 FCPATH\index.php(55): CodeIgniter\CodeIgniter->run()
10 SYSTEMPATH\Commands\Server\rewrite.php(43): require_once('FCPATH\\index.php')
ERROR - 2022-07-29 00:24:00 --> Error connecting to the database: No connection could be made because the target machine actively refused it
CRITICAL - 2022-07-29 00:24:00 --> Unable to connect to the database.
Main connection [MySQLi]: No connection could be made because the target machine actively refused it
in SYSTEMPATH\Database\BaseConnection.php on line 416.
 1 SYSTEMPATH\Database\BaseConnection.php(586): CodeIgniter\Database\BaseConnection->initialize()
 2 SYSTEMPATH\Database\BaseBuilder.php(1585): CodeIgniter\Database\BaseConnection->query('SELECT *
FROM `tbl_users`
WHERE `email` = :email:
 LIMIT 1', [...], false)
 3 SYSTEMPATH\Model.php(249): CodeIgniter\Database\BaseBuilder->get()
 4 SYSTEMPATH\BaseModel.php(622): CodeIgniter\Model->doFirst()
 5 APPPATH\Validation\Userrules.php(12): CodeIgniter\BaseModel->first()
 6 SYSTEMPATH\Validation\Validation.php(306): App\Validation\Userrules->validateUser('alluser123', 'email,password', [...], null)
 7 SYSTEMPATH\Validation\Validation.php(173): CodeIgniter\Validation\Validation->processRules('password', 'password', 'alluser123', [...], [...])
 8 SYSTEMPATH\Controller.php(140): CodeIgniter\Validation\Validation->run()
 9 APPPATH\Controllers\UserController.php(80): CodeIgniter\Controller->validate([...], [...])
10 SYSTEMPATH\CodeIgniter.php(896): App\Controllers\UserController->login()
11 SYSTEMPATH\CodeIgniter.php(466): CodeIgniter\CodeIgniter->runController(Object(App\Controllers\UserController))
12 SYSTEMPATH\CodeIgniter.php(349): CodeIgniter\CodeIgniter->handleRequest(null, Object(Config\Cache), false)
13 FCPATH\index.php(55): CodeIgniter\CodeIgniter->run()
14 SYSTEMPATH\Commands\Server\rewrite.php(43): require_once('FCPATH\\index.php')
CRITICAL - 2022-07-29 00:24:16 --> Unclosed '[' on line 109 does not match '}'
in APPPATH\Controllers\User.php on line 112.
 1 SYSTEMPATH\Autoloader\Autoloader.php(261): CodeIgniter\Autoloader\Autoloader->includeFile('APPPATH\\Controllers\\User.php')
 2 SYSTEMPATH\Autoloader\Autoloader.php(239): CodeIgniter\Autoloader\Autoloader->loadInNamespace('App\\Controllers\\User')
 3 [internal function]: CodeIgniter\Autoloader\Autoloader->loadClass('App\\Controllers\\User')
 4 SYSTEMPATH\CodeIgniter.php(846): class_exists('\\App\\Controllers\\User', true)
 5 SYSTEMPATH\CodeIgniter.php(453): CodeIgniter\CodeIgniter->startController()
 6 SYSTEMPATH\CodeIgniter.php(349): CodeIgniter\CodeIgniter->handleRequest(null, Object(Config\Cache), false)
 7 FCPATH\index.php(55): CodeIgniter\CodeIgniter->run()
 8 SYSTEMPATH\Commands\Server\rewrite.php(43): require_once('FCPATH\\index.php')
CRITICAL - 2022-07-29 00:25:03 --> Undefined array key "id"
in APPPATH\Views\user\kuisbelajar.php on line 216.
 1 APPPATH\Views\user\kuisbelajar.php(216): CodeIgniter\Debug\Exceptions->errorHandler(2, 'Undefined array key "id"', 'APPPATH\\Views\\user\\kuisbelajar.php', 216)
 2 SYSTEMPATH\View\View.php(213): include('APPPATH\\Views\\user\\kuisbelajar.php')
 3 SYSTEMPATH\View\View.php(216): CodeIgniter\View\View->CodeIgniter\View\{closure}()
 4 SYSTEMPATH\Common.php(1135): CodeIgniter\View\View->render('user/kuisbelajar', [], true)
 5 APPPATH\Controllers\User.php(113): view('user/kuisbelajar', [...])
 6 SYSTEMPATH\CodeIgniter.php(896): App\Controllers\User->jawab()
 7 SYSTEMPATH\CodeIgniter.php(466): CodeIgniter\CodeIgniter->runController(Object(App\Controllers\User))
 8 SYSTEMPATH\CodeIgniter.php(349): CodeIgniter\CodeIgniter->handleRequest(null, Object(Config\Cache), false)
 9 FCPATH\index.php(55): CodeIgniter\CodeIgniter->run()
10 SYSTEMPATH\Commands\Server\rewrite.php(43): require_once('FCPATH\\index.php')
CRITICAL - 2022-07-29 00:31:56 --> Undefined variable $up
in APPPATH\Views\user\kuisbelajar.php on line 219.
 1 APPPATH\Views\user\kuisbelajar.php(219): CodeIgniter\Debug\Exceptions->errorHandler(2, 'Undefined variable $up', 'APPPATH\\Views\\user\\kuisbelajar.php', 219)
 2 SYSTEMPATH\View\View.php(213): include('APPPATH\\Views\\user\\kuisbelajar.php')
 3 SYSTEMPATH\View\View.php(216): CodeIgniter\View\View->CodeIgniter\View\{closure}()
 4 SYSTEMPATH\Common.php(1135): CodeIgniter\View\View->render('user/kuisbelajar', [], true)
 5 APPPATH\Controllers\User.php(113): view('user/kuisbelajar', [...])
 6 SYSTEMPATH\CodeIgniter.php(896): App\Controllers\User->jawab()
 7 SYSTEMPATH\CodeIgniter.php(466): CodeIgniter\CodeIgniter->runController(Object(App\Controllers\User))
 8 SYSTEMPATH\CodeIgniter.php(349): CodeIgniter\CodeIgniter->handleRequest(null, Object(Config\Cache), false)
 9 FCPATH\index.php(55): CodeIgniter\CodeIgniter->run()
10 SYSTEMPATH\Commands\Server\rewrite.php(43): require_once('FCPATH\\index.php')
CRITICAL - 2022-07-29 00:33:37 --> Cannot use object of type App\Models\Hasil as array
in APPPATH\Views\user\kuisbelajar.php on line 219.
 1 SYSTEMPATH\View\View.php(213): include()
 2 SYSTEMPATH\View\View.php(216): CodeIgniter\View\View->CodeIgniter\View\{closure}()
 3 SYSTEMPATH\Common.php(1135): CodeIgniter\View\View->render('user/kuisbelajar', [], true)
 4 APPPATH\Controllers\User.php(115): view('user/kuisbelajar', [...])
 5 SYSTEMPATH\CodeIgniter.php(896): App\Controllers\User->jawab()
 6 SYSTEMPATH\CodeIgniter.php(466): CodeIgniter\CodeIgniter->runController(Object(App\Controllers\User))
 7 SYSTEMPATH\CodeIgniter.php(349): CodeIgniter\CodeIgniter->handleRequest(null, Object(Config\Cache), false)
 8 FCPATH\index.php(55): CodeIgniter\CodeIgniter->run()
 9 SYSTEMPATH\Commands\Server\rewrite.php(43): require_once('FCPATH\\index.php')
CRITICAL - 2022-07-29 00:34:23 --> Call to undefined method App\Models\Hasil::getResult
in SYSTEMPATH\Model.php on line 773.
 1 APPPATH\Controllers\User.php(113): CodeIgniter\Model->__call('getResult', [])
 2 SYSTEMPATH\CodeIgniter.php(896): App\Controllers\User->jawab()
 3 SYSTEMPATH\CodeIgniter.php(466): CodeIgniter\CodeIgniter->runController(Object(App\Controllers\User))
 4 SYSTEMPATH\CodeIgniter.php(349): CodeIgniter\CodeIgniter->handleRequest(null, Object(Config\Cache), false)
 5 FCPATH\index.php(55): CodeIgniter\CodeIgniter->run()
 6 SYSTEMPATH\Commands\Server\rewrite.php(43): require_once('FCPATH\\index.php')
CRITICAL - 2022-07-29 00:34:24 --> Call to undefined method App\Models\Hasil::getResult
in SYSTEMPATH\Model.php on line 773.
 1 APPPATH\Controllers\User.php(113): CodeIgniter\Model->__call('getResult', [])
 2 SYSTEMPATH\CodeIgniter.php(896): App\Controllers\User->jawab()
 3 SYSTEMPATH\CodeIgniter.php(466): CodeIgniter\CodeIgniter->runController(Object(App\Controllers\User))
 4 SYSTEMPATH\CodeIgniter.php(349): CodeIgniter\CodeIgniter->handleRequest(null, Object(Config\Cache), false)
 5 FCPATH\index.php(55): CodeIgniter\CodeIgniter->run()
 6 SYSTEMPATH\Commands\Server\rewrite.php(43): require_once('FCPATH\\index.php')
CRITICAL - 2022-07-29 00:34:36 --> Call to undefined method App\Models\Hasil::getResultArray
in SYSTEMPATH\Model.php on line 773.
 1 APPPATH\Controllers\User.php(113): CodeIgniter\Model->__call('getResultArray', [])
 2 SYSTEMPATH\CodeIgniter.php(896): App\Controllers\User->jawab()
 3 SYSTEMPATH\CodeIgniter.php(466): CodeIgniter\CodeIgniter->runController(Object(App\Controllers\User))
 4 SYSTEMPATH\CodeIgniter.php(349): CodeIgniter\CodeIgniter->handleRequest(null, Object(Config\Cache), false)
 5 FCPATH\index.php(55): CodeIgniter\CodeIgniter->run()
 6 SYSTEMPATH\Commands\Server\rewrite.php(43): require_once('FCPATH\\index.php')
CRITICAL - 2022-07-29 00:36:04 --> Trying to access array offset on value of type null
in APPPATH\Views\user\kuisbelajar.php on line 219.
 1 APPPATH\Views\user\kuisbelajar.php(219): CodeIgniter\Debug\Exceptions->errorHandler(2, 'Trying to access array offset on value of type null', 'APPPATH\\Views\\user\\kuisbelajar.php', 219)
 2 SYSTEMPATH\View\View.php(213): include('APPPATH\\Views\\user\\kuisbelajar.php')
 3 SYSTEMPATH\View\View.php(216): CodeIgniter\View\View->CodeIgniter\View\{closure}()
 4 SYSTEMPATH\Common.php(1135): CodeIgniter\View\View->render('user/kuisbelajar', [], true)
 5 APPPATH\Controllers\User.php(115): view('user/kuisbelajar', [...])
 6 SYSTEMPATH\CodeIgniter.php(896): App\Controllers\User->jawab()
 7 SYSTEMPATH\CodeIgniter.php(466): CodeIgniter\CodeIgniter->runController(Object(App\Controllers\User))
 8 SYSTEMPATH\CodeIgniter.php(349): CodeIgniter\CodeIgniter->handleRequest(null, Object(Config\Cache), false)
 9 FCPATH\index.php(55): CodeIgniter\CodeIgniter->run()
10 SYSTEMPATH\Commands\Server\rewrite.php(43): require_once('FCPATH\\index.php')
CRITICAL - 2022-07-29 00:37:03 --> Trying to access array offset on value of type null
in APPPATH\Views\user\kuisbelajar.php on line 219.
 1 APPPATH\Views\user\kuisbelajar.php(219): CodeIgniter\Debug\Exceptions->errorHandler(2, 'Trying to access array offset on value of type null', 'APPPATH\\Views\\user\\kuisbelajar.php', 219)
 2 SYSTEMPATH\View\View.php(213): include('APPPATH\\Views\\user\\kuisbelajar.php')
 3 SYSTEMPATH\View\View.php(216): CodeIgniter\View\View->CodeIgniter\View\{closure}()
 4 SYSTEMPATH\Common.php(1135): CodeIgniter\View\View->render('user/kuisbelajar', [], true)
 5 APPPATH\Controllers\User.php(115): view('user/kuisbelajar', [...])
 6 SYSTEMPATH\CodeIgniter.php(896): App\Controllers\User->jawab()
 7 SYSTEMPATH\CodeIgniter.php(466): CodeIgniter\CodeIgniter->runController(Object(App\Controllers\User))
 8 SYSTEMPATH\CodeIgniter.php(349): CodeIgniter\CodeIgniter->handleRequest(null, Object(Config\Cache), false)
 9 FCPATH\index.php(55): CodeIgniter\CodeIgniter->run()
10 SYSTEMPATH\Commands\Server\rewrite.php(43): require_once('FCPATH\\index.php')
CRITICAL - 2022-07-29 00:37:06 --> Trying to access array offset on value of type null
in APPPATH\Views\user\kuisbelajar.php on line 219.
 1 APPPATH\Views\user\kuisbelajar.php(219): CodeIgniter\Debug\Exceptions->errorHandler(2, 'Trying to access array offset on value of type null', 'APPPATH\\Views\\user\\kuisbelajar.php', 219)
 2 SYSTEMPATH\View\View.php(213): include('APPPATH\\Views\\user\\kuisbelajar.php')
 3 SYSTEMPATH\View\View.php(216): CodeIgniter\View\View->CodeIgniter\View\{closure}()
 4 SYSTEMPATH\Common.php(1135): CodeIgniter\View\View->render('user/kuisbelajar', [], true)
 5 APPPATH\Controllers\User.php(115): view('user/kuisbelajar', [...])
 6 SYSTEMPATH\CodeIgniter.php(896): App\Controllers\User->jawab()
 7 SYSTEMPATH\CodeIgniter.php(466): CodeIgniter\CodeIgniter->runController(Object(App\Controllers\User))
 8 SYSTEMPATH\CodeIgniter.php(349): CodeIgniter\CodeIgniter->handleRequest(null, Object(Config\Cache), false)
 9 FCPATH\index.php(55): CodeIgniter\CodeIgniter->run()
10 SYSTEMPATH\Commands\Server\rewrite.php(43): require_once('FCPATH\\index.php')
CRITICAL - 2022-07-29 01:59:51 --> Invalid file: user/bekerja.php
in SYSTEMPATH\Exceptions\FrameworkException.php on line 33.
 1 SYSTEMPATH\View\View.php(201): CodeIgniter\Exceptions\FrameworkException::forInvalidFile('user/bekerja.php')
 2 SYSTEMPATH\Common.php(1135): CodeIgniter\View\View->render('user/bekerja', [], true)
 3 APPPATH\Controllers\User.php(76): view('user/bekerja')
 4 SYSTEMPATH\CodeIgniter.php(896): App\Controllers\User->kuisBek()
 5 SYSTEMPATH\CodeIgniter.php(466): CodeIgniter\CodeIgniter->runController(Object(App\Controllers\User))
 6 SYSTEMPATH\CodeIgniter.php(349): CodeIgniter\CodeIgniter->handleRequest(null, Object(Config\Cache), false)
 7 FCPATH\index.php(55): CodeIgniter\CodeIgniter->run()
 8 SYSTEMPATH\Commands\Server\rewrite.php(43): require_once('FCPATH\\index.php')
ERROR - 2022-07-29 02:21:55 --> Cannot add or update a child row: a foreign key constraint fails (`universitas`.`Kuesioner_belajar`, CONSTRAINT `Kuesioner_belajar_ibfk_1` FOREIGN KEY (`id_hasil`) REFERENCES `hasil` (`id_hasil`))
CRITICAL - 2022-07-29 02:21:55 --> Cannot add or update a child row: a foreign key constraint fails (`universitas`.`Kuesioner_belajar`, CONSTRAINT `Kuesioner_belajar_ibfk_1` FOREIGN KEY (`id_hasil`) REFERENCES `hasil` (`id_hasil`))
in SYSTEMPATH\Database\MySQLi\Connection.php on line 292.
 1 SYSTEMPATH\Database\MySQLi\Connection.php(292): mysqli->query('INSERT INTO `Kuesioner_belajar` (`pertanyaan`) VALUES (\'Apakah Anda Ingin Melanjutkan Studi ?\')', 0)
 2 SYSTEMPATH\Database\BaseConnection.php(695): CodeIgniter\Database\MySQLi\Connection->execute('INSERT INTO `Kuesioner_belajar` (`pertanyaan`) VALUES (\'Apakah Anda Ingin Melanjutkan Studi ?\')')
 3 SYSTEMPATH\Database\BaseConnection.php(609): CodeIgniter\Database\BaseConnection->simpleQuery('INSERT INTO `Kuesioner_belajar` (`pertanyaan`) VALUES (\'Apakah Anda Ingin Melanjutkan Studi ?\')')
 4 SYSTEMPATH\Database\BaseBuilder.php(1904): CodeIgniter\Database\BaseConnection->query('INSERT INTO `Kuesioner_belajar` (`pertanyaan`) VALUES (:pertanyaan:)', [...], false)
 5 SYSTEMPATH\Model.php(278): CodeIgniter\Database\BaseBuilder->insert()
 6 SYSTEMPATH\BaseModel.php(738): CodeIgniter\Model->doInsert([...])
 7 SYSTEMPATH\Model.php(666): CodeIgniter\BaseModel->insert([...], false)
 8 SYSTEMPATH\BaseModel.php(658): CodeIgniter\Model->insert([...], false)
 9 APPPATH\Controllers\AdminController.php(63): CodeIgniter\BaseModel->save([...])
10 SYSTEMPATH\CodeIgniter.php(896): App\Controllers\AdminController->createBelajar()
11 SYSTEMPATH\CodeIgniter.php(466): CodeIgniter\CodeIgniter->runController(Object(App\Controllers\AdminController))
12 SYSTEMPATH\CodeIgniter.php(349): CodeIgniter\CodeIgniter->handleRequest(null, Object(Config\Cache), false)
13 FCPATH\index.php(55): CodeIgniter\CodeIgniter->run()
14 SYSTEMPATH\Commands\Server\rewrite.php(43): require_once('FCPATH\\index.php')
CRITICAL - 2022-07-29 02:25:45 --> Undefined array key "id"
in APPPATH\Views\admin\kuisbelajar.php on line 217.
 1 APPPATH\Views\admin\kuisbelajar.php(217): CodeIgniter\Debug\Exceptions->errorHandler(2, 'Undefined array key "id"', 'APPPATH\\Views\\admin\\kuisbelajar.php', 217)
 2 SYSTEMPATH\View\View.php(213): include('APPPATH\\Views\\admin\\kuisbelajar.php')
 3 SYSTEMPATH\View\View.php(216): CodeIgniter\View\View->CodeIgniter\View\{closure}()
 4 SYSTEMPATH\Common.php(1135): CodeIgniter\View\View->render('admin/kuisbelajar', [], true)
 5 APPPATH\Controllers\AdminController.php(78): view('admin/kuisbelajar', [...])
 6 SYSTEMPATH\CodeIgniter.php(896): App\Controllers\AdminController->ListBelajar()
 7 SYSTEMPATH\CodeIgniter.php(466): CodeIgniter\CodeIgniter->runController(Object(App\Controllers\AdminController))
 8 SYSTEMPATH\CodeIgniter.php(349): CodeIgniter\CodeIgniter->handleRequest(null, Object(Config\Cache), false)
 9 FCPATH\index.php(55): CodeIgniter\CodeIgniter->run()
10 SYSTEMPATH\Commands\Server\rewrite.php(43): require_once('FCPATH\\index.php')
CRITICAL - 2022-07-29 02:27:01 --> Undefined array key "id"
in APPPATH\Views\admin\kuisbelajar.php on line 217.
 1 APPPATH\Views\admin\kuisbelajar.php(217): CodeIgniter\Debug\Exceptions->errorHandler(2, 'Undefined array key "id"', 'APPPATH\\Views\\admin\\kuisbelajar.php', 217)
 2 SYSTEMPATH\View\View.php(213): include('APPPATH\\Views\\admin\\kuisbelajar.php')
 3 SYSTEMPATH\View\View.php(216): CodeIgniter\View\View->CodeIgniter\View\{closure}()
 4 SYSTEMPATH\Common.php(1135): CodeIgniter\View\View->render('admin/kuisbelajar', [], true)
 5 APPPATH\Controllers\AdminController.php(78): view('admin/kuisbelajar', [...])
 6 SYSTEMPATH\CodeIgniter.php(896): App\Controllers\AdminController->ListBelajar()
 7 SYSTEMPATH\CodeIgniter.php(466): CodeIgniter\CodeIgniter->runController(Object(App\Controllers\AdminController))
 8 SYSTEMPATH\CodeIgniter.php(349): CodeIgniter\CodeIgniter->handleRequest(null, Object(Config\Cache), false)
 9 FCPATH\index.php(55): CodeIgniter\CodeIgniter->run()
10 SYSTEMPATH\Commands\Server\rewrite.php(43): require_once('FCPATH\\index.php')
CRITICAL - 2022-07-29 02:33:20 --> Undefined array key "id"
in APPPATH\Views\admin\kuisbelajar.php on line 217.
 1 APPPATH\Views\admin\kuisbelajar.php(217): CodeIgniter\Debug\Exceptions->errorHandler(2, 'Undefined array key "id"', 'APPPATH\\Views\\admin\\kuisbelajar.php', 217)
 2 SYSTEMPATH\View\View.php(213): include('APPPATH\\Views\\admin\\kuisbelajar.php')
 3 SYSTEMPATH\View\View.php(216): CodeIgniter\View\View->CodeIgniter\View\{closure}()
 4 SYSTEMPATH\Common.php(1135): CodeIgniter\View\View->render('admin/kuisbelajar', [], true)
 5 APPPATH\Controllers\AdminController.php(78): view('admin/kuisbelajar', [...])
 6 SYSTEMPATH\CodeIgniter.php(896): App\Controllers\AdminController->ListBelajar()
 7 SYSTEMPATH\CodeIgniter.php(466): CodeIgniter\CodeIgniter->runController(Object(App\Controllers\AdminController))
 8 SYSTEMPATH\CodeIgniter.php(349): CodeIgniter\CodeIgniter->handleRequest(null, Object(Config\Cache), false)
 9 FCPATH\index.php(55): CodeIgniter\CodeIgniter->run()
10 SYSTEMPATH\Commands\Server\rewrite.php(43): require_once('FCPATH\\index.php')
CRITICAL - 2022-07-29 02:33:25 --> Undefined array key "id"
in APPPATH\Views\admin\kuisbelajar.php on line 217.
 1 APPPATH\Views\admin\kuisbelajar.php(217): CodeIgniter\Debug\Exceptions->errorHandler(2, 'Undefined array key "id"', 'APPPATH\\Views\\admin\\kuisbelajar.php', 217)
 2 SYSTEMPATH\View\View.php(213): include('APPPATH\\Views\\admin\\kuisbelajar.php')
 3 SYSTEMPATH\View\View.php(216): CodeIgniter\View\View->CodeIgniter\View\{closure}()
 4 SYSTEMPATH\Common.php(1135): CodeIgniter\View\View->render('admin/kuisbelajar', [], true)
 5 APPPATH\Controllers\AdminController.php(78): view('admin/kuisbelajar', [...])
 6 SYSTEMPATH\CodeIgniter.php(896): App\Controllers\AdminController->ListBelajar()
 7 SYSTEMPATH\CodeIgniter.php(466): CodeIgniter\CodeIgniter->runController(Object(App\Controllers\AdminController))
 8 SYSTEMPATH\CodeIgniter.php(349): CodeIgniter\CodeIgniter->handleRequest(null, Object(Config\Cache), false)
 9 FCPATH\index.php(55): CodeIgniter\CodeIgniter->run()
10 SYSTEMPATH\Commands\Server\rewrite.php(43): require_once('FCPATH\\index.php')
CRITICAL - 2022-07-29 02:41:32 --> Undefined variable $up
in APPPATH\Views\admin\editing.php on line 80.
 1 APPPATH\Views\admin\editing.php(80): CodeIgniter\Debug\Exceptions->errorHandler(2, 'Undefined variable $up', 'APPPATH\\Views\\admin\\editing.php', 80)
 2 SYSTEMPATH\View\View.php(213): include('APPPATH\\Views\\admin\\editing.php')
 3 SYSTEMPATH\View\View.php(216): CodeIgniter\View\View->CodeIgniter\View\{closure}()
 4 SYSTEMPATH\Common.php(1135): CodeIgniter\View\View->render('admin/editing', [], true)
 5 APPPATH\Controllers\AdminController.php(105): view('admin/editing', [...])
 6 SYSTEMPATH\CodeIgniter.php(896): App\Controllers\AdminController->edit('65')
 7 SYSTEMPATH\CodeIgniter.php(466): CodeIgniter\CodeIgniter->runController(Object(App\Controllers\AdminController))
 8 SYSTEMPATH\CodeIgniter.php(349): CodeIgniter\CodeIgniter->handleRequest(null, Object(Config\Cache), false)
 9 FCPATH\index.php(55): CodeIgniter\CodeIgniter->run()
10 SYSTEMPATH\Commands\Server\rewrite.php(43): require_once('FCPATH\\index.php')
CRITICAL - 2022-07-29 02:42:07 --> Undefined variable $up
in APPPATH\Views\admin\editing.php on line 80.
 1 APPPATH\Views\admin\editing.php(80): CodeIgniter\Debug\Exceptions->errorHandler(2, 'Undefined variable $up', 'APPPATH\\Views\\admin\\editing.php', 80)
 2 SYSTEMPATH\View\View.php(213): include('APPPATH\\Views\\admin\\editing.php')
 3 SYSTEMPATH\View\View.php(216): CodeIgniter\View\View->CodeIgniter\View\{closure}()
 4 SYSTEMPATH\Common.php(1135): CodeIgniter\View\View->render('admin/editing', [], true)
 5 APPPATH\Controllers\AdminController.php(105): view('admin/editing', [...])
 6 SYSTEMPATH\CodeIgniter.php(896): App\Controllers\AdminController->edit('65')
 7 SYSTEMPATH\CodeIgniter.php(466): CodeIgniter\CodeIgniter->runController(Object(App\Controllers\AdminController))
 8 SYSTEMPATH\CodeIgniter.php(349): CodeIgniter\CodeIgniter->handleRequest(null, Object(Config\Cache), false)
 9 FCPATH\index.php(55): CodeIgniter\CodeIgniter->run()
10 SYSTEMPATH\Commands\Server\rewrite.php(43): require_once('FCPATH\\index.php')
CRITICAL - 2022-07-29 02:42:09 --> Undefined variable $up
in APPPATH\Views\admin\editing.php on line 80.
 1 APPPATH\Views\admin\editing.php(80): CodeIgniter\Debug\Exceptions->errorHandler(2, 'Undefined variable $up', 'APPPATH\\Views\\admin\\editing.php', 80)
 2 SYSTEMPATH\View\View.php(213): include('APPPATH\\Views\\admin\\editing.php')
 3 SYSTEMPATH\View\View.php(216): CodeIgniter\View\View->CodeIgniter\View\{closure}()
 4 SYSTEMPATH\Common.php(1135): CodeIgniter\View\View->render('admin/editing', [], true)
 5 APPPATH\Controllers\AdminController.php(105): view('admin/editing', [...])
 6 SYSTEMPATH\CodeIgniter.php(896): App\Controllers\AdminController->edit('65')
 7 SYSTEMPATH\CodeIgniter.php(466): CodeIgniter\CodeIgniter->runController(Object(App\Controllers\AdminController))
 8 SYSTEMPATH\CodeIgniter.php(349): CodeIgniter\CodeIgniter->handleRequest(null, Object(Config\Cache), false)
 9 FCPATH\index.php(55): CodeIgniter\CodeIgniter->run()
10 SYSTEMPATH\Commands\Server\rewrite.php(43): require_once('FCPATH\\index.php')
ERROR - 2022-07-29 02:46:25 --> Unknown column 'id' in 'where clause'
CRITICAL - 2022-07-29 02:46:25 --> Unknown column 'id' in 'where clause'
in SYSTEMPATH\Database\MySQLi\Connection.php on line 292.
 1 SYSTEMPATH\Database\MySQLi\Connection.php(292): mysqli->query('DELETE FROM `Kuesioner_belajar`
WHERE `id` IN (\'66\')', 0)
 2 SYSTEMPATH\Database\BaseConnection.php(695): CodeIgniter\Database\MySQLi\Connection->execute('DELETE FROM `Kuesioner_belajar`
WHERE `id` IN (\'66\')')
 3 SYSTEMPATH\Database\BaseConnection.php(609): CodeIgniter\Database\BaseConnection->simpleQuery('DELETE FROM `Kuesioner_belajar`
WHERE `id` IN (\'66\')')
 4 SYSTEMPATH\Database\BaseBuilder.php(2358): CodeIgniter\Database\BaseConnection->query('DELETE FROM `Kuesioner_belajar`
WHERE `id` IN :id:', [...], false)
 5 SYSTEMPATH\Model.php(400): CodeIgniter\Database\BaseBuilder->delete()
 6 SYSTEMPATH\BaseModel.php(963): CodeIgniter\Model->doDelete([...], false)
 7 APPPATH\Controllers\AdminController.php(115): CodeIgniter\BaseModel->delete([...])
 8 SYSTEMPATH\CodeIgniter.php(896): App\Controllers\AdminController->delete('66')
 9 SYSTEMPATH\CodeIgniter.php(466): CodeIgniter\CodeIgniter->runController(Object(App\Controllers\AdminController))
10 SYSTEMPATH\CodeIgniter.php(349): CodeIgniter\CodeIgniter->handleRequest(null, Object(Config\Cache), false)
11 FCPATH\index.php(55): CodeIgniter\CodeIgniter->run()
12 SYSTEMPATH\Commands\Server\rewrite.php(43): require_once('FCPATH\\index.php')
ERROR - 2022-07-29 02:49:59 --> Unknown column 'Kuesioner_belajar.id' in 'where clause'
CRITICAL - 2022-07-29 02:49:59 --> Unknown column 'Kuesioner_belajar.id' in 'where clause'
in SYSTEMPATH\Database\MySQLi\Connection.php on line 292.
 1 SYSTEMPATH\Database\MySQLi\Connection.php(292): mysqli->query('UPDATE `Kuesioner_belajar` SET `pertanyaan` = \'Apakah anda ingin melanjutkan studi ?\'
WHERE `Kuesioner_belajar`.`id` IN (\'65\')', 0)
 2 SYSTEMPATH\Database\BaseConnection.php(695): CodeIgniter\Database\MySQLi\Connection->execute('UPDATE `Kuesioner_belajar` SET `pertanyaan` = \'Apakah anda ingin melanjutkan studi ?\'
WHERE `Kuesioner_belajar`.`id` IN (\'65\')')
 3 SYSTEMPATH\Database\BaseConnection.php(609): CodeIgniter\Database\BaseConnection->simpleQuery('UPDATE `Kuesioner_belajar` SET `pertanyaan` = \'Apakah anda ingin melanjutkan studi ?\'
WHERE `Kuesioner_belajar`.`id` IN (\'65\')')
 4 SYSTEMPATH\Database\BaseBuilder.php(2046): CodeIgniter\Database\BaseConnection->query('UPDATE `Kuesioner_belajar` SET `pertanyaan` = :pertanyaan:
WHERE `Kuesioner_belajar`.`id` IN :Kuesioner_belajar.id:', [...], false)
 5 SYSTEMPATH\Model.php(337): CodeIgniter\Database\BaseBuilder->update()
 6 SYSTEMPATH\BaseModel.php(865): CodeIgniter\Model->doUpdate([...], [...])
 7 SYSTEMPATH\Model.php(692): CodeIgniter\BaseModel->update([...], [...])
 8 SYSTEMPATH\BaseModel.php(656): CodeIgniter\Model->update('65', [...])
 9 APPPATH\Controllers\AdminController.php(89): CodeIgniter\BaseModel->save([...])
10 SYSTEMPATH\CodeIgniter.php(896): App\Controllers\AdminController->update('65')
11 SYSTEMPATH\CodeIgniter.php(466): CodeIgniter\CodeIgniter->runController(Object(App\Controllers\AdminController))
12 SYSTEMPATH\CodeIgniter.php(349): CodeIgniter\CodeIgniter->handleRequest(null, Object(Config\Cache), false)
13 FCPATH\index.php(55): CodeIgniter\CodeIgniter->run()
14 SYSTEMPATH\Commands\Server\rewrite.php(43): require_once('FCPATH\\index.php')
ERROR - 2022-07-29 02:51:25 --> Unknown column 'id' in 'where clause'
CRITICAL - 2022-07-29 02:51:25 --> Unknown column 'id' in 'where clause'
in SYSTEMPATH\Database\MySQLi\Connection.php on line 292.
 1 SYSTEMPATH\Database\MySQLi\Connection.php(292): mysqli->query('DELETE FROM `Kuesioner_belajar`
WHERE `id` IN (\'65\')', 0)
 2 SYSTEMPATH\Database\BaseConnection.php(695): CodeIgniter\Database\MySQLi\Connection->execute('DELETE FROM `Kuesioner_belajar`
WHERE `id` IN (\'65\')')
 3 SYSTEMPATH\Database\BaseConnection.php(609): CodeIgniter\Database\BaseConnection->simpleQuery('DELETE FROM `Kuesioner_belajar`
WHERE `id` IN (\'65\')')
 4 SYSTEMPATH\Database\BaseBuilder.php(2358): CodeIgniter\Database\BaseConnection->query('DELETE FROM `Kuesioner_belajar`
WHERE `id` IN :id:', [...], false)
 5 SYSTEMPATH\Model.php(400): CodeIgniter\Database\BaseBuilder->delete()
 6 SYSTEMPATH\BaseModel.php(963): CodeIgniter\Model->doDelete([...], false)
 7 APPPATH\Controllers\AdminController.php(116): CodeIgniter\BaseModel->delete([...])
 8 SYSTEMPATH\CodeIgniter.php(896): App\Controllers\AdminController->delete('65')
 9 SYSTEMPATH\CodeIgniter.php(466): CodeIgniter\CodeIgniter->runController(Object(App\Controllers\AdminController))
10 SYSTEMPATH\CodeIgniter.php(349): CodeIgniter\CodeIgniter->handleRequest(null, Object(Config\Cache), false)
11 FCPATH\index.php(55): CodeIgniter\CodeIgniter->run()
12 SYSTEMPATH\Commands\Server\rewrite.php(43): require_once('FCPATH\\index.php')
ERROR - 2022-07-29 02:52:44 --> Unknown column 'id' in 'where clause'
CRITICAL - 2022-07-29 02:52:44 --> Unknown column 'id' in 'where clause'
in SYSTEMPATH\Database\MySQLi\Connection.php on line 292.
 1 SYSTEMPATH\Database\MySQLi\Connection.php(292): mysqli->query('DELETE FROM `Kuesioner_belajar`
WHERE `id` IN (\'65\')', 0)
 2 SYSTEMPATH\Database\BaseConnection.php(695): CodeIgniter\Database\MySQLi\Connection->execute('DELETE FROM `Kuesioner_belajar`
WHERE `id` IN (\'65\')')
 3 SYSTEMPATH\Database\BaseConnection.php(609): CodeIgniter\Database\BaseConnection->simpleQuery('DELETE FROM `Kuesioner_belajar`
WHERE `id` IN (\'65\')')
 4 SYSTEMPATH\Database\BaseBuilder.php(2358): CodeIgniter\Database\BaseConnection->query('DELETE FROM `Kuesioner_belajar`
WHERE `id` IN :id:', [...], false)
 5 SYSTEMPATH\Model.php(400): CodeIgniter\Database\BaseBuilder->delete()
 6 SYSTEMPATH\BaseModel.php(963): CodeIgniter\Model->doDelete([...], false)
 7 APPPATH\Controllers\AdminController.php(116): CodeIgniter\BaseModel->delete([...])
 8 SYSTEMPATH\CodeIgniter.php(896): App\Controllers\AdminController->delete('65')
 9 SYSTEMPATH\CodeIgniter.php(466): CodeIgniter\CodeIgniter->runController(Object(App\Controllers\AdminController))
10 SYSTEMPATH\CodeIgniter.php(349): CodeIgniter\CodeIgniter->handleRequest(null, Object(Config\Cache), false)
11 FCPATH\index.php(55): CodeIgniter\CodeIgniter->run()
12 SYSTEMPATH\Commands\Server\rewrite.php(43): require_once('FCPATH\\index.php')
ERROR - 2022-07-29 02:55:38 --> Unknown column 'id' in 'where clause'
CRITICAL - 2022-07-29 02:55:38 --> Unknown column 'id' in 'where clause'
in SYSTEMPATH\Database\MySQLi\Connection.php on line 292.
 1 SYSTEMPATH\Database\MySQLi\Connection.php(292): mysqli->query('DELETE FROM `Kuesioner_belajar`
WHERE `id` IN (\'65\')', 0)
 2 SYSTEMPATH\Database\BaseConnection.php(695): CodeIgniter\Database\MySQLi\Connection->execute('DELETE FROM `Kuesioner_belajar`
WHERE `id` IN (\'65\')')
 3 SYSTEMPATH\Database\BaseConnection.php(609): CodeIgniter\Database\BaseConnection->simpleQuery('DELETE FROM `Kuesioner_belajar`
WHERE `id` IN (\'65\')')
 4 SYSTEMPATH\Database\BaseBuilder.php(2358): CodeIgniter\Database\BaseConnection->query('DELETE FROM `Kuesioner_belajar`
WHERE `id` IN :id:', [...], false)
 5 SYSTEMPATH\Model.php(400): CodeIgniter\Database\BaseBuilder->delete()
 6 SYSTEMPATH\BaseModel.php(963): CodeIgniter\Model->doDelete([...], false)
 7 APPPATH\Controllers\AdminController.php(119): CodeIgniter\BaseModel->delete([...])
 8 SYSTEMPATH\CodeIgniter.php(896): App\Controllers\AdminController->delete('65')
 9 SYSTEMPATH\CodeIgniter.php(466): CodeIgniter\CodeIgniter->runController(Object(App\Controllers\AdminController))
10 SYSTEMPATH\CodeIgniter.php(349): CodeIgniter\CodeIgniter->handleRequest(null, Object(Config\Cache), false)
11 FCPATH\index.php(55): CodeIgniter\CodeIgniter->run()
12 SYSTEMPATH\Commands\Server\rewrite.php(43): require_once('FCPATH\\index.php')
ERROR - 2022-07-29 02:55:39 --> Unknown column 'id' in 'where clause'
CRITICAL - 2022-07-29 02:55:39 --> Unknown column 'id' in 'where clause'
in SYSTEMPATH\Database\MySQLi\Connection.php on line 292.
 1 SYSTEMPATH\Database\MySQLi\Connection.php(292): mysqli->query('DELETE FROM `Kuesioner_belajar`
WHERE `id` IN (\'65\')', 0)
 2 SYSTEMPATH\Database\BaseConnection.php(695): CodeIgniter\Database\MySQLi\Connection->execute('DELETE FROM `Kuesioner_belajar`
WHERE `id` IN (\'65\')')
 3 SYSTEMPATH\Database\BaseConnection.php(609): CodeIgniter\Database\BaseConnection->simpleQuery('DELETE FROM `Kuesioner_belajar`
WHERE `id` IN (\'65\')')
 4 SYSTEMPATH\Database\BaseBuilder.php(2358): CodeIgniter\Database\BaseConnection->query('DELETE FROM `Kuesioner_belajar`
WHERE `id` IN :id:', [...], false)
 5 SYSTEMPATH\Model.php(400): CodeIgniter\Database\BaseBuilder->delete()
 6 SYSTEMPATH\BaseModel.php(963): CodeIgniter\Model->doDelete([...], false)
 7 APPPATH\Controllers\AdminController.php(119): CodeIgniter\BaseModel->delete([...])
 8 SYSTEMPATH\CodeIgniter.php(896): App\Controllers\AdminController->delete('65')
 9 SYSTEMPATH\CodeIgniter.php(466): CodeIgniter\CodeIgniter->runController(Object(App\Controllers\AdminController))
10 SYSTEMPATH\CodeIgniter.php(349): CodeIgniter\CodeIgniter->handleRequest(null, Object(Config\Cache), false)
11 FCPATH\index.php(55): CodeIgniter\CodeIgniter->run()
12 SYSTEMPATH\Commands\Server\rewrite.php(43): require_once('FCPATH\\index.php')
CRITICAL - 2022-07-29 02:59:34 --> CodeIgniter\BaseModel::replace(): Argument #1 ($data) must be of type ?array, string given, called in C:\Users\Dekstop\Desktop\TUGAS --- AKHIR - Copy\GitHub\codeigniter-4\app\Controllers\AdminController.php on line 103
in SYSTEMPATH\BaseModel.php on line 1027.
 1 APPPATH\Controllers\AdminController.php(103): CodeIgniter\BaseModel->replace('73')
 2 SYSTEMPATH\CodeIgniter.php(896): App\Controllers\AdminController->edit('73')
 3 SYSTEMPATH\CodeIgniter.php(466): CodeIgniter\CodeIgniter->runController(Object(App\Controllers\AdminController))
 4 SYSTEMPATH\CodeIgniter.php(349): CodeIgniter\CodeIgniter->handleRequest(null, Object(Config\Cache), false)
 5 FCPATH\index.php(55): CodeIgniter\CodeIgniter->run()
 6 SYSTEMPATH\Commands\Server\rewrite.php(43): require_once('FCPATH\\index.php')
CRITICAL - 2022-07-29 03:00:06 --> There is no data to update.
in SYSTEMPATH\BaseModel.php on line 1576.
 1 SYSTEMPATH\BaseModel.php(1576): CodeIgniter\Database\Exceptions\DataException::forEmptyDataset('update')
 2 SYSTEMPATH\BaseModel.php(832): CodeIgniter\BaseModel->transformDataToArray(null, 'update')
 3 SYSTEMPATH\Model.php(692): CodeIgniter\BaseModel->update([...], null)
 4 APPPATH\Controllers\AdminController.php(103): CodeIgniter\Model->update('73')
 5 SYSTEMPATH\CodeIgniter.php(896): App\Controllers\AdminController->edit('73')
 6 SYSTEMPATH\CodeIgniter.php(466): CodeIgniter\CodeIgniter->runController(Object(App\Controllers\AdminController))
 7 SYSTEMPATH\CodeIgniter.php(349): CodeIgniter\CodeIgniter->handleRequest(null, Object(Config\Cache), false)
 8 FCPATH\index.php(55): CodeIgniter\CodeIgniter->run()
 9 SYSTEMPATH\Commands\Server\rewrite.php(43): require_once('FCPATH\\index.php')
CRITICAL - 2022-07-29 03:00:13 --> There is no data to update.
in SYSTEMPATH\BaseModel.php on line 1576.
 1 SYSTEMPATH\BaseModel.php(1576): CodeIgniter\Database\Exceptions\DataException::forEmptyDataset('update')
 2 SYSTEMPATH\BaseModel.php(832): CodeIgniter\BaseModel->transformDataToArray(null, 'update')
 3 SYSTEMPATH\Model.php(692): CodeIgniter\BaseModel->update([...], null)
 4 APPPATH\Controllers\AdminController.php(103): CodeIgniter\Model->update('73')
 5 SYSTEMPATH\CodeIgniter.php(896): App\Controllers\AdminController->edit('73')
 6 SYSTEMPATH\CodeIgniter.php(466): CodeIgniter\CodeIgniter->runController(Object(App\Controllers\AdminController))
 7 SYSTEMPATH\CodeIgniter.php(349): CodeIgniter\CodeIgniter->handleRequest(null, Object(Config\Cache), false)
 8 FCPATH\index.php(55): CodeIgniter\CodeIgniter->run()
 9 SYSTEMPATH\Commands\Server\rewrite.php(43): require_once('FCPATH\\index.php')
CRITICAL - 2022-07-29 03:00:39 --> There is no data to update.
in SYSTEMPATH\BaseModel.php on line 1576.
 1 SYSTEMPATH\BaseModel.php(1576): CodeIgniter\Database\Exceptions\DataException::forEmptyDataset('update')
 2 SYSTEMPATH\BaseModel.php(832): CodeIgniter\BaseModel->transformDataToArray(null, 'update')
 3 SYSTEMPATH\Model.php(692): CodeIgniter\BaseModel->update([...], null)
 4 APPPATH\Controllers\AdminController.php(104): CodeIgniter\Model->update('69')
 5 SYSTEMPATH\CodeIgniter.php(896): App\Controllers\AdminController->edit('69')
 6 SYSTEMPATH\CodeIgniter.php(466): CodeIgniter\CodeIgniter->runController(Object(App\Controllers\AdminController))
 7 SYSTEMPATH\CodeIgniter.php(349): CodeIgniter\CodeIgniter->handleRequest(null, Object(Config\Cache), false)
 8 FCPATH\index.php(55): CodeIgniter\CodeIgniter->run()
 9 SYSTEMPATH\Commands\Server\rewrite.php(43): require_once('FCPATH\\index.php')
CRITICAL - 2022-07-29 03:00:44 --> There is no data to update.
in SYSTEMPATH\BaseModel.php on line 1576.
 1 SYSTEMPATH\BaseModel.php(1576): CodeIgniter\Database\Exceptions\DataException::forEmptyDataset('update')
 2 SYSTEMPATH\BaseModel.php(832): CodeIgniter\BaseModel->transformDataToArray(null, 'update')
 3 SYSTEMPATH\Model.php(692): CodeIgniter\BaseModel->update([...], null)
 4 APPPATH\Controllers\AdminController.php(104): CodeIgniter\Model->update('67')
 5 SYSTEMPATH\CodeIgniter.php(896): App\Controllers\AdminController->edit('67')
 6 SYSTEMPATH\CodeIgniter.php(466): CodeIgniter\CodeIgniter->runController(Object(App\Controllers\AdminController))
 7 SYSTEMPATH\CodeIgniter.php(349): CodeIgniter\CodeIgniter->handleRequest(null, Object(Config\Cache), false)
 8 FCPATH\index.php(55): CodeIgniter\CodeIgniter->run()
 9 SYSTEMPATH\Commands\Server\rewrite.php(43): require_once('FCPATH\\index.php')
CRITICAL - 2022-07-29 03:04:47 --> There is no data to update.
in SYSTEMPATH\BaseModel.php on line 1576.
 1 SYSTEMPATH\BaseModel.php(1576): CodeIgniter\Database\Exceptions\DataException::forEmptyDataset('update')
 2 SYSTEMPATH\BaseModel.php(832): CodeIgniter\BaseModel->transformDataToArray(null, 'update')
 3 SYSTEMPATH\Model.php(692): CodeIgniter\BaseModel->update([...], null)
 4 APPPATH\Controllers\AdminController.php(89): CodeIgniter\Model->update([...])
 5 SYSTEMPATH\CodeIgniter.php(896): App\Controllers\AdminController->update('67')
 6 SYSTEMPATH\CodeIgniter.php(466): CodeIgniter\CodeIgniter->runController(Object(App\Controllers\AdminController))
 7 SYSTEMPATH\CodeIgniter.php(349): CodeIgniter\CodeIgniter->handleRequest(null, Object(Config\Cache), false)
 8 FCPATH\index.php(55): CodeIgniter\CodeIgniter->run()
 9 SYSTEMPATH\Commands\Server\rewrite.php(43): require_once('FCPATH\\index.php')
CRITICAL - 2022-07-29 03:08:15 --> There is no data to update.
in SYSTEMPATH\BaseModel.php on line 1576.
 1 SYSTEMPATH\BaseModel.php(1576): CodeIgniter\Database\Exceptions\DataException::forEmptyDataset('update')
 2 SYSTEMPATH\BaseModel.php(832): CodeIgniter\BaseModel->transformDataToArray(null, 'update')
 3 SYSTEMPATH\Model.php(692): CodeIgniter\BaseModel->update([...], null)
 4 APPPATH\Controllers\AdminController.php(89): CodeIgniter\Model->update([...])
 5 SYSTEMPATH\CodeIgniter.php(896): App\Controllers\AdminController->update('67')
 6 SYSTEMPATH\CodeIgniter.php(466): CodeIgniter\CodeIgniter->runController(Object(App\Controllers\AdminController))
 7 SYSTEMPATH\CodeIgniter.php(349): CodeIgniter\CodeIgniter->handleRequest(null, Object(Config\Cache), false)
 8 FCPATH\index.php(55): CodeIgniter\CodeIgniter->run()
 9 SYSTEMPATH\Commands\Server\rewrite.php(43): require_once('FCPATH\\index.php')
CRITICAL - 2022-07-29 03:08:19 --> There is no data to update.
in SYSTEMPATH\BaseModel.php on line 1576.
 1 SYSTEMPATH\BaseModel.php(1576): CodeIgniter\Database\Exceptions\DataException::forEmptyDataset('update')
 2 SYSTEMPATH\BaseModel.php(832): CodeIgniter\BaseModel->transformDataToArray(null, 'update')
 3 SYSTEMPATH\Model.php(692): CodeIgniter\BaseModel->update([...], null)
 4 APPPATH\Controllers\AdminController.php(89): CodeIgniter\Model->update([...])
 5 SYSTEMPATH\CodeIgniter.php(896): App\Controllers\AdminController->update('67')
 6 SYSTEMPATH\CodeIgniter.php(466): CodeIgniter\CodeIgniter->runController(Object(App\Controllers\AdminController))
 7 SYSTEMPATH\CodeIgniter.php(349): CodeIgniter\CodeIgniter->handleRequest(null, Object(Config\Cache), false)
 8 FCPATH\index.php(55): CodeIgniter\CodeIgniter->run()
 9 SYSTEMPATH\Commands\Server\rewrite.php(43): require_once('FCPATH\\index.php')
CRITICAL - 2022-07-29 03:08:46 --> There is no data to update.
in SYSTEMPATH\BaseModel.php on line 1576.
 1 SYSTEMPATH\BaseModel.php(1576): CodeIgniter\Database\Exceptions\DataException::forEmptyDataset('update')
 2 SYSTEMPATH\BaseModel.php(832): CodeIgniter\BaseModel->transformDataToArray(null, 'update')
 3 SYSTEMPATH\Model.php(692): CodeIgniter\BaseModel->update([...], null)
 4 APPPATH\Controllers\AdminController.php(89): CodeIgniter\Model->update([...])
 5 SYSTEMPATH\CodeIgniter.php(896): App\Controllers\AdminController->update('67')
 6 SYSTEMPATH\CodeIgniter.php(466): CodeIgniter\CodeIgniter->runController(Object(App\Controllers\AdminController))
 7 SYSTEMPATH\CodeIgniter.php(349): CodeIgniter\CodeIgniter->handleRequest(null, Object(Config\Cache), false)
 8 FCPATH\index.php(55): CodeIgniter\CodeIgniter->run()
 9 SYSTEMPATH\Commands\Server\rewrite.php(43): require_once('FCPATH\\index.php')
CRITICAL - 2022-07-29 03:10:58 --> There is no data to update.
in SYSTEMPATH\BaseModel.php on line 1576.
 1 SYSTEMPATH\BaseModel.php(1576): CodeIgniter\Database\Exceptions\DataException::forEmptyDataset('update')
 2 SYSTEMPATH\BaseModel.php(832): CodeIgniter\BaseModel->transformDataToArray(null, 'update')
 3 SYSTEMPATH\Model.php(692): CodeIgniter\BaseModel->update([...], null)
 4 APPPATH\Controllers\AdminController.php(89): CodeIgniter\Model->update([...])
 5 SYSTEMPATH\CodeIgniter.php(896): App\Controllers\AdminController->update('67')
 6 SYSTEMPATH\CodeIgniter.php(466): CodeIgniter\CodeIgniter->runController(Object(App\Controllers\AdminController))
 7 SYSTEMPATH\CodeIgniter.php(349): CodeIgniter\CodeIgniter->handleRequest(null, Object(Config\Cache), false)
 8 FCPATH\index.php(55): CodeIgniter\CodeIgniter->run()
 9 SYSTEMPATH\Commands\Server\rewrite.php(43): require_once('FCPATH\\index.php')
CRITICAL - 2022-07-29 03:12:39 --> There is no data to update.
in SYSTEMPATH\BaseModel.php on line 1576.
 1 SYSTEMPATH\BaseModel.php(1576): CodeIgniter\Database\Exceptions\DataException::forEmptyDataset('update')
 2 SYSTEMPATH\BaseModel.php(832): CodeIgniter\BaseModel->transformDataToArray(null, 'update')
 3 SYSTEMPATH\Model.php(692): CodeIgniter\BaseModel->update([...], null)
 4 APPPATH\Controllers\AdminController.php(89): CodeIgniter\Model->update([...])
 5 SYSTEMPATH\CodeIgniter.php(896): App\Controllers\AdminController->update('74')
 6 SYSTEMPATH\CodeIgniter.php(466): CodeIgniter\CodeIgniter->runController(Object(App\Controllers\AdminController))
 7 SYSTEMPATH\CodeIgniter.php(349): CodeIgniter\CodeIgniter->handleRequest(null, Object(Config\Cache), false)
 8 FCPATH\index.php(55): CodeIgniter\CodeIgniter->run()
 9 SYSTEMPATH\Commands\Server\rewrite.php(43): require_once('FCPATH\\index.php')
CRITICAL - 2022-07-29 03:12:45 --> There is no data to update.
in SYSTEMPATH\BaseModel.php on line 1576.
 1 SYSTEMPATH\BaseModel.php(1576): CodeIgniter\Database\Exceptions\DataException::forEmptyDataset('update')
 2 SYSTEMPATH\BaseModel.php(832): CodeIgniter\BaseModel->transformDataToArray(null, 'update')
 3 SYSTEMPATH\Model.php(692): CodeIgniter\BaseModel->update([...], null)
 4 APPPATH\Controllers\AdminController.php(89): CodeIgniter\Model->update([...])
 5 SYSTEMPATH\CodeIgniter.php(896): App\Controllers\AdminController->update('74')
 6 SYSTEMPATH\CodeIgniter.php(466): CodeIgniter\CodeIgniter->runController(Object(App\Controllers\AdminController))
 7 SYSTEMPATH\CodeIgniter.php(349): CodeIgniter\CodeIgniter->handleRequest(null, Object(Config\Cache), false)
 8 FCPATH\index.php(55): CodeIgniter\CodeIgniter->run()
 9 SYSTEMPATH\Commands\Server\rewrite.php(43): require_once('FCPATH\\index.php')
CRITICAL - 2022-07-29 03:16:50 --> There is no data to update.
in SYSTEMPATH\BaseModel.php on line 1576.
 1 SYSTEMPATH\BaseModel.php(1576): CodeIgniter\Database\Exceptions\DataException::forEmptyDataset('update')
 2 SYSTEMPATH\BaseModel.php(832): CodeIgniter\BaseModel->transformDataToArray(null, 'update')
 3 SYSTEMPATH\Model.php(692): CodeIgniter\BaseModel->update([...], null)
 4 APPPATH\Controllers\AdminController.php(89): CodeIgniter\Model->update([...])
 5 SYSTEMPATH\CodeIgniter.php(896): App\Controllers\AdminController->update('74')
 6 SYSTEMPATH\CodeIgniter.php(466): CodeIgniter\CodeIgniter->runController(Object(App\Controllers\AdminController))
 7 SYSTEMPATH\CodeIgniter.php(349): CodeIgniter\CodeIgniter->handleRequest(null, Object(Config\Cache), false)
 8 FCPATH\index.php(55): CodeIgniter\CodeIgniter->run()
 9 SYSTEMPATH\Commands\Server\rewrite.php(43): require_once('FCPATH\\index.php')
CRITICAL - 2022-07-29 03:21:08 --> There is no data to update.
in SYSTEMPATH\BaseModel.php on line 1576.
 1 SYSTEMPATH\BaseModel.php(1576): CodeIgniter\Database\Exceptions\DataException::forEmptyDataset('update')
 2 SYSTEMPATH\BaseModel.php(832): CodeIgniter\BaseModel->transformDataToArray(null, 'update')
 3 SYSTEMPATH\Model.php(692): CodeIgniter\BaseModel->update([...], null)
 4 APPPATH\Controllers\AdminController.php(89): CodeIgniter\Model->update([...])
 5 SYSTEMPATH\CodeIgniter.php(896): App\Controllers\AdminController->update('74')
 6 SYSTEMPATH\CodeIgniter.php(466): CodeIgniter\CodeIgniter->runController(Object(App\Controllers\AdminController))
 7 SYSTEMPATH\CodeIgniter.php(349): CodeIgniter\CodeIgniter->handleRequest(null, Object(Config\Cache), false)
 8 FCPATH\index.php(55): CodeIgniter\CodeIgniter->run()
 9 SYSTEMPATH\Commands\Server\rewrite.php(43): require_once('FCPATH\\index.php')
CRITICAL - 2022-07-29 03:24:42 --> There is no data to update.
in SYSTEMPATH\BaseModel.php on line 1576.
 1 SYSTEMPATH\BaseModel.php(1576): CodeIgniter\Database\Exceptions\DataException::forEmptyDataset('update')
 2 SYSTEMPATH\BaseModel.php(832): CodeIgniter\BaseModel->transformDataToArray(null, 'update')
 3 SYSTEMPATH\Model.php(692): CodeIgniter\BaseModel->update([...], null)
 4 APPPATH\Controllers\AdminController.php(89): CodeIgniter\Model->update([...])
 5 SYSTEMPATH\CodeIgniter.php(896): App\Controllers\AdminController->update('67')
 6 SYSTEMPATH\CodeIgniter.php(466): CodeIgniter\CodeIgniter->runController(Object(App\Controllers\AdminController))
 7 SYSTEMPATH\CodeIgniter.php(349): CodeIgniter\CodeIgniter->handleRequest(null, Object(Config\Cache), false)
 8 FCPATH\index.php(55): CodeIgniter\CodeIgniter->run()
 9 SYSTEMPATH\Commands\Server\rewrite.php(43): require_once('FCPATH\\index.php')
ERROR - 2022-07-29 03:29:09 --> Unknown column 'id' in 'where clause'
CRITICAL - 2022-07-29 03:29:09 --> Unknown column 'id' in 'where clause'
in SYSTEMPATH\Database\MySQLi\Connection.php on line 292.
 1 SYSTEMPATH\Database\MySQLi\Connection.php(292): mysqli->query('SELECT *
FROM `Kuesioner_belajar`
WHERE `id` = \'67\'
 LIMIT 1', 0)
 2 SYSTEMPATH\Database\BaseConnection.php(695): CodeIgniter\Database\MySQLi\Connection->execute('SELECT *
FROM `Kuesioner_belajar`
WHERE `id` = \'67\'
 LIMIT 1')
 3 SYSTEMPATH\Database\BaseConnection.php(609): CodeIgniter\Database\BaseConnection->simpleQuery('SELECT *
FROM `Kuesioner_belajar`
WHERE `id` = \'67\'
 LIMIT 1')
 4 SYSTEMPATH\Database\BaseBuilder.php(1585): CodeIgniter\Database\BaseConnection->query('SELECT *
FROM `Kuesioner_belajar`
WHERE `id` = :id:
 LIMIT 1', [...], false)
 5 SYSTEMPATH\Model.php(249): CodeIgniter\Database\BaseBuilder->get()
 6 SYSTEMPATH\BaseModel.php(622): CodeIgniter\Model->doFirst()
 7 APPPATH\Controllers\AdminController.php(100): CodeIgniter\BaseModel->first()
 8 SYSTEMPATH\CodeIgniter.php(896): App\Controllers\AdminController->edit('67')
 9 SYSTEMPATH\CodeIgniter.php(466): CodeIgniter\CodeIgniter->runController(Object(App\Controllers\AdminController))
10 SYSTEMPATH\CodeIgniter.php(349): CodeIgniter\CodeIgniter->handleRequest(null, Object(Config\Cache), false)
11 FCPATH\index.php(55): CodeIgniter\CodeIgniter->run()
12 SYSTEMPATH\Commands\Server\rewrite.php(43): require_once('FCPATH\\index.php')
ERROR - 2022-07-29 03:29:38 --> Unknown column 'id' in 'where clause'
CRITICAL - 2022-07-29 03:29:38 --> Unknown column 'id' in 'where clause'
in SYSTEMPATH\Database\MySQLi\Connection.php on line 292.
 1 SYSTEMPATH\Database\MySQLi\Connection.php(292): mysqli->query('SELECT *
FROM `Kuesioner_belajar`
WHERE `id` = \'67\'
 LIMIT 1', 0)
 2 SYSTEMPATH\Database\BaseConnection.php(695): CodeIgniter\Database\MySQLi\Connection->execute('SELECT *
FROM `Kuesioner_belajar`
WHERE `id` = \'67\'
 LIMIT 1')
 3 SYSTEMPATH\Database\BaseConnection.php(609): CodeIgniter\Database\BaseConnection->simpleQuery('SELECT *
FROM `Kuesioner_belajar`
WHERE `id` = \'67\'
 LIMIT 1')
 4 SYSTEMPATH\Database\BaseBuilder.php(1585): CodeIgniter\Database\BaseConnection->query('SELECT *
FROM `Kuesioner_belajar`
WHERE `id` = :id:
 LIMIT 1', [...], false)
 5 SYSTEMPATH\Model.php(249): CodeIgniter\Database\BaseBuilder->get()
 6 SYSTEMPATH\BaseModel.php(622): CodeIgniter\Model->doFirst()
 7 APPPATH\Controllers\AdminController.php(100): CodeIgniter\BaseModel->first()
 8 SYSTEMPATH\CodeIgniter.php(896): App\Controllers\AdminController->edit('67')
 9 SYSTEMPATH\CodeIgniter.php(466): CodeIgniter\CodeIgniter->runController(Object(App\Controllers\AdminController))
10 SYSTEMPATH\CodeIgniter.php(349): CodeIgniter\CodeIgniter->handleRequest(null, Object(Config\Cache), false)
11 FCPATH\index.php(55): CodeIgniter\CodeIgniter->run()
12 SYSTEMPATH\Commands\Server\rewrite.php(43): require_once('FCPATH\\index.php')
ERROR - 2022-07-29 03:30:01 --> Unknown column 'id' in 'where clause'
CRITICAL - 2022-07-29 03:30:01 --> Unknown column 'id' in 'where clause'
in SYSTEMPATH\Database\MySQLi\Connection.php on line 292.
 1 SYSTEMPATH\Database\MySQLi\Connection.php(292): mysqli->query('SELECT *
FROM `Kuesioner_belajar`
WHERE `id` = \'74\'
 LIMIT 1', 0)
 2 SYSTEMPATH\Database\BaseConnection.php(695): CodeIgniter\Database\MySQLi\Connection->execute('SELECT *
FROM `Kuesioner_belajar`
WHERE `id` = \'74\'
 LIMIT 1')
 3 SYSTEMPATH\Database\BaseConnection.php(609): CodeIgniter\Database\BaseConnection->simpleQuery('SELECT *
FROM `Kuesioner_belajar`
WHERE `id` = \'74\'
 LIMIT 1')
 4 SYSTEMPATH\Database\BaseBuilder.php(1585): CodeIgniter\Database\BaseConnection->query('SELECT *
FROM `Kuesioner_belajar`
WHERE `id` = :id:
 LIMIT 1', [...], false)
 5 SYSTEMPATH\Model.php(249): CodeIgniter\Database\BaseBuilder->get()
 6 SYSTEMPATH\BaseModel.php(622): CodeIgniter\Model->doFirst()
 7 APPPATH\Controllers\AdminController.php(100): CodeIgniter\BaseModel->first()
 8 SYSTEMPATH\CodeIgniter.php(896): App\Controllers\AdminController->edit('74')
 9 SYSTEMPATH\CodeIgniter.php(466): CodeIgniter\CodeIgniter->runController(Object(App\Controllers\AdminController))
10 SYSTEMPATH\CodeIgniter.php(349): CodeIgniter\CodeIgniter->handleRequest(null, Object(Config\Cache), false)
11 FCPATH\index.php(55): CodeIgniter\CodeIgniter->run()
12 SYSTEMPATH\Commands\Server\rewrite.php(43): require_once('FCPATH\\index.php')
CRITICAL - 2022-07-29 03:30:15 -->  route cannot be found while reverse-routing.
in SYSTEMPATH\HTTP\RedirectResponse.php on line 56.
 1 SYSTEMPATH\HTTP\RedirectResponse.php(56): CodeIgniter\HTTP\Exceptions\HTTPException::forInvalidRedirectRoute('ROOTPATH\\public')
 2 SYSTEMPATH\Common.php(863): CodeIgniter\HTTP\RedirectResponse->route(false)
 3 APPPATH\Controllers\AdminController.php(107): redirect('/admin /inputKuis')
 4 SYSTEMPATH\CodeIgniter.php(896): App\Controllers\AdminController->edit('74')
 5 SYSTEMPATH\CodeIgniter.php(466): CodeIgniter\CodeIgniter->runController(Object(App\Controllers\AdminController))
 6 SYSTEMPATH\CodeIgniter.php(349): CodeIgniter\CodeIgniter->handleRequest(null, Object(Config\Cache), false)
 7 FCPATH\index.php(55): CodeIgniter\CodeIgniter->run()
 8 SYSTEMPATH\Commands\Server\rewrite.php(43): require_once('FCPATH\\index.php')
CRITICAL - 2022-07-29 03:31:44 -->  route cannot be found while reverse-routing.
in SYSTEMPATH\HTTP\RedirectResponse.php on line 56.
 1 SYSTEMPATH\HTTP\RedirectResponse.php(56): CodeIgniter\HTTP\Exceptions\HTTPException::forInvalidRedirectRoute('ROOTPATH\\public')
 2 SYSTEMPATH\Common.php(863): CodeIgniter\HTTP\RedirectResponse->route(false)
 3 APPPATH\Controllers\AdminController.php(108): redirect('/admin /inputKuis')
 4 SYSTEMPATH\CodeIgniter.php(896): App\Controllers\AdminController->edit('74')
 5 SYSTEMPATH\CodeIgniter.php(466): CodeIgniter\CodeIgniter->runController(Object(App\Controllers\AdminController))
 6 SYSTEMPATH\CodeIgniter.php(349): CodeIgniter\CodeIgniter->handleRequest(null, Object(Config\Cache), false)
 7 FCPATH\index.php(55): CodeIgniter\CodeIgniter->run()
 8 SYSTEMPATH\Commands\Server\rewrite.php(43): require_once('FCPATH\\index.php')
CRITICAL - 2022-07-29 03:31:48 -->  route cannot be found while reverse-routing.
in SYSTEMPATH\HTTP\RedirectResponse.php on line 56.
 1 SYSTEMPATH\HTTP\RedirectResponse.php(56): CodeIgniter\HTTP\Exceptions\HTTPException::forInvalidRedirectRoute('ROOTPATH\\public')
 2 SYSTEMPATH\Common.php(863): CodeIgniter\HTTP\RedirectResponse->route(false)
 3 APPPATH\Controllers\AdminController.php(108): redirect('/admin /inputKuis')
 4 SYSTEMPATH\CodeIgniter.php(896): App\Controllers\AdminController->edit('74')
 5 SYSTEMPATH\CodeIgniter.php(466): CodeIgniter\CodeIgniter->runController(Object(App\Controllers\AdminController))
 6 SYSTEMPATH\CodeIgniter.php(349): CodeIgniter\CodeIgniter->handleRequest(null, Object(Config\Cache), false)
 7 FCPATH\index.php(55): CodeIgniter\CodeIgniter->run()
 8 SYSTEMPATH\Commands\Server\rewrite.php(43): require_once('FCPATH\\index.php')
CRITICAL - 2022-07-29 03:49:08 --> Too few arguments to function App\Controllers\AdminController::update(), 0 passed in C:\Users\Dekstop\Desktop\TUGAS --- AKHIR - Copy\GitHub\codeigniter-4\vendor\codeigniter4\framework\system\CodeIgniter.php on line 896 and exactly 1 expected
in APPPATH\Controllers\AdminController.php on line 81.
 1 SYSTEMPATH\CodeIgniter.php(896): App\Controllers\AdminController->update()
 2 SYSTEMPATH\CodeIgniter.php(466): CodeIgniter\CodeIgniter->runController(Object(App\Controllers\AdminController))
 3 SYSTEMPATH\CodeIgniter.php(349): CodeIgniter\CodeIgniter->handleRequest(null, Object(Config\Cache), false)
 4 FCPATH\index.php(55): CodeIgniter\CodeIgniter->run()
 5 SYSTEMPATH\Commands\Server\rewrite.php(43): require_once('FCPATH\\index.php')
CRITICAL - 2022-07-29 03:51:53 --> Too few arguments to function App\Models\KuisBelajarModel::getUbah(), 1 passed in C:\Users\Dekstop\Desktop\TUGAS --- AKHIR - Copy\GitHub\codeigniter-4\app\Controllers\AdminController.php on line 103 and exactly 2 expected
in APPPATH\Models\KuisBelajarModel.php on line 22.
 1 APPPATH\Controllers\AdminController.php(103): App\Models\KuisBelajarModel->getUbah('75')
 2 SYSTEMPATH\CodeIgniter.php(896): App\Controllers\AdminController->edit('75')
 3 SYSTEMPATH\CodeIgniter.php(466): CodeIgniter\CodeIgniter->runController(Object(App\Controllers\AdminController))
 4 SYSTEMPATH\CodeIgniter.php(349): CodeIgniter\CodeIgniter->handleRequest(null, Object(Config\Cache), false)
 5 FCPATH\index.php(55): CodeIgniter\CodeIgniter->run()
 6 SYSTEMPATH\Commands\Server\rewrite.php(43): require_once('FCPATH\\index.php')
CRITICAL - 2022-07-29 03:51:58 --> Too few arguments to function App\Models\KuisBelajarModel::getUbah(), 1 passed in C:\Users\Dekstop\Desktop\TUGAS --- AKHIR - Copy\GitHub\codeigniter-4\app\Controllers\AdminController.php on line 103 and exactly 2 expected
in APPPATH\Models\KuisBelajarModel.php on line 22.
 1 APPPATH\Controllers\AdminController.php(103): App\Models\KuisBelajarModel->getUbah('75')
 2 SYSTEMPATH\CodeIgniter.php(896): App\Controllers\AdminController->edit('75')
 3 SYSTEMPATH\CodeIgniter.php(466): CodeIgniter\CodeIgniter->runController(Object(App\Controllers\AdminController))
 4 SYSTEMPATH\CodeIgniter.php(349): CodeIgniter\CodeIgniter->handleRequest(null, Object(Config\Cache), false)
 5 FCPATH\index.php(55): CodeIgniter\CodeIgniter->run()
 6 SYSTEMPATH\Commands\Server\rewrite.php(43): require_once('FCPATH\\index.php')
ERROR - 2022-07-29 03:52:24 --> Unknown column 'id_barang' in 'where clause'
CRITICAL - 2022-07-29 03:52:24 --> Unknown column 'id_barang' in 'where clause'
in SYSTEMPATH\Database\MySQLi\Connection.php on line 292.
 1 SYSTEMPATH\Database\MySQLi\Connection.php(292): mysqli->query('UPDATE `Kuesioner_belajar` SET `pertanyaan` = \'asdasd\'
WHERE `id_barang` IS NULL', 0)
 2 SYSTEMPATH\Database\BaseConnection.php(695): CodeIgniter\Database\MySQLi\Connection->execute('UPDATE `Kuesioner_belajar` SET `pertanyaan` = \'asdasd\'
WHERE `id_barang` IS NULL')
 3 SYSTEMPATH\Database\BaseConnection.php(609): CodeIgniter\Database\BaseConnection->simpleQuery('UPDATE `Kuesioner_belajar` SET `pertanyaan` = \'asdasd\'
WHERE `id_barang` IS NULL')
 4 SYSTEMPATH\Database\BaseBuilder.php(2046): CodeIgniter\Database\BaseConnection->query('UPDATE `Kuesioner_belajar` SET `pertanyaan` = :pertanyaan:
WHERE `id_barang` IS NULL', [...], false)
 5 APPPATH\Models\KuisBelajarModel.php(34): CodeIgniter\Database\BaseBuilder->update([...])
 6 APPPATH\Controllers\AdminController.php(90): App\Models\KuisBelajarModel->editBarang([...], null)
 7 SYSTEMPATH\CodeIgniter.php(896): App\Controllers\AdminController->update(null)
 8 SYSTEMPATH\CodeIgniter.php(466): CodeIgniter\CodeIgniter->runController(Object(App\Controllers\AdminController))
 9 SYSTEMPATH\CodeIgniter.php(349): CodeIgniter\CodeIgniter->handleRequest(null, Object(Config\Cache), false)
10 FCPATH\index.php(55): CodeIgniter\CodeIgniter->run()
11 SYSTEMPATH\Commands\Server\rewrite.php(43): require_once('FCPATH\\index.php')
ERROR - 2022-07-29 03:59:19 --> Unknown column 'id_barang' in 'field list'
CRITICAL - 2022-07-29 03:59:19 --> Unknown column 'id_barang' in 'field list'
in SYSTEMPATH\Database\MySQLi\Connection.php on line 292.
 1 SYSTEMPATH\Database\MySQLi\Connection.php(292): mysqli->query('UPDATE `Kuesioner_belajar` SET `id_barang` = NULL, `pertanyaan` = \'849sdsc\'
WHERE `id_kuis_belajar` IS NULL', 0)
 2 SYSTEMPATH\Database\BaseConnection.php(695): CodeIgniter\Database\MySQLi\Connection->execute('UPDATE `Kuesioner_belajar` SET `id_barang` = NULL, `pertanyaan` = \'849sdsc\'
WHERE `id_kuis_belajar` IS NULL')
 3 SYSTEMPATH\Database\BaseConnection.php(609): CodeIgniter\Database\BaseConnection->simpleQuery('UPDATE `Kuesioner_belajar` SET `id_barang` = NULL, `pertanyaan` = \'849sdsc\'
WHERE `id_kuis_belajar` IS NULL')
 4 SYSTEMPATH\Database\BaseBuilder.php(2046): CodeIgniter\Database\BaseConnection->query('UPDATE `Kuesioner_belajar` SET `id_barang` = :id_barang:, `pertanyaan` = :pertanyaan:
WHERE `id_kuis_belajar` IS NULL', [...], false)
 5 APPPATH\Models\KuisBelajarModel.php(34): CodeIgniter\Database\BaseBuilder->update([...])
 6 APPPATH\Controllers\AdminController.php(91): App\Models\KuisBelajarModel->editBarang([...], null)
 7 SYSTEMPATH\CodeIgniter.php(896): App\Controllers\AdminController->update(null)
 8 SYSTEMPATH\CodeIgniter.php(466): CodeIgniter\CodeIgniter->runController(Object(App\Controllers\AdminController))
 9 SYSTEMPATH\CodeIgniter.php(349): CodeIgniter\CodeIgniter->handleRequest(null, Object(Config\Cache), false)
10 FCPATH\index.php(55): CodeIgniter\CodeIgniter->run()
11 SYSTEMPATH\Commands\Server\rewrite.php(43): require_once('FCPATH\\index.php')
CRITICAL - 2022-07-29 04:09:44 --> Undefined array key "jawaban"
in APPPATH\Views\user\kuisbelajar.php on line 219.
 1 APPPATH\Views\user\kuisbelajar.php(219): CodeIgniter\Debug\Exceptions->errorHandler(2, 'Undefined array key "jawaban"', 'APPPATH\\Views\\user\\kuisbelajar.php', 219)
 2 SYSTEMPATH\View\View.php(213): include('APPPATH\\Views\\user\\kuisbelajar.php')
 3 SYSTEMPATH\View\View.php(216): CodeIgniter\View\View->CodeIgniter\View\{closure}()
 4 SYSTEMPATH\Common.php(1135): CodeIgniter\View\View->render('user/kuisbelajar', [], true)
 5 APPPATH\Controllers\User.php(115): view('user/kuisbelajar', [...])
 6 SYSTEMPATH\CodeIgniter.php(896): App\Controllers\User->jawab()
 7 SYSTEMPATH\CodeIgniter.php(466): CodeIgniter\CodeIgniter->runController(Object(App\Controllers\User))
 8 SYSTEMPATH\CodeIgniter.php(349): CodeIgniter\CodeIgniter->handleRequest(null, Object(Config\Cache), false)
 9 FCPATH\index.php(55): CodeIgniter\CodeIgniter->run()
10 SYSTEMPATH\Commands\Server\rewrite.php(43): require_once('FCPATH\\index.php')
CRITICAL - 2022-07-29 04:16:26 --> Undefined array key "jawaban"
in APPPATH\Views\user\kuisbelajar.php on line 219.
 1 APPPATH\Views\user\kuisbelajar.php(219): CodeIgniter\Debug\Exceptions->errorHandler(2, 'Undefined array key "jawaban"', 'APPPATH\\Views\\user\\kuisbelajar.php', 219)
 2 SYSTEMPATH\View\View.php(213): include('APPPATH\\Views\\user\\kuisbelajar.php')
 3 SYSTEMPATH\View\View.php(216): CodeIgniter\View\View->CodeIgniter\View\{closure}()
 4 SYSTEMPATH\Common.php(1135): CodeIgniter\View\View->render('user/kuisbelajar', [], true)
 5 APPPATH\Controllers\User.php(105): view('user/kuisbelajar', [...])
 6 SYSTEMPATH\CodeIgniter.php(896): App\Controllers\User->jawab()
 7 SYSTEMPATH\CodeIgniter.php(466): CodeIgniter\CodeIgniter->runController(Object(App\Controllers\User))
 8 SYSTEMPATH\CodeIgniter.php(349): CodeIgniter\CodeIgniter->handleRequest(null, Object(Config\Cache), false)
 9 FCPATH\index.php(55): CodeIgniter\CodeIgniter->run()
10 SYSTEMPATH\Commands\Server\rewrite.php(43): require_once('FCPATH\\index.php')
CRITICAL - 2022-07-29 04:19:07 --> Undefined array key "jawaban"
in APPPATH\Views\user\kuisbelajar.php on line 219.
 1 APPPATH\Views\user\kuisbelajar.php(219): CodeIgniter\Debug\Exceptions->errorHandler(2, 'Undefined array key "jawaban"', 'APPPATH\\Views\\user\\kuisbelajar.php', 219)
 2 SYSTEMPATH\View\View.php(213): include('APPPATH\\Views\\user\\kuisbelajar.php')
 3 SYSTEMPATH\View\View.php(216): CodeIgniter\View\View->CodeIgniter\View\{closure}()
 4 SYSTEMPATH\Common.php(1135): CodeIgniter\View\View->render('user/kuisbelajar', [], true)
 5 APPPATH\Controllers\User.php(116): view('user/kuisbelajar', [...])
 6 SYSTEMPATH\CodeIgniter.php(896): App\Controllers\User->jawab()
 7 SYSTEMPATH\CodeIgniter.php(466): CodeIgniter\CodeIgniter->runController(Object(App\Controllers\User))
 8 SYSTEMPATH\CodeIgniter.php(349): CodeIgniter\CodeIgniter->handleRequest(null, Object(Config\Cache), false)
 9 FCPATH\index.php(55): CodeIgniter\CodeIgniter->run()
10 SYSTEMPATH\Commands\Server\rewrite.php(43): require_once('FCPATH\\index.php')
CRITICAL - 2022-07-29 04:19:08 --> Undefined array key "jawaban"
in APPPATH\Views\user\kuisbelajar.php on line 219.
 1 APPPATH\Views\user\kuisbelajar.php(219): CodeIgniter\Debug\Exceptions->errorHandler(2, 'Undefined array key "jawaban"', 'APPPATH\\Views\\user\\kuisbelajar.php', 219)
 2 SYSTEMPATH\View\View.php(213): include('APPPATH\\Views\\user\\kuisbelajar.php')
 3 SYSTEMPATH\View\View.php(216): CodeIgniter\View\View->CodeIgniter\View\{closure}()
 4 SYSTEMPATH\Common.php(1135): CodeIgniter\View\View->render('user/kuisbelajar', [], true)
 5 APPPATH\Controllers\User.php(116): view('user/kuisbelajar', [...])
 6 SYSTEMPATH\CodeIgniter.php(896): App\Controllers\User->jawab()
 7 SYSTEMPATH\CodeIgniter.php(466): CodeIgniter\CodeIgniter->runController(Object(App\Controllers\User))
 8 SYSTEMPATH\CodeIgniter.php(349): CodeIgniter\CodeIgniter->handleRequest(null, Object(Config\Cache), false)
 9 FCPATH\index.php(55): CodeIgniter\CodeIgniter->run()
10 SYSTEMPATH\Commands\Server\rewrite.php(43): require_once('FCPATH\\index.php')
CRITICAL - 2022-07-29 04:19:20 --> Undefined array key "jawaban"
in APPPATH\Views\user\kuisbelajar.php on line 219.
 1 APPPATH\Views\user\kuisbelajar.php(219): CodeIgniter\Debug\Exceptions->errorHandler(2, 'Undefined array key "jawaban"', 'APPPATH\\Views\\user\\kuisbelajar.php', 219)
 2 SYSTEMPATH\View\View.php(213): include('APPPATH\\Views\\user\\kuisbelajar.php')
 3 SYSTEMPATH\View\View.php(216): CodeIgniter\View\View->CodeIgniter\View\{closure}()
 4 SYSTEMPATH\Common.php(1135): CodeIgniter\View\View->render('user/kuisbelajar', [], true)
 5 APPPATH\Controllers\User.php(116): view('user/kuisbelajar', [...])
 6 SYSTEMPATH\CodeIgniter.php(896): App\Controllers\User->jawab()
 7 SYSTEMPATH\CodeIgniter.php(466): CodeIgniter\CodeIgniter->runController(Object(App\Controllers\User))
 8 SYSTEMPATH\CodeIgniter.php(349): CodeIgniter\CodeIgniter->handleRequest(null, Object(Config\Cache), false)
 9 FCPATH\index.php(55): CodeIgniter\CodeIgniter->run()
10 SYSTEMPATH\Commands\Server\rewrite.php(43): require_once('FCPATH\\index.php')
CRITICAL - 2022-07-29 04:19:20 --> Undefined array key "jawaban"
in APPPATH\Views\user\kuisbelajar.php on line 219.
 1 APPPATH\Views\user\kuisbelajar.php(219): CodeIgniter\Debug\Exceptions->errorHandler(2, 'Undefined array key "jawaban"', 'APPPATH\\Views\\user\\kuisbelajar.php', 219)
 2 SYSTEMPATH\View\View.php(213): include('APPPATH\\Views\\user\\kuisbelajar.php')
 3 SYSTEMPATH\View\View.php(216): CodeIgniter\View\View->CodeIgniter\View\{closure}()
 4 SYSTEMPATH\Common.php(1135): CodeIgniter\View\View->render('user/kuisbelajar', [], true)
 5 APPPATH\Controllers\User.php(116): view('user/kuisbelajar', [...])
 6 SYSTEMPATH\CodeIgniter.php(896): App\Controllers\User->jawab()
 7 SYSTEMPATH\CodeIgniter.php(466): CodeIgniter\CodeIgniter->runController(Object(App\Controllers\User))
 8 SYSTEMPATH\CodeIgniter.php(349): CodeIgniter\CodeIgniter->handleRequest(null, Object(Config\Cache), false)
 9 FCPATH\index.php(55): CodeIgniter\CodeIgniter->run()
10 SYSTEMPATH\Commands\Server\rewrite.php(43): require_once('FCPATH\\index.php')
CRITICAL - 2022-07-29 04:19:21 --> Undefined array key "jawaban"
in APPPATH\Views\user\kuisbelajar.php on line 219.
 1 APPPATH\Views\user\kuisbelajar.php(219): CodeIgniter\Debug\Exceptions->errorHandler(2, 'Undefined array key "jawaban"', 'APPPATH\\Views\\user\\kuisbelajar.php', 219)
 2 SYSTEMPATH\View\View.php(213): include('APPPATH\\Views\\user\\kuisbelajar.php')
 3 SYSTEMPATH\View\View.php(216): CodeIgniter\View\View->CodeIgniter\View\{closure}()
 4 SYSTEMPATH\Common.php(1135): CodeIgniter\View\View->render('user/kuisbelajar', [], true)
 5 APPPATH\Controllers\User.php(116): view('user/kuisbelajar', [...])
 6 SYSTEMPATH\CodeIgniter.php(896): App\Controllers\User->jawab()
 7 SYSTEMPATH\CodeIgniter.php(466): CodeIgniter\CodeIgniter->runController(Object(App\Controllers\User))
 8 SYSTEMPATH\CodeIgniter.php(349): CodeIgniter\CodeIgniter->handleRequest(null, Object(Config\Cache), false)
 9 FCPATH\index.php(55): CodeIgniter\CodeIgniter->run()
10 SYSTEMPATH\Commands\Server\rewrite.php(43): require_once('FCPATH\\index.php')
CRITICAL - 2022-07-29 04:20:56 --> Unclosed '{' on line 212
in APPPATH\Views\user\kuisbelajar.php on line 254.
 1 SYSTEMPATH\View\View.php(216): CodeIgniter\View\View->CodeIgniter\View\{closure}()
 2 SYSTEMPATH\Common.php(1135): CodeIgniter\View\View->render('user/kuisbelajar', [], true)
 3 APPPATH\Controllers\User.php(116): view('user/kuisbelajar', [...])
 4 SYSTEMPATH\CodeIgniter.php(896): App\Controllers\User->jawab()
 5 SYSTEMPATH\CodeIgniter.php(466): CodeIgniter\CodeIgniter->runController(Object(App\Controllers\User))
 6 SYSTEMPATH\CodeIgniter.php(349): CodeIgniter\CodeIgniter->handleRequest(null, Object(Config\Cache), false)
 7 FCPATH\index.php(55): CodeIgniter\CodeIgniter->run()
 8 SYSTEMPATH\Commands\Server\rewrite.php(43): require_once('FCPATH\\index.php')
CRITICAL - 2022-07-29 04:22:28 --> Call to a member function getResult() on array
in APPPATH\Views\user\kuisbelajar.php on line 219.
 1 SYSTEMPATH\View\View.php(213): include()
 2 SYSTEMPATH\View\View.php(216): CodeIgniter\View\View->CodeIgniter\View\{closure}()
 3 SYSTEMPATH\Common.php(1135): CodeIgniter\View\View->render('user/kuisbelajar', [], true)
 4 APPPATH\Controllers\User.php(116): view('user/kuisbelajar', [...])
 5 SYSTEMPATH\CodeIgniter.php(896): App\Controllers\User->jawab()
 6 SYSTEMPATH\CodeIgniter.php(466): CodeIgniter\CodeIgniter->runController(Object(App\Controllers\User))
 7 SYSTEMPATH\CodeIgniter.php(349): CodeIgniter\CodeIgniter->handleRequest(null, Object(Config\Cache), false)
 8 FCPATH\index.php(55): CodeIgniter\CodeIgniter->run()
 9 SYSTEMPATH\Commands\Server\rewrite.php(43): require_once('FCPATH\\index.php')
CRITICAL - 2022-07-29 04:23:12 --> Undefined variable $news_item
in APPPATH\Views\user\kuisbelajar.php on line 219.
 1 APPPATH\Views\user\kuisbelajar.php(219): CodeIgniter\Debug\Exceptions->errorHandler(2, 'Undefined variable $news_item', 'APPPATH\\Views\\user\\kuisbelajar.php', 219)
 2 SYSTEMPATH\View\View.php(213): include('APPPATH\\Views\\user\\kuisbelajar.php')
 3 SYSTEMPATH\View\View.php(216): CodeIgniter\View\View->CodeIgniter\View\{closure}()
 4 SYSTEMPATH\Common.php(1135): CodeIgniter\View\View->render('user/kuisbelajar', [], true)
 5 APPPATH\Controllers\User.php(116): view('user/kuisbelajar', [...])
 6 SYSTEMPATH\CodeIgniter.php(896): App\Controllers\User->jawab()
 7 SYSTEMPATH\CodeIgniter.php(466): CodeIgniter\CodeIgniter->runController(Object(App\Controllers\User))
 8 SYSTEMPATH\CodeIgniter.php(349): CodeIgniter\CodeIgniter->handleRequest(null, Object(Config\Cache), false)
 9 FCPATH\index.php(55): CodeIgniter\CodeIgniter->run()
10 SYSTEMPATH\Commands\Server\rewrite.php(43): require_once('FCPATH\\index.php')
CRITICAL - 2022-07-29 04:23:13 --> Undefined variable $news_item
in APPPATH\Views\user\kuisbelajar.php on line 219.
 1 APPPATH\Views\user\kuisbelajar.php(219): CodeIgniter\Debug\Exceptions->errorHandler(2, 'Undefined variable $news_item', 'APPPATH\\Views\\user\\kuisbelajar.php', 219)
 2 SYSTEMPATH\View\View.php(213): include('APPPATH\\Views\\user\\kuisbelajar.php')
 3 SYSTEMPATH\View\View.php(216): CodeIgniter\View\View->CodeIgniter\View\{closure}()
 4 SYSTEMPATH\Common.php(1135): CodeIgniter\View\View->render('user/kuisbelajar', [], true)
 5 APPPATH\Controllers\User.php(116): view('user/kuisbelajar', [...])
 6 SYSTEMPATH\CodeIgniter.php(896): App\Controllers\User->jawab()
 7 SYSTEMPATH\CodeIgniter.php(466): CodeIgniter\CodeIgniter->runController(Object(App\Controllers\User))
 8 SYSTEMPATH\CodeIgniter.php(349): CodeIgniter\CodeIgniter->handleRequest(null, Object(Config\Cache), false)
 9 FCPATH\index.php(55): CodeIgniter\CodeIgniter->run()
10 SYSTEMPATH\Commands\Server\rewrite.php(43): require_once('FCPATH\\index.php')
CRITICAL - 2022-07-29 04:23:33 --> Undefined variable $hasil
in APPPATH\Views\user\kuisbelajar.php on line 219.
 1 APPPATH\Views\user\kuisbelajar.php(219): CodeIgniter\Debug\Exceptions->errorHandler(2, 'Undefined variable $hasil', 'APPPATH\\Views\\user\\kuisbelajar.php', 219)
 2 SYSTEMPATH\View\View.php(213): include('APPPATH\\Views\\user\\kuisbelajar.php')
 3 SYSTEMPATH\View\View.php(216): CodeIgniter\View\View->CodeIgniter\View\{closure}()
 4 SYSTEMPATH\Common.php(1135): CodeIgniter\View\View->render('user/kuisbelajar', [], true)
 5 APPPATH\Controllers\User.php(116): view('user/kuisbelajar', [...])
 6 SYSTEMPATH\CodeIgniter.php(896): App\Controllers\User->jawab()
 7 SYSTEMPATH\CodeIgniter.php(466): CodeIgniter\CodeIgniter->runController(Object(App\Controllers\User))
 8 SYSTEMPATH\CodeIgniter.php(349): CodeIgniter\CodeIgniter->handleRequest(null, Object(Config\Cache), false)
 9 FCPATH\index.php(55): CodeIgniter\CodeIgniter->run()
10 SYSTEMPATH\Commands\Server\rewrite.php(43): require_once('FCPATH\\index.php')
CRITICAL - 2022-07-29 04:24:21 --> Undefined variable $hasil
in APPPATH\Views\user\kuisbelajar.php on line 219.
 1 APPPATH\Views\user\kuisbelajar.php(219): CodeIgniter\Debug\Exceptions->errorHandler(2, 'Undefined variable $hasil', 'APPPATH\\Views\\user\\kuisbelajar.php', 219)
 2 SYSTEMPATH\View\View.php(213): include('APPPATH\\Views\\user\\kuisbelajar.php')
 3 SYSTEMPATH\View\View.php(216): CodeIgniter\View\View->CodeIgniter\View\{closure}()
 4 SYSTEMPATH\Common.php(1135): CodeIgniter\View\View->render('user/kuisbelajar', [], true)
 5 APPPATH\Controllers\User.php(116): view('user/kuisbelajar', [...])
 6 SYSTEMPATH\CodeIgniter.php(896): App\Controllers\User->jawab()
 7 SYSTEMPATH\CodeIgniter.php(466): CodeIgniter\CodeIgniter->runController(Object(App\Controllers\User))
 8 SYSTEMPATH\CodeIgniter.php(349): CodeIgniter\CodeIgniter->handleRequest(null, Object(Config\Cache), false)
 9 FCPATH\index.php(55): CodeIgniter\CodeIgniter->run()
10 SYSTEMPATH\Commands\Server\rewrite.php(43): require_once('FCPATH\\index.php')
CRITICAL - 2022-07-29 04:24:22 --> Undefined variable $hasil
in APPPATH\Views\user\kuisbelajar.php on line 219.
 1 APPPATH\Views\user\kuisbelajar.php(219): CodeIgniter\Debug\Exceptions->errorHandler(2, 'Undefined variable $hasil', 'APPPATH\\Views\\user\\kuisbelajar.php', 219)
 2 SYSTEMPATH\View\View.php(213): include('APPPATH\\Views\\user\\kuisbelajar.php')
 3 SYSTEMPATH\View\View.php(216): CodeIgniter\View\View->CodeIgniter\View\{closure}()
 4 SYSTEMPATH\Common.php(1135): CodeIgniter\View\View->render('user/kuisbelajar', [], true)
 5 APPPATH\Controllers\User.php(116): view('user/kuisbelajar', [...])
 6 SYSTEMPATH\CodeIgniter.php(896): App\Controllers\User->jawab()
 7 SYSTEMPATH\CodeIgniter.php(466): CodeIgniter\CodeIgniter->runController(Object(App\Controllers\User))
 8 SYSTEMPATH\CodeIgniter.php(349): CodeIgniter\CodeIgniter->handleRequest(null, Object(Config\Cache), false)
 9 FCPATH\index.php(55): CodeIgniter\CodeIgniter->run()
10 SYSTEMPATH\Commands\Server\rewrite.php(43): require_once('FCPATH\\index.php')
CRITICAL - 2022-07-29 04:24:56 --> Undefined array key "jawaban"
in APPPATH\Views\user\kuisbelajar.php on line 219.
 1 APPPATH\Views\user\kuisbelajar.php(219): CodeIgniter\Debug\Exceptions->errorHandler(2, 'Undefined array key "jawaban"', 'APPPATH\\Views\\user\\kuisbelajar.php', 219)
 2 SYSTEMPATH\View\View.php(213): include('APPPATH\\Views\\user\\kuisbelajar.php')
 3 SYSTEMPATH\View\View.php(216): CodeIgniter\View\View->CodeIgniter\View\{closure}()
 4 SYSTEMPATH\Common.php(1135): CodeIgniter\View\View->render('user/kuisbelajar', [], true)
 5 APPPATH\Controllers\User.php(116): view('user/kuisbelajar', [...])
 6 SYSTEMPATH\CodeIgniter.php(896): App\Controllers\User->jawab()
 7 SYSTEMPATH\CodeIgniter.php(466): CodeIgniter\CodeIgniter->runController(Object(App\Controllers\User))
 8 SYSTEMPATH\CodeIgniter.php(349): CodeIgniter\CodeIgniter->handleRequest(null, Object(Config\Cache), false)
 9 FCPATH\index.php(55): CodeIgniter\CodeIgniter->run()
10 SYSTEMPATH\Commands\Server\rewrite.php(43): require_once('FCPATH\\index.php')
CRITICAL - 2022-07-29 04:25:53 --> Cannot access offset of type string on string
in APPPATH\Views\user\kuisbelajar.php on line 219.
 1 SYSTEMPATH\View\View.php(213): include()
 2 SYSTEMPATH\View\View.php(216): CodeIgniter\View\View->CodeIgniter\View\{closure}()
 3 SYSTEMPATH\Common.php(1135): CodeIgniter\View\View->render('user/kuisbelajar', [], true)
 4 APPPATH\Controllers\User.php(117): view('user/kuisbelajar', [...])
 5 SYSTEMPATH\CodeIgniter.php(896): App\Controllers\User->jawab()
 6 SYSTEMPATH\CodeIgniter.php(466): CodeIgniter\CodeIgniter->runController(Object(App\Controllers\User))
 7 SYSTEMPATH\CodeIgniter.php(349): CodeIgniter\CodeIgniter->handleRequest(null, Object(Config\Cache), false)
 8 FCPATH\index.php(55): CodeIgniter\CodeIgniter->run()
 9 SYSTEMPATH\Commands\Server\rewrite.php(43): require_once('FCPATH\\index.php')
CRITICAL - 2022-07-29 04:25:54 --> Cannot access offset of type string on string
in APPPATH\Views\user\kuisbelajar.php on line 219.
 1 SYSTEMPATH\View\View.php(213): include()
 2 SYSTEMPATH\View\View.php(216): CodeIgniter\View\View->CodeIgniter\View\{closure}()
 3 SYSTEMPATH\Common.php(1135): CodeIgniter\View\View->render('user/kuisbelajar', [], true)
 4 APPPATH\Controllers\User.php(117): view('user/kuisbelajar', [...])
 5 SYSTEMPATH\CodeIgniter.php(896): App\Controllers\User->jawab()
 6 SYSTEMPATH\CodeIgniter.php(466): CodeIgniter\CodeIgniter->runController(Object(App\Controllers\User))
 7 SYSTEMPATH\CodeIgniter.php(349): CodeIgniter\CodeIgniter->handleRequest(null, Object(Config\Cache), false)
 8 FCPATH\index.php(55): CodeIgniter\CodeIgniter->run()
 9 SYSTEMPATH\Commands\Server\rewrite.php(43): require_once('FCPATH\\index.php')
CRITICAL - 2022-07-29 04:26:14 --> Undefined array key "jawaban"
in APPPATH\Views\user\kuisbelajar.php on line 219.
 1 APPPATH\Views\user\kuisbelajar.php(219): CodeIgniter\Debug\Exceptions->errorHandler(2, 'Undefined array key "jawaban"', 'APPPATH\\Views\\user\\kuisbelajar.php', 219)
 2 SYSTEMPATH\View\View.php(213): include('APPPATH\\Views\\user\\kuisbelajar.php')
 3 SYSTEMPATH\View\View.php(216): CodeIgniter\View\View->CodeIgniter\View\{closure}()
 4 SYSTEMPATH\Common.php(1135): CodeIgniter\View\View->render('user/kuisbelajar', [], true)
 5 APPPATH\Controllers\User.php(117): view('user/kuisbelajar', [...])
 6 SYSTEMPATH\CodeIgniter.php(896): App\Controllers\User->jawab()
 7 SYSTEMPATH\CodeIgniter.php(466): CodeIgniter\CodeIgniter->runController(Object(App\Controllers\User))
 8 SYSTEMPATH\CodeIgniter.php(349): CodeIgniter\CodeIgniter->handleRequest(null, Object(Config\Cache), false)
 9 FCPATH\index.php(55): CodeIgniter\CodeIgniter->run()
10 SYSTEMPATH\Commands\Server\rewrite.php(43): require_once('FCPATH\\index.php')
CRITICAL - 2022-07-29 04:26:15 --> Undefined array key "jawaban"
in APPPATH\Views\user\kuisbelajar.php on line 219.
 1 APPPATH\Views\user\kuisbelajar.php(219): CodeIgniter\Debug\Exceptions->errorHandler(2, 'Undefined array key "jawaban"', 'APPPATH\\Views\\user\\kuisbelajar.php', 219)
 2 SYSTEMPATH\View\View.php(213): include('APPPATH\\Views\\user\\kuisbelajar.php')
 3 SYSTEMPATH\View\View.php(216): CodeIgniter\View\View->CodeIgniter\View\{closure}()
 4 SYSTEMPATH\Common.php(1135): CodeIgniter\View\View->render('user/kuisbelajar', [], true)
 5 APPPATH\Controllers\User.php(117): view('user/kuisbelajar', [...])
 6 SYSTEMPATH\CodeIgniter.php(896): App\Controllers\User->jawab()
 7 SYSTEMPATH\CodeIgniter.php(466): CodeIgniter\CodeIgniter->runController(Object(App\Controllers\User))
 8 SYSTEMPATH\CodeIgniter.php(349): CodeIgniter\CodeIgniter->handleRequest(null, Object(Config\Cache), false)
 9 FCPATH\index.php(55): CodeIgniter\CodeIgniter->run()
10 SYSTEMPATH\Commands\Server\rewrite.php(43): require_once('FCPATH\\index.php')
CRITICAL - 2022-07-29 04:26:15 --> Undefined array key "jawaban"
in APPPATH\Views\user\kuisbelajar.php on line 219.
 1 APPPATH\Views\user\kuisbelajar.php(219): CodeIgniter\Debug\Exceptions->errorHandler(2, 'Undefined array key "jawaban"', 'APPPATH\\Views\\user\\kuisbelajar.php', 219)
 2 SYSTEMPATH\View\View.php(213): include('APPPATH\\Views\\user\\kuisbelajar.php')
 3 SYSTEMPATH\View\View.php(216): CodeIgniter\View\View->CodeIgniter\View\{closure}()
 4 SYSTEMPATH\Common.php(1135): CodeIgniter\View\View->render('user/kuisbelajar', [], true)
 5 APPPATH\Controllers\User.php(117): view('user/kuisbelajar', [...])
 6 SYSTEMPATH\CodeIgniter.php(896): App\Controllers\User->jawab()
 7 SYSTEMPATH\CodeIgniter.php(466): CodeIgniter\CodeIgniter->runController(Object(App\Controllers\User))
 8 SYSTEMPATH\CodeIgniter.php(349): CodeIgniter\CodeIgniter->handleRequest(null, Object(Config\Cache), false)
 9 FCPATH\index.php(55): CodeIgniter\CodeIgniter->run()
10 SYSTEMPATH\Commands\Server\rewrite.php(43): require_once('FCPATH\\index.php')
CRITICAL - 2022-07-29 04:26:16 --> Undefined array key "jawaban"
in APPPATH\Views\user\kuisbelajar.php on line 219.
 1 APPPATH\Views\user\kuisbelajar.php(219): CodeIgniter\Debug\Exceptions->errorHandler(2, 'Undefined array key "jawaban"', 'APPPATH\\Views\\user\\kuisbelajar.php', 219)
 2 SYSTEMPATH\View\View.php(213): include('APPPATH\\Views\\user\\kuisbelajar.php')
 3 SYSTEMPATH\View\View.php(216): CodeIgniter\View\View->CodeIgniter\View\{closure}()
 4 SYSTEMPATH\Common.php(1135): CodeIgniter\View\View->render('user/kuisbelajar', [], true)
 5 APPPATH\Controllers\User.php(117): view('user/kuisbelajar', [...])
 6 SYSTEMPATH\CodeIgniter.php(896): App\Controllers\User->jawab()
 7 SYSTEMPATH\CodeIgniter.php(466): CodeIgniter\CodeIgniter->runController(Object(App\Controllers\User))
 8 SYSTEMPATH\CodeIgniter.php(349): CodeIgniter\CodeIgniter->handleRequest(null, Object(Config\Cache), false)
 9 FCPATH\index.php(55): CodeIgniter\CodeIgniter->run()
10 SYSTEMPATH\Commands\Server\rewrite.php(43): require_once('FCPATH\\index.php')
CRITICAL - 2022-07-29 04:27:36 --> Cannot access offset of type string on string
in APPPATH\Views\user\kuisbelajar.php on line 219.
 1 SYSTEMPATH\View\View.php(213): include()
 2 SYSTEMPATH\View\View.php(216): CodeIgniter\View\View->CodeIgniter\View\{closure}()
 3 SYSTEMPATH\Common.php(1135): CodeIgniter\View\View->render('user/kuisbelajar', [], true)
 4 APPPATH\Controllers\User.php(117): view('user/kuisbelajar', [...])
 5 SYSTEMPATH\CodeIgniter.php(896): App\Controllers\User->jawab()
 6 SYSTEMPATH\CodeIgniter.php(466): CodeIgniter\CodeIgniter->runController(Object(App\Controllers\User))
 7 SYSTEMPATH\CodeIgniter.php(349): CodeIgniter\CodeIgniter->handleRequest(null, Object(Config\Cache), false)
 8 FCPATH\index.php(55): CodeIgniter\CodeIgniter->run()
 9 SYSTEMPATH\Commands\Server\rewrite.php(43): require_once('FCPATH\\index.php')
CRITICAL - 2022-07-29 04:28:06 --> Undefined variable $jawaban
in APPPATH\Views\user\kuisbelajar.php on line 219.
 1 APPPATH\Views\user\kuisbelajar.php(219): CodeIgniter\Debug\Exceptions->errorHandler(2, 'Undefined variable $jawaban', 'APPPATH\\Views\\user\\kuisbelajar.php', 219)
 2 SYSTEMPATH\View\View.php(213): include('APPPATH\\Views\\user\\kuisbelajar.php')
 3 SYSTEMPATH\View\View.php(216): CodeIgniter\View\View->CodeIgniter\View\{closure}()
 4 SYSTEMPATH\Common.php(1135): CodeIgniter\View\View->render('user/kuisbelajar', [], true)
 5 APPPATH\Controllers\User.php(117): view('user/kuisbelajar', [...])
 6 SYSTEMPATH\CodeIgniter.php(896): App\Controllers\User->jawab()
 7 SYSTEMPATH\CodeIgniter.php(466): CodeIgniter\CodeIgniter->runController(Object(App\Controllers\User))
 8 SYSTEMPATH\CodeIgniter.php(349): CodeIgniter\CodeIgniter->handleRequest(null, Object(Config\Cache), false)
 9 FCPATH\index.php(55): CodeIgniter\CodeIgniter->run()
10 SYSTEMPATH\Commands\Server\rewrite.php(43): require_once('FCPATH\\index.php')
CRITICAL - 2022-07-29 04:28:23 --> Undefined variable $hasil
in APPPATH\Views\user\kuisbelajar.php on line 222.
 1 APPPATH\Views\user\kuisbelajar.php(222): CodeIgniter\Debug\Exceptions->errorHandler(2, 'Undefined variable $hasil', 'APPPATH\\Views\\user\\kuisbelajar.php', 222)
 2 SYSTEMPATH\View\View.php(213): include('APPPATH\\Views\\user\\kuisbelajar.php')
 3 SYSTEMPATH\View\View.php(216): CodeIgniter\View\View->CodeIgniter\View\{closure}()
 4 SYSTEMPATH\Common.php(1135): CodeIgniter\View\View->render('user/kuisbelajar', [], true)
 5 APPPATH\Controllers\User.php(117): view('user/kuisbelajar', [...])
 6 SYSTEMPATH\CodeIgniter.php(896): App\Controllers\User->jawab()
 7 SYSTEMPATH\CodeIgniter.php(466): CodeIgniter\CodeIgniter->runController(Object(App\Controllers\User))
 8 SYSTEMPATH\CodeIgniter.php(349): CodeIgniter\CodeIgniter->handleRequest(null, Object(Config\Cache), false)
 9 FCPATH\index.php(55): CodeIgniter\CodeIgniter->run()
10 SYSTEMPATH\Commands\Server\rewrite.php(43): require_once('FCPATH\\index.php')
