CRITICAL - 2022-07-30 05:31:29 --> Undefined variable $jawaban
in APPPATH\Views\user\kuisbelajar.php on line 207.
 1 APPPATH\Views\user\kuisbelajar.php(207): CodeIgniter\Debug\Exceptions->errorHandler(2, 'Undefined variable $jawaban', 'APPPATH\\Views\\user\\kuisbelajar.php', 207)
 2 SYSTEMPATH\View\View.php(213): include('APPPATH\\Views\\user\\kuisbelajar.php')
 3 SYSTEMPATH\View\View.php(216): CodeIgniter\View\View->CodeIgniter\View\{closure}()
 4 SYSTEMPATH\Common.php(1135): CodeIgniter\View\View->render('user/kuisbelajar', [], true)
 5 APPPATH\Controllers\User.php(117): view('user/kuisbelajar', [...])
 6 SYSTEMPATH\CodeIgniter.php(896): App\Controllers\User->jawab()
 7 SYSTEMPATH\CodeIgniter.php(466): CodeIgniter\CodeIgniter->runController(Object(App\Controllers\User))
 8 SYSTEMPATH\CodeIgniter.php(349): CodeIgniter\CodeIgniter->handleRequest(null, Object(Config\Cache), false)
 9 FCPATH\index.php(55): CodeIgniter\CodeIgniter->run()
10 SYSTEMPATH\Commands\Server\rewrite.php(43): require_once('FCPATH\\index.php')
CRITICAL - 2022-07-30 05:31:48 --> Cannot access offset of type string on string
in APPPATH\Views\user\kuisbelajar.php on line 207.
 1 SYSTEMPATH\View\View.php(213): include()
 2 SYSTEMPATH\View\View.php(216): CodeIgniter\View\View->CodeIgniter\View\{closure}()
 3 SYSTEMPATH\Common.php(1135): CodeIgniter\View\View->render('user/kuisbelajar', [], true)
 4 APPPATH\Controllers\User.php(117): view('user/kuisbelajar', [...])
 5 SYSTEMPATH\CodeIgniter.php(896): App\Controllers\User->jawab()
 6 SYSTEMPATH\CodeIgniter.php(466): CodeIgniter\CodeIgniter->runController(Object(App\Controllers\User))
 7 SYSTEMPATH\CodeIgniter.php(349): CodeIgniter\CodeIgniter->handleRequest(null, Object(Config\Cache), false)
 8 FCPATH\index.php(55): CodeIgniter\CodeIgniter->run()
 9 SYSTEMPATH\Commands\Server\rewrite.php(43): require_once('FCPATH\\index.php')
CRITICAL - 2022-07-30 05:31:49 --> Cannot access offset of type string on string
in APPPATH\Views\user\kuisbelajar.php on line 207.
 1 SYSTEMPATH\View\View.php(213): include()
 2 SYSTEMPATH\View\View.php(216): CodeIgniter\View\View->CodeIgniter\View\{closure}()
 3 SYSTEMPATH\Common.php(1135): CodeIgniter\View\View->render('user/kuisbelajar', [], true)
 4 APPPATH\Controllers\User.php(117): view('user/kuisbelajar', [...])
 5 SYSTEMPATH\CodeIgniter.php(896): App\Controllers\User->jawab()
 6 SYSTEMPATH\CodeIgniter.php(466): CodeIgniter\CodeIgniter->runController(Object(App\Controllers\User))
 7 SYSTEMPATH\CodeIgniter.php(349): CodeIgniter\CodeIgniter->handleRequest(null, Object(Config\Cache), false)
 8 FCPATH\index.php(55): CodeIgniter\CodeIgniter->run()
 9 SYSTEMPATH\Commands\Server\rewrite.php(43): require_once('FCPATH\\index.php')
CRITICAL - 2022-07-30 05:32:12 --> Cannot access offset of type string on string
in APPPATH\Views\user\kuisbelajar.php on line 207.
 1 SYSTEMPATH\View\View.php(213): include()
 2 SYSTEMPATH\View\View.php(216): CodeIgniter\View\View->CodeIgniter\View\{closure}()
 3 SYSTEMPATH\Common.php(1135): CodeIgniter\View\View->render('user/kuisbelajar', [], true)
 4 APPPATH\Controllers\User.php(117): view('user/kuisbelajar', [...])
 5 SYSTEMPATH\CodeIgniter.php(896): App\Controllers\User->jawab()
 6 SYSTEMPATH\CodeIgniter.php(466): CodeIgniter\CodeIgniter->runController(Object(App\Controllers\User))
 7 SYSTEMPATH\CodeIgniter.php(349): CodeIgniter\CodeIgniter->handleRequest(null, Object(Config\Cache), false)
 8 FCPATH\index.php(55): CodeIgniter\CodeIgniter->run()
 9 SYSTEMPATH\Commands\Server\rewrite.php(43): require_once('FCPATH\\index.php')
CRITICAL - 2022-07-30 05:32:13 --> Cannot access offset of type string on string
in APPPATH\Views\user\kuisbelajar.php on line 207.
 1 SYSTEMPATH\View\View.php(213): include()
 2 SYSTEMPATH\View\View.php(216): CodeIgniter\View\View->CodeIgniter\View\{closure}()
 3 SYSTEMPATH\Common.php(1135): CodeIgniter\View\View->render('user/kuisbelajar', [], true)
 4 APPPATH\Controllers\User.php(117): view('user/kuisbelajar', [...])
 5 SYSTEMPATH\CodeIgniter.php(896): App\Controllers\User->jawab()
 6 SYSTEMPATH\CodeIgniter.php(466): CodeIgniter\CodeIgniter->runController(Object(App\Controllers\User))
 7 SYSTEMPATH\CodeIgniter.php(349): CodeIgniter\CodeIgniter->handleRequest(null, Object(Config\Cache), false)
 8 FCPATH\index.php(55): CodeIgniter\CodeIgniter->run()
 9 SYSTEMPATH\Commands\Server\rewrite.php(43): require_once('FCPATH\\index.php')
CRITICAL - 2022-07-30 05:32:33 --> Cannot access offset of type string on string
in APPPATH\Views\user\kuisbelajar.php on line 207.
 1 SYSTEMPATH\View\View.php(213): include()
 2 SYSTEMPATH\View\View.php(216): CodeIgniter\View\View->CodeIgniter\View\{closure}()
 3 SYSTEMPATH\Common.php(1135): CodeIgniter\View\View->render('user/kuisbelajar', [], true)
 4 APPPATH\Controllers\User.php(117): view('user/kuisbelajar', [...])
 5 SYSTEMPATH\CodeIgniter.php(896): App\Controllers\User->jawab()
 6 SYSTEMPATH\CodeIgniter.php(466): CodeIgniter\CodeIgniter->runController(Object(App\Controllers\User))
 7 SYSTEMPATH\CodeIgniter.php(349): CodeIgniter\CodeIgniter->handleRequest(null, Object(Config\Cache), false)
 8 FCPATH\index.php(55): CodeIgniter\CodeIgniter->run()
 9 SYSTEMPATH\Commands\Server\rewrite.php(43): require_once('FCPATH\\index.php')
CRITICAL - 2022-07-30 05:32:34 --> Cannot access offset of type string on string
in APPPATH\Views\user\kuisbelajar.php on line 207.
 1 SYSTEMPATH\View\View.php(213): include()
 2 SYSTEMPATH\View\View.php(216): CodeIgniter\View\View->CodeIgniter\View\{closure}()
 3 SYSTEMPATH\Common.php(1135): CodeIgniter\View\View->render('user/kuisbelajar', [], true)
 4 APPPATH\Controllers\User.php(117): view('user/kuisbelajar', [...])
 5 SYSTEMPATH\CodeIgniter.php(896): App\Controllers\User->jawab()
 6 SYSTEMPATH\CodeIgniter.php(466): CodeIgniter\CodeIgniter->runController(Object(App\Controllers\User))
 7 SYSTEMPATH\CodeIgniter.php(349): CodeIgniter\CodeIgniter->handleRequest(null, Object(Config\Cache), false)
 8 FCPATH\index.php(55): CodeIgniter\CodeIgniter->run()
 9 SYSTEMPATH\Commands\Server\rewrite.php(43): require_once('FCPATH\\index.php')
CRITICAL - 2022-07-30 05:32:35 --> Cannot access offset of type string on string
in APPPATH\Views\user\kuisbelajar.php on line 207.
 1 SYSTEMPATH\View\View.php(213): include()
 2 SYSTEMPATH\View\View.php(216): CodeIgniter\View\View->CodeIgniter\View\{closure}()
 3 SYSTEMPATH\Common.php(1135): CodeIgniter\View\View->render('user/kuisbelajar', [], true)
 4 APPPATH\Controllers\User.php(117): view('user/kuisbelajar', [...])
 5 SYSTEMPATH\CodeIgniter.php(896): App\Controllers\User->jawab()
 6 SYSTEMPATH\CodeIgniter.php(466): CodeIgniter\CodeIgniter->runController(Object(App\Controllers\User))
 7 SYSTEMPATH\CodeIgniter.php(349): CodeIgniter\CodeIgniter->handleRequest(null, Object(Config\Cache), false)
 8 FCPATH\index.php(55): CodeIgniter\CodeIgniter->run()
 9 SYSTEMPATH\Commands\Server\rewrite.php(43): require_once('FCPATH\\index.php')
CRITICAL - 2022-07-30 05:32:35 --> Cannot access offset of type string on string
in APPPATH\Views\user\kuisbelajar.php on line 207.
 1 SYSTEMPATH\View\View.php(213): include()
 2 SYSTEMPATH\View\View.php(216): CodeIgniter\View\View->CodeIgniter\View\{closure}()
 3 SYSTEMPATH\Common.php(1135): CodeIgniter\View\View->render('user/kuisbelajar', [], true)
 4 APPPATH\Controllers\User.php(117): view('user/kuisbelajar', [...])
 5 SYSTEMPATH\CodeIgniter.php(896): App\Controllers\User->jawab()
 6 SYSTEMPATH\CodeIgniter.php(466): CodeIgniter\CodeIgniter->runController(Object(App\Controllers\User))
 7 SYSTEMPATH\CodeIgniter.php(349): CodeIgniter\CodeIgniter->handleRequest(null, Object(Config\Cache), false)
 8 FCPATH\index.php(55): CodeIgniter\CodeIgniter->run()
 9 SYSTEMPATH\Commands\Server\rewrite.php(43): require_once('FCPATH\\index.php')
