CRITICAL - 2022-07-27 02:51:48 --> Trying to access array offset on value of type null
in APPPATH\Controllers\User.php on line 32.
 1 APPPATH\Controllers\User.php(32): CodeIgniter\Debug\Exceptions->errorHandler(2, 'Trying to access array offset on value of type null', 'APPPATH\\Controllers\\User.php', 32)
 2 SYSTEMPATH\CodeIgniter.php(896): App\Controllers\User->insert()
 3 SYSTEMPATH\CodeIgniter.php(466): CodeIgniter\CodeIgniter->runController(Object(App\Controllers\User))
 4 SYSTEMPATH\CodeIgniter.php(349): CodeIgniter\CodeIgniter->handleRequest(null, Object(Config\Cache), false)
 5 FCPATH\index.php(55): CodeIgniter\CodeIgniter->run()
 6 SYSTEMPATH\Commands\Server\rewrite.php(43): require_once('FCPATH\\index.php')
CRITICAL - 2022-07-27 02:52:45 --> Trying to access array offset on value of type null
in APPPATH\Controllers\User.php on line 32.
 1 APPPATH\Controllers\User.php(32): CodeIgniter\Debug\Exceptions->errorHandler(2, 'Trying to access array offset on value of type null', 'APPPATH\\Controllers\\User.php', 32)
 2 SYSTEMPATH\CodeIgniter.php(896): App\Controllers\User->insert()
 3 SYSTEMPATH\CodeIgniter.php(466): CodeIgniter\CodeIgniter->runController(Object(App\Controllers\User))
 4 SYSTEMPATH\CodeIgniter.php(349): CodeIgniter\CodeIgniter->handleRequest(null, Object(Config\Cache), false)
 5 FCPATH\index.php(55): CodeIgniter\CodeIgniter->run()
 6 SYSTEMPATH\Commands\Server\rewrite.php(43): require_once('FCPATH\\index.php')
CRITICAL - 2022-07-27 02:56:34 --> Trying to access array offset on value of type null
in APPPATH\Controllers\User.php on line 32.
 1 APPPATH\Controllers\User.php(32): CodeIgniter\Debug\Exceptions->errorHandler(2, 'Trying to access array offset on value of type null', 'APPPATH\\Controllers\\User.php', 32)
 2 SYSTEMPATH\CodeIgniter.php(896): App\Controllers\User->insert()
 3 SYSTEMPATH\CodeIgniter.php(466): CodeIgniter\CodeIgniter->runController(Object(App\Controllers\User))
 4 SYSTEMPATH\CodeIgniter.php(349): CodeIgniter\CodeIgniter->handleRequest(null, Object(Config\Cache), false)
 5 FCPATH\index.php(55): CodeIgniter\CodeIgniter->run()
 6 SYSTEMPATH\Commands\Server\rewrite.php(43): require_once('FCPATH\\index.php')
CRITICAL - 2022-07-27 02:56:36 --> Trying to access array offset on value of type null
in APPPATH\Controllers\User.php on line 32.
 1 APPPATH\Controllers\User.php(32): CodeIgniter\Debug\Exceptions->errorHandler(2, 'Trying to access array offset on value of type null', 'APPPATH\\Controllers\\User.php', 32)
 2 SYSTEMPATH\CodeIgniter.php(896): App\Controllers\User->insert()
 3 SYSTEMPATH\CodeIgniter.php(466): CodeIgniter\CodeIgniter->runController(Object(App\Controllers\User))
 4 SYSTEMPATH\CodeIgniter.php(349): CodeIgniter\CodeIgniter->handleRequest(null, Object(Config\Cache), false)
 5 FCPATH\index.php(55): CodeIgniter\CodeIgniter->run()
 6 SYSTEMPATH\Commands\Server\rewrite.php(43): require_once('FCPATH\\index.php')
CRITICAL - 2022-07-27 02:56:36 --> Trying to access array offset on value of type null
in APPPATH\Controllers\User.php on line 32.
 1 APPPATH\Controllers\User.php(32): CodeIgniter\Debug\Exceptions->errorHandler(2, 'Trying to access array offset on value of type null', 'APPPATH\\Controllers\\User.php', 32)
 2 SYSTEMPATH\CodeIgniter.php(896): App\Controllers\User->insert()
 3 SYSTEMPATH\CodeIgniter.php(466): CodeIgniter\CodeIgniter->runController(Object(App\Controllers\User))
 4 SYSTEMPATH\CodeIgniter.php(349): CodeIgniter\CodeIgniter->handleRequest(null, Object(Config\Cache), false)
 5 FCPATH\index.php(55): CodeIgniter\CodeIgniter->run()
 6 SYSTEMPATH\Commands\Server\rewrite.php(43): require_once('FCPATH\\index.php')
CRITICAL - 2022-07-27 02:56:40 --> Trying to access array offset on value of type null
in APPPATH\Controllers\User.php on line 32.
 1 APPPATH\Controllers\User.php(32): CodeIgniter\Debug\Exceptions->errorHandler(2, 'Trying to access array offset on value of type null', 'APPPATH\\Controllers\\User.php', 32)
 2 SYSTEMPATH\CodeIgniter.php(896): App\Controllers\User->insert()
 3 SYSTEMPATH\CodeIgniter.php(466): CodeIgniter\CodeIgniter->runController(Object(App\Controllers\User))
 4 SYSTEMPATH\CodeIgniter.php(349): CodeIgniter\CodeIgniter->handleRequest(null, Object(Config\Cache), false)
 5 FCPATH\index.php(55): CodeIgniter\CodeIgniter->run()
 6 SYSTEMPATH\Commands\Server\rewrite.php(43): require_once('FCPATH\\index.php')
CRITICAL - 2022-07-27 02:56:41 --> Trying to access array offset on value of type null
in APPPATH\Controllers\User.php on line 32.
 1 APPPATH\Controllers\User.php(32): CodeIgniter\Debug\Exceptions->errorHandler(2, 'Trying to access array offset on value of type null', 'APPPATH\\Controllers\\User.php', 32)
 2 SYSTEMPATH\CodeIgniter.php(896): App\Controllers\User->insert()
 3 SYSTEMPATH\CodeIgniter.php(466): CodeIgniter\CodeIgniter->runController(Object(App\Controllers\User))
 4 SYSTEMPATH\CodeIgniter.php(349): CodeIgniter\CodeIgniter->handleRequest(null, Object(Config\Cache), false)
 5 FCPATH\index.php(55): CodeIgniter\CodeIgniter->run()
 6 SYSTEMPATH\Commands\Server\rewrite.php(43): require_once('FCPATH\\index.php')
CRITICAL - 2022-07-27 02:56:41 --> Trying to access array offset on value of type null
in APPPATH\Controllers\User.php on line 32.
 1 APPPATH\Controllers\User.php(32): CodeIgniter\Debug\Exceptions->errorHandler(2, 'Trying to access array offset on value of type null', 'APPPATH\\Controllers\\User.php', 32)
 2 SYSTEMPATH\CodeIgniter.php(896): App\Controllers\User->insert()
 3 SYSTEMPATH\CodeIgniter.php(466): CodeIgniter\CodeIgniter->runController(Object(App\Controllers\User))
 4 SYSTEMPATH\CodeIgniter.php(349): CodeIgniter\CodeIgniter->handleRequest(null, Object(Config\Cache), false)
 5 FCPATH\index.php(55): CodeIgniter\CodeIgniter->run()
 6 SYSTEMPATH\Commands\Server\rewrite.php(43): require_once('FCPATH\\index.php')
CRITICAL - 2022-07-27 02:57:57 --> Too few arguments to function App\Controllers\User::insert(), 0 passed in C:\Users\Dekstop\Desktop\TUGAS --- AKHIR - Copy\GitHub\codeigniter-4\vendor\codeigniter4\framework\system\CodeIgniter.php on line 896 and exactly 1 expected
in APPPATH\Controllers\User.php on line 27.
 1 SYSTEMPATH\CodeIgniter.php(896): App\Controllers\User->insert()
 2 SYSTEMPATH\CodeIgniter.php(466): CodeIgniter\CodeIgniter->runController(Object(App\Controllers\User))
 3 SYSTEMPATH\CodeIgniter.php(349): CodeIgniter\CodeIgniter->handleRequest(null, Object(Config\Cache), false)
 4 FCPATH\index.php(55): CodeIgniter\CodeIgniter->run()
 5 SYSTEMPATH\Commands\Server\rewrite.php(43): require_once('FCPATH\\index.php')
CRITICAL - 2022-07-27 05:30:35 --> Undefined variable $base_url
in APPPATH\Views\user\dashboard.php on line 12.
 1 APPPATH\Views\user\dashboard.php(12): CodeIgniter\Debug\Exceptions->errorHandler(2, 'Undefined variable $base_url', 'APPPATH\\Views\\user\\dashboard.php', 12)
 2 SYSTEMPATH\View\View.php(213): include('APPPATH\\Views\\user\\dashboard.php')
 3 SYSTEMPATH\View\View.php(216): CodeIgniter\View\View->CodeIgniter\View\{closure}()
 4 SYSTEMPATH\Common.php(1135): CodeIgniter\View\View->render('user/dashboard', [], true)
 5 APPPATH\Controllers\User.php(25): view('user/dashboard', [...])
 6 SYSTEMPATH\CodeIgniter.php(896): App\Controllers\User->index()
 7 SYSTEMPATH\CodeIgniter.php(466): CodeIgniter\CodeIgniter->runController(Object(App\Controllers\User))
 8 SYSTEMPATH\CodeIgniter.php(349): CodeIgniter\CodeIgniter->handleRequest(null, Object(Config\Cache), false)
 9 FCPATH\index.php(55): CodeIgniter\CodeIgniter->run()
10 SYSTEMPATH\Commands\Server\rewrite.php(43): require_once('FCPATH\\index.php')
CRITICAL - 2022-07-27 06:27:33 --> Too few arguments to function App\Controllers\User::wir(), 0 passed in C:\Users\Dekstop\Desktop\TUGAS --- AKHIR - Copy\GitHub\codeigniter-4\vendor\codeigniter4\framework\system\CodeIgniter.php on line 896 and exactly 1 expected
in APPPATH\Controllers\User.php on line 41.
 1 SYSTEMPATH\CodeIgniter.php(896): App\Controllers\User->wir()
 2 SYSTEMPATH\CodeIgniter.php(466): CodeIgniter\CodeIgniter->runController(Object(App\Controllers\User))
 3 SYSTEMPATH\CodeIgniter.php(349): CodeIgniter\CodeIgniter->handleRequest(null, Object(Config\Cache), false)
 4 FCPATH\index.php(55): CodeIgniter\CodeIgniter->run()
 5 SYSTEMPATH\Commands\Server\rewrite.php(43): require_once('FCPATH\\index.php')
CRITICAL - 2022-07-27 06:29:17 --> Undefined array key "status"
in APPPATH\Controllers\User.php on line 45.
 1 APPPATH\Controllers\User.php(45): CodeIgniter\Debug\Exceptions->errorHandler(2, 'Undefined array key "status"', 'APPPATH\\Controllers\\User.php', 45)
 2 SYSTEMPATH\CodeIgniter.php(896): App\Controllers\User->wir()
 3 SYSTEMPATH\CodeIgniter.php(466): CodeIgniter\CodeIgniter->runController(Object(App\Controllers\User))
 4 SYSTEMPATH\CodeIgniter.php(349): CodeIgniter\CodeIgniter->handleRequest(null, Object(Config\Cache), false)
 5 FCPATH\index.php(55): CodeIgniter\CodeIgniter->run()
 6 SYSTEMPATH\Commands\Server\rewrite.php(43): require_once('FCPATH\\index.php')
CRITICAL - 2022-07-27 06:39:45 --> syntax error, unexpected token ")"
in APPPATH\Controllers\User.php on line 51.
 1 SYSTEMPATH\Autoloader\Autoloader.php(261): CodeIgniter\Autoloader\Autoloader->includeFile('APPPATH\\Controllers\\User.php')
 2 SYSTEMPATH\Autoloader\Autoloader.php(239): CodeIgniter\Autoloader\Autoloader->loadInNamespace('App\\Controllers\\User')
 3 [internal function]: CodeIgniter\Autoloader\Autoloader->loadClass('App\\Controllers\\User')
 4 SYSTEMPATH\CodeIgniter.php(846): class_exists('\\App\\Controllers\\User', true)
 5 SYSTEMPATH\CodeIgniter.php(453): CodeIgniter\CodeIgniter->startController()
 6 SYSTEMPATH\CodeIgniter.php(349): CodeIgniter\CodeIgniter->handleRequest(null, Object(Config\Cache), false)
 7 FCPATH\index.php(55): CodeIgniter\CodeIgniter->run()
 8 SYSTEMPATH\Commands\Server\rewrite.php(43): require_once('FCPATH\\index.php')
CRITICAL - 2022-07-27 06:39:46 --> syntax error, unexpected token ")"
in APPPATH\Controllers\User.php on line 51.
 1 SYSTEMPATH\Autoloader\Autoloader.php(261): CodeIgniter\Autoloader\Autoloader->includeFile('APPPATH\\Controllers\\User.php')
 2 SYSTEMPATH\Autoloader\Autoloader.php(239): CodeIgniter\Autoloader\Autoloader->loadInNamespace('App\\Controllers\\User')
 3 [internal function]: CodeIgniter\Autoloader\Autoloader->loadClass('App\\Controllers\\User')
 4 SYSTEMPATH\CodeIgniter.php(846): class_exists('\\App\\Controllers\\User', true)
 5 SYSTEMPATH\CodeIgniter.php(453): CodeIgniter\CodeIgniter->startController()
 6 SYSTEMPATH\CodeIgniter.php(349): CodeIgniter\CodeIgniter->handleRequest(null, Object(Config\Cache), false)
 7 FCPATH\index.php(55): CodeIgniter\CodeIgniter->run()
 8 SYSTEMPATH\Commands\Server\rewrite.php(43): require_once('FCPATH\\index.php')
CRITICAL - 2022-07-27 06:39:48 --> syntax error, unexpected token ")"
in APPPATH\Controllers\User.php on line 51.
 1 SYSTEMPATH\Autoloader\Autoloader.php(261): CodeIgniter\Autoloader\Autoloader->includeFile('APPPATH\\Controllers\\User.php')
 2 SYSTEMPATH\Autoloader\Autoloader.php(239): CodeIgniter\Autoloader\Autoloader->loadInNamespace('App\\Controllers\\User')
 3 [internal function]: CodeIgniter\Autoloader\Autoloader->loadClass('App\\Controllers\\User')
 4 SYSTEMPATH\CodeIgniter.php(846): class_exists('\\App\\Controllers\\User', true)
 5 SYSTEMPATH\CodeIgniter.php(453): CodeIgniter\CodeIgniter->startController()
 6 SYSTEMPATH\CodeIgniter.php(349): CodeIgniter\CodeIgniter->handleRequest(null, Object(Config\Cache), false)
 7 FCPATH\index.php(55): CodeIgniter\CodeIgniter->run()
 8 SYSTEMPATH\Commands\Server\rewrite.php(43): require_once('FCPATH\\index.php')
CRITICAL - 2022-07-27 06:39:48 --> syntax error, unexpected token ")"
in APPPATH\Controllers\User.php on line 51.
 1 SYSTEMPATH\Autoloader\Autoloader.php(261): CodeIgniter\Autoloader\Autoloader->includeFile('APPPATH\\Controllers\\User.php')
 2 SYSTEMPATH\Autoloader\Autoloader.php(239): CodeIgniter\Autoloader\Autoloader->loadInNamespace('App\\Controllers\\User')
 3 [internal function]: CodeIgniter\Autoloader\Autoloader->loadClass('App\\Controllers\\User')
 4 SYSTEMPATH\CodeIgniter.php(846): class_exists('\\App\\Controllers\\User', true)
 5 SYSTEMPATH\CodeIgniter.php(453): CodeIgniter\CodeIgniter->startController()
 6 SYSTEMPATH\CodeIgniter.php(349): CodeIgniter\CodeIgniter->handleRequest(null, Object(Config\Cache), false)
 7 FCPATH\index.php(55): CodeIgniter\CodeIgniter->run()
 8 SYSTEMPATH\Commands\Server\rewrite.php(43): require_once('FCPATH\\index.php')
CRITICAL - 2022-07-27 06:57:17 --> Cannot use object of type stdClass as array
in APPPATH\Controllers\User.php on line 48.
 1 SYSTEMPATH\CodeIgniter.php(896): App\Controllers\User->wir()
 2 SYSTEMPATH\CodeIgniter.php(466): CodeIgniter\CodeIgniter->runController(Object(App\Controllers\User))
 3 SYSTEMPATH\CodeIgniter.php(349): CodeIgniter\CodeIgniter->handleRequest(null, Object(Config\Cache), false)
 4 FCPATH\index.php(55): CodeIgniter\CodeIgniter->run()
 5 SYSTEMPATH\Commands\Server\rewrite.php(43): require_once('FCPATH\\index.php')
CRITICAL - 2022-07-27 06:57:54 --> Cannot use object of type stdClass as array
in APPPATH\Controllers\User.php on line 48.
 1 SYSTEMPATH\CodeIgniter.php(896): App\Controllers\User->wir()
 2 SYSTEMPATH\CodeIgniter.php(466): CodeIgniter\CodeIgniter->runController(Object(App\Controllers\User))
 3 SYSTEMPATH\CodeIgniter.php(349): CodeIgniter\CodeIgniter->handleRequest(null, Object(Config\Cache), false)
 4 FCPATH\index.php(55): CodeIgniter\CodeIgniter->run()
 5 SYSTEMPATH\Commands\Server\rewrite.php(43): require_once('FCPATH\\index.php')
CRITICAL - 2022-07-27 06:58:40 --> Undefined array key "wirausaha"
in APPPATH\Controllers\User.php on line 48.
 1 APPPATH\Controllers\User.php(48): CodeIgniter\Debug\Exceptions->errorHandler(2, 'Undefined array key "wirausaha"', 'APPPATH\\Controllers\\User.php', 48)
 2 SYSTEMPATH\CodeIgniter.php(896): App\Controllers\User->wir()
 3 SYSTEMPATH\CodeIgniter.php(466): CodeIgniter\CodeIgniter->runController(Object(App\Controllers\User))
 4 SYSTEMPATH\CodeIgniter.php(349): CodeIgniter\CodeIgniter->handleRequest(null, Object(Config\Cache), false)
 5 FCPATH\index.php(55): CodeIgniter\CodeIgniter->run()
 6 SYSTEMPATH\Commands\Server\rewrite.php(43): require_once('FCPATH\\index.php')
CRITICAL - 2022-07-27 07:13:25 --> Undefined array key "status"
in APPPATH\Controllers\User.php on line 45.
 1 APPPATH\Controllers\User.php(45): CodeIgniter\Debug\Exceptions->errorHandler(2, 'Undefined array key "status"', 'APPPATH\\Controllers\\User.php', 45)
 2 SYSTEMPATH\CodeIgniter.php(896): App\Controllers\User->wir()
 3 SYSTEMPATH\CodeIgniter.php(466): CodeIgniter\CodeIgniter->runController(Object(App\Controllers\User))
 4 SYSTEMPATH\CodeIgniter.php(349): CodeIgniter\CodeIgniter->handleRequest(null, Object(Config\Cache), false)
 5 FCPATH\index.php(55): CodeIgniter\CodeIgniter->run()
 6 SYSTEMPATH\Commands\Server\rewrite.php(43): require_once('FCPATH\\index.php')
CRITICAL - 2022-07-27 07:14:12 --> Undefined variable $kueri
in APPPATH\Controllers\User.php on line 46.
 1 APPPATH\Controllers\User.php(46): CodeIgniter\Debug\Exceptions->errorHandler(2, 'Undefined variable $kueri', 'APPPATH\\Controllers\\User.php', 46)
 2 SYSTEMPATH\CodeIgniter.php(896): App\Controllers\User->wir()
 3 SYSTEMPATH\CodeIgniter.php(466): CodeIgniter\CodeIgniter->runController(Object(App\Controllers\User))
 4 SYSTEMPATH\CodeIgniter.php(349): CodeIgniter\CodeIgniter->handleRequest(null, Object(Config\Cache), false)
 5 FCPATH\index.php(55): CodeIgniter\CodeIgniter->run()
 6 SYSTEMPATH\Commands\Server\rewrite.php(43): require_once('FCPATH\\index.php')
CRITICAL - 2022-07-27 07:27:18 --> Call to a member function getRow() on array
in APPPATH\Controllers\User.php on line 44.
 1 SYSTEMPATH\CodeIgniter.php(896): App\Controllers\User->kategori()
 2 SYSTEMPATH\CodeIgniter.php(466): CodeIgniter\CodeIgniter->runController(Object(App\Controllers\User))
 3 SYSTEMPATH\CodeIgniter.php(349): CodeIgniter\CodeIgniter->handleRequest(null, Object(Config\Cache), false)
 4 FCPATH\index.php(55): CodeIgniter\CodeIgniter->run()
 5 SYSTEMPATH\Commands\Server\rewrite.php(43): require_once('FCPATH\\index.php')
CRITICAL - 2022-07-27 07:40:26 --> Undefined variable $query
in APPPATH\Controllers\User.php on line 48.
 1 APPPATH\Controllers\User.php(48): CodeIgniter\Debug\Exceptions->errorHandler(2, 'Undefined variable $query', 'APPPATH\\Controllers\\User.php', 48)
 2 SYSTEMPATH\CodeIgniter.php(896): App\Controllers\User->kategori()
 3 SYSTEMPATH\CodeIgniter.php(466): CodeIgniter\CodeIgniter->runController(Object(App\Controllers\User))
 4 SYSTEMPATH\CodeIgniter.php(349): CodeIgniter\CodeIgniter->handleRequest(null, Object(Config\Cache), false)
 5 FCPATH\index.php(55): CodeIgniter\CodeIgniter->run()
 6 SYSTEMPATH\Commands\Server\rewrite.php(43): require_once('FCPATH\\index.php')
CRITICAL - 2022-07-27 08:47:59 --> Trying to access array offset on value of type null
in APPPATH\Views\user\pertanyaan.php on line 22.
 1 APPPATH\Views\user\pertanyaan.php(22): CodeIgniter\Debug\Exceptions->errorHandler(2, 'Trying to access array offset on value of type null', 'APPPATH\\Views\\user\\pertanyaan.php', 22)
 2 SYSTEMPATH\View\View.php(213): include('APPPATH\\Views\\user\\pertanyaan.php')
 3 SYSTEMPATH\View\View.php(216): CodeIgniter\View\View->CodeIgniter\View\{closure}()
 4 SYSTEMPATH\Common.php(1135): CodeIgniter\View\View->render('user/pertanyaan', [], true)
 5 APPPATH\Controllers\User.php(34): view('user/pertanyaan', [...])
 6 SYSTEMPATH\CodeIgniter.php(896): App\Controllers\User->tampilPertanyaanBelajar()
 7 SYSTEMPATH\CodeIgniter.php(466): CodeIgniter\CodeIgniter->runController(Object(App\Controllers\User))
 8 SYSTEMPATH\CodeIgniter.php(349): CodeIgniter\CodeIgniter->handleRequest(null, Object(Config\Cache), false)
 9 FCPATH\index.php(55): CodeIgniter\CodeIgniter->run()
10 SYSTEMPATH\Commands\Server\rewrite.php(43): require_once('FCPATH\\index.php')
CRITICAL - 2022-07-27 08:50:57 --> Trying to access array offset on value of type null
in APPPATH\Views\user\pertanyaan.php on line 22.
 1 APPPATH\Views\user\pertanyaan.php(22): CodeIgniter\Debug\Exceptions->errorHandler(2, 'Trying to access array offset on value of type null', 'APPPATH\\Views\\user\\pertanyaan.php', 22)
 2 SYSTEMPATH\View\View.php(213): include('APPPATH\\Views\\user\\pertanyaan.php')
 3 SYSTEMPATH\View\View.php(216): CodeIgniter\View\View->CodeIgniter\View\{closure}()
 4 SYSTEMPATH\Common.php(1135): CodeIgniter\View\View->render('user/pertanyaan', [], true)
 5 APPPATH\Controllers\User.php(34): view('user/pertanyaan', [...])
 6 SYSTEMPATH\CodeIgniter.php(896): App\Controllers\User->tampilPertanyaanBelajar()
 7 SYSTEMPATH\CodeIgniter.php(466): CodeIgniter\CodeIgniter->runController(Object(App\Controllers\User))
 8 SYSTEMPATH\CodeIgniter.php(349): CodeIgniter\CodeIgniter->handleRequest(null, Object(Config\Cache), false)
 9 FCPATH\index.php(55): CodeIgniter\CodeIgniter->run()
10 SYSTEMPATH\Commands\Server\rewrite.php(43): require_once('FCPATH\\index.php')
CRITICAL - 2022-07-27 08:56:39 --> Trying to access array offset on value of type null
in APPPATH\Views\user\pertanyaan.php on line 22.
 1 APPPATH\Views\user\pertanyaan.php(22): CodeIgniter\Debug\Exceptions->errorHandler(2, 'Trying to access array offset on value of type null', 'APPPATH\\Views\\user\\pertanyaan.php', 22)
 2 SYSTEMPATH\View\View.php(213): include('APPPATH\\Views\\user\\pertanyaan.php')
 3 SYSTEMPATH\View\View.php(216): CodeIgniter\View\View->CodeIgniter\View\{closure}()
 4 SYSTEMPATH\Common.php(1135): CodeIgniter\View\View->render('user/pertanyaan', [], true)
 5 APPPATH\Controllers\User.php(34): view('user/pertanyaan', [...])
 6 SYSTEMPATH\CodeIgniter.php(896): App\Controllers\User->tampilPertanyaanBelajar()
 7 SYSTEMPATH\CodeIgniter.php(466): CodeIgniter\CodeIgniter->runController(Object(App\Controllers\User))
 8 SYSTEMPATH\CodeIgniter.php(349): CodeIgniter\CodeIgniter->handleRequest(null, Object(Config\Cache), false)
 9 FCPATH\index.php(55): CodeIgniter\CodeIgniter->run()
10 SYSTEMPATH\Commands\Server\rewrite.php(43): require_once('FCPATH\\index.php')
CRITICAL - 2022-07-27 08:58:37 --> Trying to access array offset on value of type null
in APPPATH\Views\user\pertanyaan.php on line 23.
 1 APPPATH\Views\user\pertanyaan.php(23): CodeIgniter\Debug\Exceptions->errorHandler(2, 'Trying to access array offset on value of type null', 'APPPATH\\Views\\user\\pertanyaan.php', 23)
 2 SYSTEMPATH\View\View.php(213): include('APPPATH\\Views\\user\\pertanyaan.php')
 3 SYSTEMPATH\View\View.php(216): CodeIgniter\View\View->CodeIgniter\View\{closure}()
 4 SYSTEMPATH\Common.php(1135): CodeIgniter\View\View->render('user/pertanyaan', [], true)
 5 APPPATH\Controllers\User.php(34): view('user/pertanyaan', [...])
 6 SYSTEMPATH\CodeIgniter.php(896): App\Controllers\User->tampilPertanyaanBelajar()
 7 SYSTEMPATH\CodeIgniter.php(466): CodeIgniter\CodeIgniter->runController(Object(App\Controllers\User))
 8 SYSTEMPATH\CodeIgniter.php(349): CodeIgniter\CodeIgniter->handleRequest(null, Object(Config\Cache), false)
 9 FCPATH\index.php(55): CodeIgniter\CodeIgniter->run()
10 SYSTEMPATH\Commands\Server\rewrite.php(43): require_once('FCPATH\\index.php')
CRITICAL - 2022-07-27 09:03:51 --> Undefined array key "avatar"
in APPPATH\Views\admin\dashboard.php on line 237.
 1 APPPATH\Views\admin\dashboard.php(237): CodeIgniter\Debug\Exceptions->errorHandler(2, 'Undefined array key "avatar"', 'APPPATH\\Views\\admin\\dashboard.php', 237)
 2 SYSTEMPATH\View\View.php(213): include('APPPATH\\Views\\admin\\dashboard.php')
 3 SYSTEMPATH\View\View.php(216): CodeIgniter\View\View->CodeIgniter\View\{closure}()
 4 SYSTEMPATH\Common.php(1135): CodeIgniter\View\View->render('admin/dashboard', [], true)
 5 APPPATH\Controllers\AdminController.php(30): view('admin/dashboard', [...])
 6 SYSTEMPATH\CodeIgniter.php(896): App\Controllers\AdminController->index()
 7 SYSTEMPATH\CodeIgniter.php(466): CodeIgniter\CodeIgniter->runController(Object(App\Controllers\AdminController))
 8 SYSTEMPATH\CodeIgniter.php(349): CodeIgniter\CodeIgniter->handleRequest(null, Object(Config\Cache), false)
 9 FCPATH\index.php(55): CodeIgniter\CodeIgniter->run()
10 SYSTEMPATH\Commands\Server\rewrite.php(43): require_once('FCPATH\\index.php')
CRITICAL - 2022-07-27 09:06:22 --> Call to undefined method CodeIgniter\Database\MySQLi\Result::first()
in APPPATH\Models\UserModel.php on line 52.
 1 APPPATH\Controllers\AdminController.php(39): App\Models\UserModel->getBiodata('Cbelajar')
 2 SYSTEMPATH\CodeIgniter.php(896): App\Controllers\AdminController->detail('Cbelajar')
 3 SYSTEMPATH\CodeIgniter.php(466): CodeIgniter\CodeIgniter->runController(Object(App\Controllers\AdminController))
 4 SYSTEMPATH\CodeIgniter.php(349): CodeIgniter\CodeIgniter->handleRequest(null, Object(Config\Cache), false)
 5 FCPATH\index.php(55): CodeIgniter\CodeIgniter->run()
 6 SYSTEMPATH\Commands\Server\rewrite.php(43): require_once('FCPATH\\index.php')
CRITICAL - 2022-07-27 09:08:25 --> Call to undefined method CodeIgniter\Database\MySQLi\Result::first()
in APPPATH\Models\UserModel.php on line 52.
 1 APPPATH\Controllers\AdminController.php(39): App\Models\UserModel->getBiodata('Cbelajar')
 2 SYSTEMPATH\CodeIgniter.php(896): App\Controllers\AdminController->detail('Cbelajar')
 3 SYSTEMPATH\CodeIgniter.php(466): CodeIgniter\CodeIgniter->runController(Object(App\Controllers\AdminController))
 4 SYSTEMPATH\CodeIgniter.php(349): CodeIgniter\CodeIgniter->handleRequest(null, Object(Config\Cache), false)
 5 FCPATH\index.php(55): CodeIgniter\CodeIgniter->run()
 6 SYSTEMPATH\Commands\Server\rewrite.php(43): require_once('FCPATH\\index.php')
CRITICAL - 2022-07-27 09:26:11 --> Call to undefined method CodeIgniter\Database\MySQLi\Result::first()
in APPPATH\Models\UserModel.php on line 52.
 1 APPPATH\Controllers\AdminController.php(39): App\Models\UserModel->getBiodata('Cbelajar')
 2 SYSTEMPATH\CodeIgniter.php(896): App\Controllers\AdminController->detail('Cbelajar')
 3 SYSTEMPATH\CodeIgniter.php(466): CodeIgniter\CodeIgniter->runController(Object(App\Controllers\AdminController))
 4 SYSTEMPATH\CodeIgniter.php(349): CodeIgniter\CodeIgniter->handleRequest(null, Object(Config\Cache), false)
 5 FCPATH\index.php(55): CodeIgniter\CodeIgniter->run()
 6 SYSTEMPATH\Commands\Server\rewrite.php(43): require_once('FCPATH\\index.php')
CRITICAL - 2022-07-27 09:40:22 --> Call to undefined method App\Models\UserModel::getBiodata
in SYSTEMPATH\Model.php on line 773.
 1 APPPATH\Controllers\AdminController.php(39): CodeIgniter\Model->__call('getBiodata', [...])
 2 SYSTEMPATH\CodeIgniter.php(896): App\Controllers\AdminController->detail('Cbelajar')
 3 SYSTEMPATH\CodeIgniter.php(466): CodeIgniter\CodeIgniter->runController(Object(App\Controllers\AdminController))
 4 SYSTEMPATH\CodeIgniter.php(349): CodeIgniter\CodeIgniter->handleRequest(null, Object(Config\Cache), false)
 5 FCPATH\index.php(55): CodeIgniter\CodeIgniter->run()
 6 SYSTEMPATH\Commands\Server\rewrite.php(43): require_once('FCPATH\\index.php')
CRITICAL - 2022-07-27 09:41:52 --> Call to undefined method CodeIgniter\Database\MySQLi\Result::first()
in APPPATH\Models\UserModel.php on line 52.
 1 APPPATH\Controllers\AdminController.php(39): App\Models\UserModel->getBiodata('Cbelajar')
 2 SYSTEMPATH\CodeIgniter.php(896): App\Controllers\AdminController->detail('Cbelajar')
 3 SYSTEMPATH\CodeIgniter.php(466): CodeIgniter\CodeIgniter->runController(Object(App\Controllers\AdminController))
 4 SYSTEMPATH\CodeIgniter.php(349): CodeIgniter\CodeIgniter->handleRequest(null, Object(Config\Cache), false)
 5 FCPATH\index.php(55): CodeIgniter\CodeIgniter->run()
 6 SYSTEMPATH\Commands\Server\rewrite.php(43): require_once('FCPATH\\index.php')
CRITICAL - 2022-07-27 09:42:24 --> Call to undefined method CodeIgniter\Database\MySQLi\Result::first()
in APPPATH\Models\UserModel.php on line 52.
 1 APPPATH\Controllers\AdminController.php(39): App\Models\UserModel->getBiodata('CBekerja')
 2 SYSTEMPATH\CodeIgniter.php(896): App\Controllers\AdminController->detail('CBekerja')
 3 SYSTEMPATH\CodeIgniter.php(466): CodeIgniter\CodeIgniter->runController(Object(App\Controllers\AdminController))
 4 SYSTEMPATH\CodeIgniter.php(349): CodeIgniter\CodeIgniter->handleRequest(null, Object(Config\Cache), false)
 5 FCPATH\index.php(55): CodeIgniter\CodeIgniter->run()
 6 SYSTEMPATH\Commands\Server\rewrite.php(43): require_once('FCPATH\\index.php')
CRITICAL - 2022-07-27 11:31:32 --> Undefined array key "id"
in APPPATH\Views\admin\kuisbelajar.php on line 214.
 1 APPPATH\Views\admin\kuisbelajar.php(214): CodeIgniter\Debug\Exceptions->errorHandler(2, 'Undefined array key "id"', 'APPPATH\\Views\\admin\\kuisbelajar.php', 214)
 2 SYSTEMPATH\View\View.php(213): include('APPPATH\\Views\\admin\\kuisbelajar.php')
 3 SYSTEMPATH\View\View.php(216): CodeIgniter\View\View->CodeIgniter\View\{closure}()
 4 SYSTEMPATH\Common.php(1135): CodeIgniter\View\View->render('admin/kuisbelajar', [], true)
 5 APPPATH\Controllers\AdminController.php(67): view('admin/kuisbelajar', [...])
 6 SYSTEMPATH\CodeIgniter.php(896): App\Controllers\AdminController->ListBelajar()
 7 SYSTEMPATH\CodeIgniter.php(466): CodeIgniter\CodeIgniter->runController(Object(App\Controllers\AdminController))
 8 SYSTEMPATH\CodeIgniter.php(349): CodeIgniter\CodeIgniter->handleRequest(null, Object(Config\Cache), false)
 9 FCPATH\index.php(55): CodeIgniter\CodeIgniter->run()
10 SYSTEMPATH\Commands\Server\rewrite.php(43): require_once('FCPATH\\index.php')
CRITICAL - 2022-07-27 11:32:43 --> Undefined array key "id"
in APPPATH\Views\admin\kuisbelajar.php on line 214.
 1 APPPATH\Views\admin\kuisbelajar.php(214): CodeIgniter\Debug\Exceptions->errorHandler(2, 'Undefined array key "id"', 'APPPATH\\Views\\admin\\kuisbelajar.php', 214)
 2 SYSTEMPATH\View\View.php(213): include('APPPATH\\Views\\admin\\kuisbelajar.php')
 3 SYSTEMPATH\View\View.php(216): CodeIgniter\View\View->CodeIgniter\View\{closure}()
 4 SYSTEMPATH\Common.php(1135): CodeIgniter\View\View->render('admin/kuisbelajar', [], true)
 5 APPPATH\Controllers\AdminController.php(67): view('admin/kuisbelajar', [...])
 6 SYSTEMPATH\CodeIgniter.php(896): App\Controllers\AdminController->ListBelajar()
 7 SYSTEMPATH\CodeIgniter.php(466): CodeIgniter\CodeIgniter->runController(Object(App\Controllers\AdminController))
 8 SYSTEMPATH\CodeIgniter.php(349): CodeIgniter\CodeIgniter->handleRequest(null, Object(Config\Cache), false)
 9 FCPATH\index.php(55): CodeIgniter\CodeIgniter->run()
10 SYSTEMPATH\Commands\Server\rewrite.php(43): require_once('FCPATH\\index.php')
CRITICAL - 2022-07-27 11:34:33 --> Undefined array key "id"
in APPPATH\Views\admin\kuisbelajar.php on line 214.
 1 APPPATH\Views\admin\kuisbelajar.php(214): CodeIgniter\Debug\Exceptions->errorHandler(2, 'Undefined array key "id"', 'APPPATH\\Views\\admin\\kuisbelajar.php', 214)
 2 SYSTEMPATH\View\View.php(213): include('APPPATH\\Views\\admin\\kuisbelajar.php')
 3 SYSTEMPATH\View\View.php(216): CodeIgniter\View\View->CodeIgniter\View\{closure}()
 4 SYSTEMPATH\Common.php(1135): CodeIgniter\View\View->render('admin/kuisbelajar', [], true)
 5 APPPATH\Controllers\AdminController.php(67): view('admin/kuisbelajar', [...])
 6 SYSTEMPATH\CodeIgniter.php(896): App\Controllers\AdminController->ListBelajar()
 7 SYSTEMPATH\CodeIgniter.php(466): CodeIgniter\CodeIgniter->runController(Object(App\Controllers\AdminController))
 8 SYSTEMPATH\CodeIgniter.php(349): CodeIgniter\CodeIgniter->handleRequest(null, Object(Config\Cache), false)
 9 FCPATH\index.php(55): CodeIgniter\CodeIgniter->run()
10 SYSTEMPATH\Commands\Server\rewrite.php(43): require_once('FCPATH\\index.php')
CRITICAL - 2022-07-27 11:42:34 --> Undefined variable $base_url
in APPPATH\Views\admin\kuisbelajar.php on line 207.
 1 APPPATH\Views\admin\kuisbelajar.php(207): CodeIgniter\Debug\Exceptions->errorHandler(2, 'Undefined variable $base_url', 'APPPATH\\Views\\admin\\kuisbelajar.php', 207)
 2 SYSTEMPATH\View\View.php(213): include('APPPATH\\Views\\admin\\kuisbelajar.php')
 3 SYSTEMPATH\View\View.php(216): CodeIgniter\View\View->CodeIgniter\View\{closure}()
 4 SYSTEMPATH\Common.php(1135): CodeIgniter\View\View->render('admin/kuisbelajar', [], true)
 5 APPPATH\Controllers\AdminController.php(67): view('admin/kuisbelajar', [...])
 6 SYSTEMPATH\CodeIgniter.php(896): App\Controllers\AdminController->ListBelajar()
 7 SYSTEMPATH\CodeIgniter.php(466): CodeIgniter\CodeIgniter->runController(Object(App\Controllers\AdminController))
 8 SYSTEMPATH\CodeIgniter.php(349): CodeIgniter\CodeIgniter->handleRequest(null, Object(Config\Cache), false)
 9 FCPATH\index.php(55): CodeIgniter\CodeIgniter->run()
10 SYSTEMPATH\Commands\Server\rewrite.php(43): require_once('FCPATH\\index.php')
CRITICAL - 2022-07-27 11:45:02 --> Too few arguments to function App\Controllers\AdminController::delete(), 0 passed in C:\Users\Dekstop\Desktop\TUGAS --- AKHIR - Copy\GitHub\codeigniter-4\vendor\codeigniter4\framework\system\CodeIgniter.php on line 896 and exactly 1 expected
in APPPATH\Controllers\AdminController.php on line 44.
 1 SYSTEMPATH\CodeIgniter.php(896): App\Controllers\AdminController->delete()
 2 SYSTEMPATH\CodeIgniter.php(466): CodeIgniter\CodeIgniter->runController(Object(App\Controllers\AdminController))
 3 SYSTEMPATH\CodeIgniter.php(349): CodeIgniter\CodeIgniter->handleRequest(null, Object(Config\Cache), false)
 4 FCPATH\index.php(55): CodeIgniter\CodeIgniter->run()
 5 SYSTEMPATH\Commands\Server\rewrite.php(43): require_once('FCPATH\\index.php')
CRITICAL - 2022-07-27 11:47:26 --> Too few arguments to function App\Controllers\AdminController::delete(), 0 passed in C:\Users\Dekstop\Desktop\TUGAS --- AKHIR - Copy\GitHub\codeigniter-4\vendor\codeigniter4\framework\system\CodeIgniter.php on line 896 and exactly 1 expected
in APPPATH\Controllers\AdminController.php on line 44.
 1 SYSTEMPATH\CodeIgniter.php(896): App\Controllers\AdminController->delete()
 2 SYSTEMPATH\CodeIgniter.php(466): CodeIgniter\CodeIgniter->runController(Object(App\Controllers\AdminController))
 3 SYSTEMPATH\CodeIgniter.php(349): CodeIgniter\CodeIgniter->handleRequest(null, Object(Config\Cache), false)
 4 FCPATH\index.php(55): CodeIgniter\CodeIgniter->run()
 5 SYSTEMPATH\Commands\Server\rewrite.php(43): require_once('FCPATH\\index.php')
CRITICAL - 2022-07-27 11:47:57 --> Too few arguments to function App\Controllers\AdminController::delete(), 0 passed in C:\Users\Dekstop\Desktop\TUGAS --- AKHIR - Copy\GitHub\codeigniter-4\vendor\codeigniter4\framework\system\CodeIgniter.php on line 896 and exactly 1 expected
in APPPATH\Controllers\AdminController.php on line 44.
 1 SYSTEMPATH\CodeIgniter.php(896): App\Controllers\AdminController->delete()
 2 SYSTEMPATH\CodeIgniter.php(466): CodeIgniter\CodeIgniter->runController(Object(App\Controllers\AdminController))
 3 SYSTEMPATH\CodeIgniter.php(349): CodeIgniter\CodeIgniter->handleRequest(null, Object(Config\Cache), false)
 4 FCPATH\index.php(55): CodeIgniter\CodeIgniter->run()
 5 SYSTEMPATH\Commands\Server\rewrite.php(43): require_once('FCPATH\\index.php')
CRITICAL - 2022-07-27 12:09:40 --> Undefined variable $session
in APPPATH\Views\admin\kuisbelajar.php on line 176.
 1 APPPATH\Views\admin\kuisbelajar.php(176): CodeIgniter\Debug\Exceptions->errorHandler(2, 'Undefined variable $session', 'APPPATH\\Views\\admin\\kuisbelajar.php', 176)
 2 SYSTEMPATH\View\View.php(213): include('APPPATH\\Views\\admin\\kuisbelajar.php')
 3 SYSTEMPATH\View\View.php(216): CodeIgniter\View\View->CodeIgniter\View\{closure}()
 4 SYSTEMPATH\Common.php(1135): CodeIgniter\View\View->render('admin/kuisbelajar', [], true)
 5 APPPATH\Controllers\AdminController.php(66): view('admin/kuisbelajar', [...])
 6 SYSTEMPATH\CodeIgniter.php(896): App\Controllers\AdminController->ListBelajar()
 7 SYSTEMPATH\CodeIgniter.php(466): CodeIgniter\CodeIgniter->runController(Object(App\Controllers\AdminController))
 8 SYSTEMPATH\CodeIgniter.php(349): CodeIgniter\CodeIgniter->handleRequest(null, Object(Config\Cache), false)
 9 FCPATH\index.php(55): CodeIgniter\CodeIgniter->run()
10 SYSTEMPATH\Commands\Server\rewrite.php(43): require_once('FCPATH\\index.php')
CRITICAL - 2022-07-27 12:09:53 --> Undefined variable $session
in APPPATH\Views\admin\kuisbelajar.php on line 176.
 1 APPPATH\Views\admin\kuisbelajar.php(176): CodeIgniter\Debug\Exceptions->errorHandler(2, 'Undefined variable $session', 'APPPATH\\Views\\admin\\kuisbelajar.php', 176)
 2 SYSTEMPATH\View\View.php(213): include('APPPATH\\Views\\admin\\kuisbelajar.php')
 3 SYSTEMPATH\View\View.php(216): CodeIgniter\View\View->CodeIgniter\View\{closure}()
 4 SYSTEMPATH\Common.php(1135): CodeIgniter\View\View->render('admin/kuisbelajar', [], true)
 5 APPPATH\Controllers\AdminController.php(66): view('admin/kuisbelajar', [...])
 6 SYSTEMPATH\CodeIgniter.php(896): App\Controllers\AdminController->ListBelajar()
 7 SYSTEMPATH\CodeIgniter.php(466): CodeIgniter\CodeIgniter->runController(Object(App\Controllers\AdminController))
 8 SYSTEMPATH\CodeIgniter.php(349): CodeIgniter\CodeIgniter->handleRequest(null, Object(Config\Cache), false)
 9 FCPATH\index.php(55): CodeIgniter\CodeIgniter->run()
10 SYSTEMPATH\Commands\Server\rewrite.php(43): require_once('FCPATH\\index.php')
CRITICAL - 2022-07-27 12:10:13 --> Undefined variable $session
in APPPATH\Views\admin\kuisbelajar.php on line 176.
 1 APPPATH\Views\admin\kuisbelajar.php(176): CodeIgniter\Debug\Exceptions->errorHandler(2, 'Undefined variable $session', 'APPPATH\\Views\\admin\\kuisbelajar.php', 176)
 2 SYSTEMPATH\View\View.php(213): include('APPPATH\\Views\\admin\\kuisbelajar.php')
 3 SYSTEMPATH\View\View.php(216): CodeIgniter\View\View->CodeIgniter\View\{closure}()
 4 SYSTEMPATH\Common.php(1135): CodeIgniter\View\View->render('admin/kuisbelajar', [], true)
 5 APPPATH\Controllers\AdminController.php(66): view('admin/kuisbelajar', [...])
 6 SYSTEMPATH\CodeIgniter.php(896): App\Controllers\AdminController->ListBelajar()
 7 SYSTEMPATH\CodeIgniter.php(466): CodeIgniter\CodeIgniter->runController(Object(App\Controllers\AdminController))
 8 SYSTEMPATH\CodeIgniter.php(349): CodeIgniter\CodeIgniter->handleRequest(null, Object(Config\Cache), false)
 9 FCPATH\index.php(55): CodeIgniter\CodeIgniter->run()
10 SYSTEMPATH\Commands\Server\rewrite.php(43): require_once('FCPATH\\index.php')
CRITICAL - 2022-07-27 12:12:21 --> Undefined variable $session
in APPPATH\Views\admin\kuisbelajar.php on line 176.
 1 APPPATH\Views\admin\kuisbelajar.php(176): CodeIgniter\Debug\Exceptions->errorHandler(2, 'Undefined variable $session', 'APPPATH\\Views\\admin\\kuisbelajar.php', 176)
 2 SYSTEMPATH\View\View.php(213): include('APPPATH\\Views\\admin\\kuisbelajar.php')
 3 SYSTEMPATH\View\View.php(216): CodeIgniter\View\View->CodeIgniter\View\{closure}()
 4 SYSTEMPATH\Common.php(1135): CodeIgniter\View\View->render('admin/kuisbelajar', [], true)
 5 APPPATH\Controllers\AdminController.php(66): view('admin/kuisbelajar', [...])
 6 SYSTEMPATH\CodeIgniter.php(896): App\Controllers\AdminController->ListBelajar()
 7 SYSTEMPATH\CodeIgniter.php(466): CodeIgniter\CodeIgniter->runController(Object(App\Controllers\AdminController))
 8 SYSTEMPATH\CodeIgniter.php(349): CodeIgniter\CodeIgniter->handleRequest(null, Object(Config\Cache), false)
 9 FCPATH\index.php(55): CodeIgniter\CodeIgniter->run()
10 SYSTEMPATH\Commands\Server\rewrite.php(43): require_once('FCPATH\\index.php')
CRITICAL - 2022-07-27 12:12:41 --> Undefined variable $session
in APPPATH\Views\admin\kuisbelajar.php on line 176.
 1 APPPATH\Views\admin\kuisbelajar.php(176): CodeIgniter\Debug\Exceptions->errorHandler(2, 'Undefined variable $session', 'APPPATH\\Views\\admin\\kuisbelajar.php', 176)
 2 SYSTEMPATH\View\View.php(213): include('APPPATH\\Views\\admin\\kuisbelajar.php')
 3 SYSTEMPATH\View\View.php(216): CodeIgniter\View\View->CodeIgniter\View\{closure}()
 4 SYSTEMPATH\Common.php(1135): CodeIgniter\View\View->render('admin/kuisbelajar', [], true)
 5 APPPATH\Controllers\AdminController.php(66): view('admin/kuisbelajar', [...])
 6 SYSTEMPATH\CodeIgniter.php(896): App\Controllers\AdminController->ListBelajar()
 7 SYSTEMPATH\CodeIgniter.php(466): CodeIgniter\CodeIgniter->runController(Object(App\Controllers\AdminController))
 8 SYSTEMPATH\CodeIgniter.php(349): CodeIgniter\CodeIgniter->handleRequest(null, Object(Config\Cache), false)
 9 FCPATH\index.php(55): CodeIgniter\CodeIgniter->run()
10 SYSTEMPATH\Commands\Server\rewrite.php(43): require_once('FCPATH\\index.php')
CRITICAL - 2022-07-27 12:12:51 --> Call to undefined method CodeIgniter\Session\Session::getMessage()
in APPPATH\Views\admin\kuisbelajar.php on line 176.
 1 SYSTEMPATH\View\View.php(213): include()
 2 SYSTEMPATH\View\View.php(216): CodeIgniter\View\View->CodeIgniter\View\{closure}()
 3 SYSTEMPATH\Common.php(1135): CodeIgniter\View\View->render('admin/kuisbelajar', [], true)
 4 APPPATH\Controllers\AdminController.php(66): view('admin/kuisbelajar', [...])
 5 SYSTEMPATH\CodeIgniter.php(896): App\Controllers\AdminController->ListBelajar()
 6 SYSTEMPATH\CodeIgniter.php(466): CodeIgniter\CodeIgniter->runController(Object(App\Controllers\AdminController))
 7 SYSTEMPATH\CodeIgniter.php(349): CodeIgniter\CodeIgniter->handleRequest(null, Object(Config\Cache), false)
 8 FCPATH\index.php(55): CodeIgniter\CodeIgniter->run()
 9 SYSTEMPATH\Commands\Server\rewrite.php(43): require_once('FCPATH\\index.php')
CRITICAL - 2022-07-27 12:15:17 --> Undefined variable $message
in APPPATH\Views\admin\kuisbelajar.php on line 161.
 1 APPPATH\Views\admin\kuisbelajar.php(161): CodeIgniter\Debug\Exceptions->errorHandler(2, 'Undefined variable $message', 'APPPATH\\Views\\admin\\kuisbelajar.php', 161)
 2 SYSTEMPATH\View\View.php(213): include('APPPATH\\Views\\admin\\kuisbelajar.php')
 3 SYSTEMPATH\View\View.php(216): CodeIgniter\View\View->CodeIgniter\View\{closure}()
 4 SYSTEMPATH\Common.php(1135): CodeIgniter\View\View->render('admin/kuisbelajar', [], true)
 5 APPPATH\Controllers\AdminController.php(66): view('admin/kuisbelajar', [...])
 6 SYSTEMPATH\CodeIgniter.php(896): App\Controllers\AdminController->ListBelajar()
 7 SYSTEMPATH\CodeIgniter.php(466): CodeIgniter\CodeIgniter->runController(Object(App\Controllers\AdminController))
 8 SYSTEMPATH\CodeIgniter.php(349): CodeIgniter\CodeIgniter->handleRequest(null, Object(Config\Cache), false)
 9 FCPATH\index.php(55): CodeIgniter\CodeIgniter->run()
10 SYSTEMPATH\Commands\Server\rewrite.php(43): require_once('FCPATH\\index.php')
CRITICAL - 2022-07-27 12:16:32 --> Undefined property: CodeIgniter\View\View::$message
in APPPATH\Views\admin\kuisbelajar.php on line 161.
 1 APPPATH\Views\admin\kuisbelajar.php(161): CodeIgniter\Debug\Exceptions->errorHandler(2, 'Undefined property: CodeIgniter\\View\\View::$message', 'APPPATH\\Views\\admin\\kuisbelajar.php', 161)
 2 SYSTEMPATH\View\View.php(213): include('APPPATH\\Views\\admin\\kuisbelajar.php')
 3 SYSTEMPATH\View\View.php(216): CodeIgniter\View\View->CodeIgniter\View\{closure}()
 4 SYSTEMPATH\Common.php(1135): CodeIgniter\View\View->render('admin/kuisbelajar', [], true)
 5 APPPATH\Controllers\AdminController.php(66): view('admin/kuisbelajar', [...])
 6 SYSTEMPATH\CodeIgniter.php(896): App\Controllers\AdminController->ListBelajar()
 7 SYSTEMPATH\CodeIgniter.php(466): CodeIgniter\CodeIgniter->runController(Object(App\Controllers\AdminController))
 8 SYSTEMPATH\CodeIgniter.php(349): CodeIgniter\CodeIgniter->handleRequest(null, Object(Config\Cache), false)
 9 FCPATH\index.php(55): CodeIgniter\CodeIgniter->run()
10 SYSTEMPATH\Commands\Server\rewrite.php(43): require_once('FCPATH\\index.php')
CRITICAL - 2022-07-27 12:16:42 --> Call to undefined method CodeIgniter\View\View::session()
in APPPATH\Views\admin\kuisbelajar.php on line 161.
 1 SYSTEMPATH\View\View.php(213): include()
 2 SYSTEMPATH\View\View.php(216): CodeIgniter\View\View->CodeIgniter\View\{closure}()
 3 SYSTEMPATH\Common.php(1135): CodeIgniter\View\View->render('admin/kuisbelajar', [], true)
 4 APPPATH\Controllers\AdminController.php(66): view('admin/kuisbelajar', [...])
 5 SYSTEMPATH\CodeIgniter.php(896): App\Controllers\AdminController->ListBelajar()
 6 SYSTEMPATH\CodeIgniter.php(466): CodeIgniter\CodeIgniter->runController(Object(App\Controllers\AdminController))
 7 SYSTEMPATH\CodeIgniter.php(349): CodeIgniter\CodeIgniter->handleRequest(null, Object(Config\Cache), false)
 8 FCPATH\index.php(55): CodeIgniter\CodeIgniter->run()
 9 SYSTEMPATH\Commands\Server\rewrite.php(43): require_once('FCPATH\\index.php')
CRITICAL - 2022-07-27 13:01:07 --> Call to undefined method CodeIgniter\Database\MySQLi\Result::first()
in APPPATH\Models\KuisBelajarModel.php on line 26.
 1 APPPATH\Controllers\AdminController.php(57): App\Models\KuisBelajarModel->getUbah('20')
 2 SYSTEMPATH\CodeIgniter.php(896): App\Controllers\AdminController->edit('20')
 3 SYSTEMPATH\CodeIgniter.php(466): CodeIgniter\CodeIgniter->runController(Object(App\Controllers\AdminController))
 4 SYSTEMPATH\CodeIgniter.php(349): CodeIgniter\CodeIgniter->handleRequest(null, Object(Config\Cache), false)
 5 FCPATH\index.php(55): CodeIgniter\CodeIgniter->run()
 6 SYSTEMPATH\Commands\Server\rewrite.php(43): require_once('FCPATH\\index.php')
CRITICAL - 2022-07-27 13:01:38 --> Invalid file: admin/edir.php
in SYSTEMPATH\Exceptions\FrameworkException.php on line 33.
 1 SYSTEMPATH\View\View.php(201): CodeIgniter\Exceptions\FrameworkException::forInvalidFile('admin/edir.php')
 2 SYSTEMPATH\Common.php(1135): CodeIgniter\View\View->render('admin/edir', [], true)
 3 APPPATH\Controllers\AdminController.php(59): view('admin/edir', [...])
 4 SYSTEMPATH\CodeIgniter.php(896): App\Controllers\AdminController->edit('20')
 5 SYSTEMPATH\CodeIgniter.php(466): CodeIgniter\CodeIgniter->runController(Object(App\Controllers\AdminController))
 6 SYSTEMPATH\CodeIgniter.php(349): CodeIgniter\CodeIgniter->handleRequest(null, Object(Config\Cache), false)
 7 FCPATH\index.php(55): CodeIgniter\CodeIgniter->run()
 8 SYSTEMPATH\Commands\Server\rewrite.php(43): require_once('FCPATH\\index.php')
CRITICAL - 2022-07-27 13:02:01 --> Invalid file: admin/edit.php
in SYSTEMPATH\Exceptions\FrameworkException.php on line 33.
 1 SYSTEMPATH\View\View.php(201): CodeIgniter\Exceptions\FrameworkException::forInvalidFile('admin/edit.php')
 2 SYSTEMPATH\Common.php(1135): CodeIgniter\View\View->render('admin/edit', [], true)
 3 APPPATH\Controllers\AdminController.php(59): view('admin/edit', [...])
 4 SYSTEMPATH\CodeIgniter.php(896): App\Controllers\AdminController->edit('20')
 5 SYSTEMPATH\CodeIgniter.php(466): CodeIgniter\CodeIgniter->runController(Object(App\Controllers\AdminController))
 6 SYSTEMPATH\CodeIgniter.php(349): CodeIgniter\CodeIgniter->handleRequest(null, Object(Config\Cache), false)
 7 FCPATH\index.php(55): CodeIgniter\CodeIgniter->run()
 8 SYSTEMPATH\Commands\Server\rewrite.php(43): require_once('FCPATH\\index.php')
CRITICAL - 2022-07-27 13:27:33 --> preg_match_all(): Argument #2 ($subject) must be of type string, App\Models\KuisBelajarModel given
in SYSTEMPATH\HTTP\RequestTrait.php on line 254.
 1 SYSTEMPATH\HTTP\RequestTrait.php(254): preg_match_all('/(?:^[^\\[]+)|\\[[^]]*\\]/', Object(App\Models\KuisBelajarModel), null)
 2 SYSTEMPATH\HTTP\IncomingRequest.php(503): CodeIgniter\HTTP\Request->fetchGlobal('request', Object(App\Models\KuisBelajarModel), 516, 0)
 3 APPPATH\Controllers\AdminController.php(72): CodeIgniter\HTTP\IncomingRequest->getVar(Object(App\Models\KuisBelajarModel))
 4 SYSTEMPATH\CodeIgniter.php(896): App\Controllers\AdminController->update('27')
 5 SYSTEMPATH\CodeIgniter.php(466): CodeIgniter\CodeIgniter->runController(Object(App\Controllers\AdminController))
 6 SYSTEMPATH\CodeIgniter.php(349): CodeIgniter\CodeIgniter->handleRequest(null, Object(Config\Cache), false)
 7 FCPATH\index.php(55): CodeIgniter\CodeIgniter->run()
 8 SYSTEMPATH\Commands\Server\rewrite.php(43): require_once('FCPATH\\index.php')
CRITICAL - 2022-07-27 13:27:37 --> preg_match_all(): Argument #2 ($subject) must be of type string, App\Models\KuisBelajarModel given
in SYSTEMPATH\HTTP\RequestTrait.php on line 254.
 1 SYSTEMPATH\HTTP\RequestTrait.php(254): preg_match_all('/(?:^[^\\[]+)|\\[[^]]*\\]/', Object(App\Models\KuisBelajarModel), null)
 2 SYSTEMPATH\HTTP\IncomingRequest.php(503): CodeIgniter\HTTP\Request->fetchGlobal('request', Object(App\Models\KuisBelajarModel), 516, 0)
 3 APPPATH\Controllers\AdminController.php(72): CodeIgniter\HTTP\IncomingRequest->getVar(Object(App\Models\KuisBelajarModel))
 4 SYSTEMPATH\CodeIgniter.php(896): App\Controllers\AdminController->update('27')
 5 SYSTEMPATH\CodeIgniter.php(466): CodeIgniter\CodeIgniter->runController(Object(App\Controllers\AdminController))
 6 SYSTEMPATH\CodeIgniter.php(349): CodeIgniter\CodeIgniter->handleRequest(null, Object(Config\Cache), false)
 7 FCPATH\index.php(55): CodeIgniter\CodeIgniter->run()
 8 SYSTEMPATH\Commands\Server\rewrite.php(43): require_once('FCPATH\\index.php')
CRITICAL - 2022-07-27 17:28:27 --> Undefined variable $base_url
in APPPATH\Views\admin\dashboard.php on line 97.
 1 APPPATH\Views\admin\dashboard.php(97): CodeIgniter\Debug\Exceptions->errorHandler(2, 'Undefined variable $base_url', 'APPPATH\\Views\\admin\\dashboard.php', 97)
 2 SYSTEMPATH\View\View.php(213): include('APPPATH\\Views\\admin\\dashboard.php')
 3 SYSTEMPATH\View\View.php(216): CodeIgniter\View\View->CodeIgniter\View\{closure}()
 4 SYSTEMPATH\Common.php(1135): CodeIgniter\View\View->render('admin/dashboard', [], true)
 5 APPPATH\Controllers\AdminController.php(30): view('admin/dashboard', [...])
 6 SYSTEMPATH\CodeIgniter.php(896): App\Controllers\AdminController->index()
 7 SYSTEMPATH\CodeIgniter.php(466): CodeIgniter\CodeIgniter->runController(Object(App\Controllers\AdminController))
 8 SYSTEMPATH\CodeIgniter.php(349): CodeIgniter\CodeIgniter->handleRequest(null, Object(Config\Cache), false)
 9 FCPATH\index.php(55): CodeIgniter\CodeIgniter->run()
10 SYSTEMPATH\Commands\Server\rewrite.php(43): require_once('FCPATH\\index.php')
ERROR - 2022-07-27 17:42:15 --> Not unique table/alias: 'Kuesioner_belajar'
CRITICAL - 2022-07-27 17:42:15 --> Not unique table/alias: 'Kuesioner_belajar'
in SYSTEMPATH\Database\MySQLi\Connection.php on line 292.
 1 SYSTEMPATH\Database\MySQLi\Connection.php(292): mysqli->query('SELECT *
FROM (`Kuesioner_belajar`, `Kuesioner_belajar`)
JOIN `Kuesioner_bekerja` ON `Kuesioner_bekerja`.`id` = `Kuesioner_belajar`.`id`
JOIN `Kuesioner_wirausaha` ON `Kuesioner_wirausaha`.`id` = `Kuesioner_belajar`.`id`
JOIN `Kuesioner_lainnya` ON `Kuesioner_lainnya`.`id` = `Kuesioner_belajar`.`id`', 0)
 2 SYSTEMPATH\Database\BaseConnection.php(695): CodeIgniter\Database\MySQLi\Connection->execute('SELECT *
FROM (`Kuesioner_belajar`, `Kuesioner_belajar`)
JOIN `Kuesioner_bekerja` ON `Kuesioner_bekerja`.`id` = `Kuesioner_belajar`.`id`
JOIN `Kuesioner_wirausaha` ON `Kuesioner_wirausaha`.`id` = `Kuesioner_belajar`.`id`
JOIN `Kuesioner_lainnya` ON `Kuesioner_lainnya`.`id` = `Kuesioner_belajar`.`id`')
 3 SYSTEMPATH\Database\BaseConnection.php(609): CodeIgniter\Database\BaseConnection->simpleQuery('SELECT *
FROM (`Kuesioner_belajar`, `Kuesioner_belajar`)
JOIN `Kuesioner_bekerja` ON `Kuesioner_bekerja`.`id` = `Kuesioner_belajar`.`id`
JOIN `Kuesioner_wirausaha` ON `Kuesioner_wirausaha`.`id` = `Kuesioner_belajar`.`id`
JOIN `Kuesioner_lainnya` ON `Kuesioner_lainnya`.`id` = `Kuesioner_belajar`.`id`')
 4 SYSTEMPATH\Database\BaseBuilder.php(1585): CodeIgniter\Database\BaseConnection->query('SELECT *
FROM (`Kuesioner_belajar`, `Kuesioner_belajar`)
JOIN `Kuesioner_bekerja` ON `Kuesioner_bekerja`.`id` = `Kuesioner_belajar`.`id`
JOIN `Kuesioner_wirausaha` ON `Kuesioner_wirausaha`.`id` = `Kuesioner_belajar`.`id`
JOIN `Kuesioner_lainnya` ON `Kuesioner_lainnya`.`id` = `Kuesioner_belajar`.`id`', [], false)
 5 APPPATH\Models\KuisBelajarModel.php(38): CodeIgniter\Database\BaseBuilder->get()
 6 APPPATH\Controllers\AdminController.php(36): App\Models\KuisBelajarModel->getSimpanan1()
 7 SYSTEMPATH\CodeIgniter.php(896): App\Controllers\AdminController->ListSemua()
 8 SYSTEMPATH\CodeIgniter.php(466): CodeIgniter\CodeIgniter->runController(Object(App\Controllers\AdminController))
 9 SYSTEMPATH\CodeIgniter.php(349): CodeIgniter\CodeIgniter->handleRequest(null, Object(Config\Cache), false)
10 FCPATH\index.php(55): CodeIgniter\CodeIgniter->run()
11 SYSTEMPATH\Commands\Server\rewrite.php(43): require_once('FCPATH\\index.php')
ERROR - 2022-07-27 17:46:06 --> Not unique table/alias: 'Kuesioner_belajar'
CRITICAL - 2022-07-27 17:46:06 --> Not unique table/alias: 'Kuesioner_belajar'
in SYSTEMPATH\Database\MySQLi\Connection.php on line 292.
 1 SYSTEMPATH\Database\MySQLi\Connection.php(292): mysqli->query('SELECT `Kuesioner_belajar`.*, `Kuesioner_bekerja`.*, `Kuesioner_wirausaha`.*, `Kuesioner_lainnya`.*
FROM (`Kuesioner_belajar`, `Kuesioner_belajar`)
JOIN `Kuesioner_bekerja` ON `Kuesioner_bekerja`.`id` = `Kuesioner_belajar`.`id`
JOIN `Kuesioner_wirausaha` ON `Kuesioner_wirausaha`.`id` = `Kuesioner_belajar`.`id`
JOIN `Kuesioner_lainnya` ON `Kuesioner_lainnya`.`id` = `Kuesioner_belajar`.`id`', 0)
 2 SYSTEMPATH\Database\BaseConnection.php(695): CodeIgniter\Database\MySQLi\Connection->execute('SELECT `Kuesioner_belajar`.*, `Kuesioner_bekerja`.*, `Kuesioner_wirausaha`.*, `Kuesioner_lainnya`.*
FROM (`Kuesioner_belajar`, `Kuesioner_belajar`)
JOIN `Kuesioner_bekerja` ON `Kuesioner_bekerja`.`id` = `Kuesioner_belajar`.`id`
JOIN `Kuesioner_wirausaha` ON `Kuesioner_wirausaha`.`id` = `Kuesioner_belajar`.`id`
JOIN `Kuesioner_lainnya` ON `Kuesioner_lainnya`.`id` = `Kuesioner_belajar`.`id`')
 3 SYSTEMPATH\Database\BaseConnection.php(609): CodeIgniter\Database\BaseConnection->simpleQuery('SELECT `Kuesioner_belajar`.*, `Kuesioner_bekerja`.*, `Kuesioner_wirausaha`.*, `Kuesioner_lainnya`.*
FROM (`Kuesioner_belajar`, `Kuesioner_belajar`)
JOIN `Kuesioner_bekerja` ON `Kuesioner_bekerja`.`id` = `Kuesioner_belajar`.`id`
JOIN `Kuesioner_wirausaha` ON `Kuesioner_wirausaha`.`id` = `Kuesioner_belajar`.`id`
JOIN `Kuesioner_lainnya` ON `Kuesioner_lainnya`.`id` = `Kuesioner_belajar`.`id`')
 4 SYSTEMPATH\Database\BaseBuilder.php(1585): CodeIgniter\Database\BaseConnection->query('SELECT `Kuesioner_belajar`.*, `Kuesioner_bekerja`.*, `Kuesioner_wirausaha`.*, `Kuesioner_lainnya`.*
FROM (`Kuesioner_belajar`, `Kuesioner_belajar`)
JOIN `Kuesioner_bekerja` ON `Kuesioner_bekerja`.`id` = `Kuesioner_belajar`.`id`
JOIN `Kuesioner_wirausaha` ON `Kuesioner_wirausaha`.`id` = `Kuesioner_belajar`.`id`
JOIN `Kuesioner_lainnya` ON `Kuesioner_lainnya`.`id` = `Kuesioner_belajar`.`id`', [], false)
 5 APPPATH\Models\KuisBelajarModel.php(41): CodeIgniter\Database\BaseBuilder->get()
 6 APPPATH\Controllers\AdminController.php(36): App\Models\KuisBelajarModel->getSimpanan1()
 7 SYSTEMPATH\CodeIgniter.php(896): App\Controllers\AdminController->ListSemua()
 8 SYSTEMPATH\CodeIgniter.php(466): CodeIgniter\CodeIgniter->runController(Object(App\Controllers\AdminController))
 9 SYSTEMPATH\CodeIgniter.php(349): CodeIgniter\CodeIgniter->handleRequest(null, Object(Config\Cache), false)
10 FCPATH\index.php(55): CodeIgniter\CodeIgniter->run()
11 SYSTEMPATH\Commands\Server\rewrite.php(43): require_once('FCPATH\\index.php')
ERROR - 2022-07-27 17:46:08 --> Not unique table/alias: 'Kuesioner_belajar'
CRITICAL - 2022-07-27 17:46:08 --> Not unique table/alias: 'Kuesioner_belajar'
in SYSTEMPATH\Database\MySQLi\Connection.php on line 292.
 1 SYSTEMPATH\Database\MySQLi\Connection.php(292): mysqli->query('SELECT `Kuesioner_belajar`.*, `Kuesioner_bekerja`.*, `Kuesioner_wirausaha`.*, `Kuesioner_lainnya`.*
FROM (`Kuesioner_belajar`, `Kuesioner_belajar`)
JOIN `Kuesioner_bekerja` ON `Kuesioner_bekerja`.`id` = `Kuesioner_belajar`.`id`
JOIN `Kuesioner_wirausaha` ON `Kuesioner_wirausaha`.`id` = `Kuesioner_belajar`.`id`
JOIN `Kuesioner_lainnya` ON `Kuesioner_lainnya`.`id` = `Kuesioner_belajar`.`id`', 0)
 2 SYSTEMPATH\Database\BaseConnection.php(695): CodeIgniter\Database\MySQLi\Connection->execute('SELECT `Kuesioner_belajar`.*, `Kuesioner_bekerja`.*, `Kuesioner_wirausaha`.*, `Kuesioner_lainnya`.*
FROM (`Kuesioner_belajar`, `Kuesioner_belajar`)
JOIN `Kuesioner_bekerja` ON `Kuesioner_bekerja`.`id` = `Kuesioner_belajar`.`id`
JOIN `Kuesioner_wirausaha` ON `Kuesioner_wirausaha`.`id` = `Kuesioner_belajar`.`id`
JOIN `Kuesioner_lainnya` ON `Kuesioner_lainnya`.`id` = `Kuesioner_belajar`.`id`')
 3 SYSTEMPATH\Database\BaseConnection.php(609): CodeIgniter\Database\BaseConnection->simpleQuery('SELECT `Kuesioner_belajar`.*, `Kuesioner_bekerja`.*, `Kuesioner_wirausaha`.*, `Kuesioner_lainnya`.*
FROM (`Kuesioner_belajar`, `Kuesioner_belajar`)
JOIN `Kuesioner_bekerja` ON `Kuesioner_bekerja`.`id` = `Kuesioner_belajar`.`id`
JOIN `Kuesioner_wirausaha` ON `Kuesioner_wirausaha`.`id` = `Kuesioner_belajar`.`id`
JOIN `Kuesioner_lainnya` ON `Kuesioner_lainnya`.`id` = `Kuesioner_belajar`.`id`')
 4 SYSTEMPATH\Database\BaseBuilder.php(1585): CodeIgniter\Database\BaseConnection->query('SELECT `Kuesioner_belajar`.*, `Kuesioner_bekerja`.*, `Kuesioner_wirausaha`.*, `Kuesioner_lainnya`.*
FROM (`Kuesioner_belajar`, `Kuesioner_belajar`)
JOIN `Kuesioner_bekerja` ON `Kuesioner_bekerja`.`id` = `Kuesioner_belajar`.`id`
JOIN `Kuesioner_wirausaha` ON `Kuesioner_wirausaha`.`id` = `Kuesioner_belajar`.`id`
JOIN `Kuesioner_lainnya` ON `Kuesioner_lainnya`.`id` = `Kuesioner_belajar`.`id`', [], false)
 5 APPPATH\Models\KuisBelajarModel.php(41): CodeIgniter\Database\BaseBuilder->get()
 6 APPPATH\Controllers\AdminController.php(36): App\Models\KuisBelajarModel->getSimpanan1()
 7 SYSTEMPATH\CodeIgniter.php(896): App\Controllers\AdminController->ListSemua()
 8 SYSTEMPATH\CodeIgniter.php(466): CodeIgniter\CodeIgniter->runController(Object(App\Controllers\AdminController))
 9 SYSTEMPATH\CodeIgniter.php(349): CodeIgniter\CodeIgniter->handleRequest(null, Object(Config\Cache), false)
10 FCPATH\index.php(55): CodeIgniter\CodeIgniter->run()
11 SYSTEMPATH\Commands\Server\rewrite.php(43): require_once('FCPATH\\index.php')
ERROR - 2022-07-27 17:46:09 --> Not unique table/alias: 'Kuesioner_belajar'
CRITICAL - 2022-07-27 17:46:09 --> Not unique table/alias: 'Kuesioner_belajar'
in SYSTEMPATH\Database\MySQLi\Connection.php on line 292.
 1 SYSTEMPATH\Database\MySQLi\Connection.php(292): mysqli->query('SELECT `Kuesioner_belajar`.*, `Kuesioner_bekerja`.*, `Kuesioner_wirausaha`.*, `Kuesioner_lainnya`.*
FROM (`Kuesioner_belajar`, `Kuesioner_belajar`)
JOIN `Kuesioner_bekerja` ON `Kuesioner_bekerja`.`id` = `Kuesioner_belajar`.`id`
JOIN `Kuesioner_wirausaha` ON `Kuesioner_wirausaha`.`id` = `Kuesioner_belajar`.`id`
JOIN `Kuesioner_lainnya` ON `Kuesioner_lainnya`.`id` = `Kuesioner_belajar`.`id`', 0)
 2 SYSTEMPATH\Database\BaseConnection.php(695): CodeIgniter\Database\MySQLi\Connection->execute('SELECT `Kuesioner_belajar`.*, `Kuesioner_bekerja`.*, `Kuesioner_wirausaha`.*, `Kuesioner_lainnya`.*
FROM (`Kuesioner_belajar`, `Kuesioner_belajar`)
JOIN `Kuesioner_bekerja` ON `Kuesioner_bekerja`.`id` = `Kuesioner_belajar`.`id`
JOIN `Kuesioner_wirausaha` ON `Kuesioner_wirausaha`.`id` = `Kuesioner_belajar`.`id`
JOIN `Kuesioner_lainnya` ON `Kuesioner_lainnya`.`id` = `Kuesioner_belajar`.`id`')
 3 SYSTEMPATH\Database\BaseConnection.php(609): CodeIgniter\Database\BaseConnection->simpleQuery('SELECT `Kuesioner_belajar`.*, `Kuesioner_bekerja`.*, `Kuesioner_wirausaha`.*, `Kuesioner_lainnya`.*
FROM (`Kuesioner_belajar`, `Kuesioner_belajar`)
JOIN `Kuesioner_bekerja` ON `Kuesioner_bekerja`.`id` = `Kuesioner_belajar`.`id`
JOIN `Kuesioner_wirausaha` ON `Kuesioner_wirausaha`.`id` = `Kuesioner_belajar`.`id`
JOIN `Kuesioner_lainnya` ON `Kuesioner_lainnya`.`id` = `Kuesioner_belajar`.`id`')
 4 SYSTEMPATH\Database\BaseBuilder.php(1585): CodeIgniter\Database\BaseConnection->query('SELECT `Kuesioner_belajar`.*, `Kuesioner_bekerja`.*, `Kuesioner_wirausaha`.*, `Kuesioner_lainnya`.*
FROM (`Kuesioner_belajar`, `Kuesioner_belajar`)
JOIN `Kuesioner_bekerja` ON `Kuesioner_bekerja`.`id` = `Kuesioner_belajar`.`id`
JOIN `Kuesioner_wirausaha` ON `Kuesioner_wirausaha`.`id` = `Kuesioner_belajar`.`id`
JOIN `Kuesioner_lainnya` ON `Kuesioner_lainnya`.`id` = `Kuesioner_belajar`.`id`', [], false)
 5 APPPATH\Models\KuisBelajarModel.php(41): CodeIgniter\Database\BaseBuilder->get()
 6 APPPATH\Controllers\AdminController.php(36): App\Models\KuisBelajarModel->getSimpanan1()
 7 SYSTEMPATH\CodeIgniter.php(896): App\Controllers\AdminController->ListSemua()
 8 SYSTEMPATH\CodeIgniter.php(466): CodeIgniter\CodeIgniter->runController(Object(App\Controllers\AdminController))
 9 SYSTEMPATH\CodeIgniter.php(349): CodeIgniter\CodeIgniter->handleRequest(null, Object(Config\Cache), false)
10 FCPATH\index.php(55): CodeIgniter\CodeIgniter->run()
11 SYSTEMPATH\Commands\Server\rewrite.php(43): require_once('FCPATH\\index.php')
ERROR - 2022-07-27 18:05:28 --> Not unique table/alias: 'Kuesioner_belajar'
CRITICAL - 2022-07-27 18:05:28 --> Not unique table/alias: 'Kuesioner_belajar'
in SYSTEMPATH\Database\MySQLi\Connection.php on line 292.
 1 SYSTEMPATH\Database\MySQLi\Connection.php(292): mysqli->query('SELECT *
FROM (`Kuesioner_belajar`, `Kuesioner_belajar`)
JOIN `Kuesioner_bekerja` ON `Kuesioner_belajar`.`id` = `Kuesioner_bekerja`.`id`
JOIN `Kuesioner_wirausaha` ON `Kuesioner_belajar`.`id` = `Kuesioner_wirausaha`.`id`
JOIN `Kuesioner_lainnya` ON `Kuesioner_belajar`.`id` = `Kuesioner_lainnya`.`id`', 0)
 2 SYSTEMPATH\Database\BaseConnection.php(695): CodeIgniter\Database\MySQLi\Connection->execute('SELECT *
FROM (`Kuesioner_belajar`, `Kuesioner_belajar`)
JOIN `Kuesioner_bekerja` ON `Kuesioner_belajar`.`id` = `Kuesioner_bekerja`.`id`
JOIN `Kuesioner_wirausaha` ON `Kuesioner_belajar`.`id` = `Kuesioner_wirausaha`.`id`
JOIN `Kuesioner_lainnya` ON `Kuesioner_belajar`.`id` = `Kuesioner_lainnya`.`id`')
 3 SYSTEMPATH\Database\BaseConnection.php(609): CodeIgniter\Database\BaseConnection->simpleQuery('SELECT *
FROM (`Kuesioner_belajar`, `Kuesioner_belajar`)
JOIN `Kuesioner_bekerja` ON `Kuesioner_belajar`.`id` = `Kuesioner_bekerja`.`id`
JOIN `Kuesioner_wirausaha` ON `Kuesioner_belajar`.`id` = `Kuesioner_wirausaha`.`id`
JOIN `Kuesioner_lainnya` ON `Kuesioner_belajar`.`id` = `Kuesioner_lainnya`.`id`')
 4 SYSTEMPATH\Database\BaseBuilder.php(1585): CodeIgniter\Database\BaseConnection->query('SELECT *
FROM (`Kuesioner_belajar`, `Kuesioner_belajar`)
JOIN `Kuesioner_bekerja` ON `Kuesioner_belajar`.`id` = `Kuesioner_bekerja`.`id`
JOIN `Kuesioner_wirausaha` ON `Kuesioner_belajar`.`id` = `Kuesioner_wirausaha`.`id`
JOIN `Kuesioner_lainnya` ON `Kuesioner_belajar`.`id` = `Kuesioner_lainnya`.`id`', [], false)
 5 APPPATH\Models\KuisBelajarModel.php(42): CodeIgniter\Database\BaseBuilder->get()
 6 APPPATH\Controllers\AdminController.php(36): App\Models\KuisBelajarModel->getSimpanan1()
 7 SYSTEMPATH\CodeIgniter.php(896): App\Controllers\AdminController->ListSemua()
 8 SYSTEMPATH\CodeIgniter.php(466): CodeIgniter\CodeIgniter->runController(Object(App\Controllers\AdminController))
 9 SYSTEMPATH\CodeIgniter.php(349): CodeIgniter\CodeIgniter->handleRequest(null, Object(Config\Cache), false)
10 FCPATH\index.php(55): CodeIgniter\CodeIgniter->run()
11 SYSTEMPATH\Commands\Server\rewrite.php(43): require_once('FCPATH\\index.php')
ERROR - 2022-07-27 22:36:25 --> Unknown column 'foto' in 'field list'
CRITICAL - 2022-07-27 22:36:25 --> Unknown column 'foto' in 'field list'
in SYSTEMPATH\Database\MySQLi\Connection.php on line 292.
 1 SYSTEMPATH\Database\MySQLi\Connection.php(292): mysqli->query('INSERT INTO `tbl_users` (`nama`, `email`, `password`, `status`, `jenis_kelamin`, `nim`, `jurusan`, `tahun_lulus`, `kota_kelahiran`, `agama`, `foto`, `avatar`) VALUES (\'samuel01\', \'samuel@google.com\', \'$2y$10$DLxtVldAD.Z0YXY.WUzb/./Begw3hiorVi9XyWfGXyV/rwJ8of.s2\', \'Belajar\', \'Pria\', \'09090912\', \'Teknik Informatika\', \'2022-01\', \'bandung\', \'Kristen\', NULL, NULL)', 0)
 2 SYSTEMPATH\Database\BaseConnection.php(695): CodeIgniter\Database\MySQLi\Connection->execute('INSERT INTO `tbl_users` (`nama`, `email`, `password`, `status`, `jenis_kelamin`, `nim`, `jurusan`, `tahun_lulus`, `kota_kelahiran`, `agama`, `foto`, `avatar`) VALUES (\'samuel01\', \'samuel@google.com\', \'$2y$10$DLxtVldAD.Z0YXY.WUzb/./Begw3hiorVi9XyWfGXyV/rwJ8of.s2\', \'Belajar\', \'Pria\', \'09090912\', \'Teknik Informatika\', \'2022-01\', \'bandung\', \'Kristen\', NULL, NULL)')
 3 SYSTEMPATH\Database\BaseConnection.php(609): CodeIgniter\Database\BaseConnection->simpleQuery('INSERT INTO `tbl_users` (`nama`, `email`, `password`, `status`, `jenis_kelamin`, `nim`, `jurusan`, `tahun_lulus`, `kota_kelahiran`, `agama`, `foto`, `avatar`) VALUES (\'samuel01\', \'samuel@google.com\', \'$2y$10$DLxtVldAD.Z0YXY.WUzb/./Begw3hiorVi9XyWfGXyV/rwJ8of.s2\', \'Belajar\', \'Pria\', \'09090912\', \'Teknik Informatika\', \'2022-01\', \'bandung\', \'Kristen\', NULL, NULL)')
 4 SYSTEMPATH\Database\BaseBuilder.php(1904): CodeIgniter\Database\BaseConnection->query('INSERT INTO `tbl_users` (`nama`, `email`, `password`, `status`, `jenis_kelamin`, `nim`, `jurusan`, `tahun_lulus`, `kota_kelahiran`, `agama`, `foto`, `avatar`) VALUES (:nama:, :email:, :password:, :status:, :jenis_kelamin:, :nim:, :jurusan:, :tahun_lulus:, :kota_kelahiran:, :agama:, :foto:, :avatar:)', [...], false)
 5 SYSTEMPATH\Model.php(278): CodeIgniter\Database\BaseBuilder->insert()
 6 SYSTEMPATH\BaseModel.php(738): CodeIgniter\Model->doInsert([...])
 7 SYSTEMPATH\Model.php(666): CodeIgniter\BaseModel->insert([...], false)
 8 SYSTEMPATH\BaseModel.php(658): CodeIgniter\Model->insert([...], false)
 9 APPPATH\Controllers\UserController.php(56): CodeIgniter\BaseModel->save([...])
10 SYSTEMPATH\CodeIgniter.php(896): App\Controllers\UserController->register()
11 SYSTEMPATH\CodeIgniter.php(466): CodeIgniter\CodeIgniter->runController(Object(App\Controllers\UserController))
12 SYSTEMPATH\CodeIgniter.php(349): CodeIgniter\CodeIgniter->handleRequest(null, Object(Config\Cache), false)
13 FCPATH\index.php(55): CodeIgniter\CodeIgniter->run()
14 SYSTEMPATH\Commands\Server\rewrite.php(43): require_once('FCPATH\\index.php')
ERROR - 2022-07-27 22:47:37 --> Not unique table/alias: 'Kuesioner_belajar'
CRITICAL - 2022-07-27 22:47:37 --> Not unique table/alias: 'Kuesioner_belajar'
in SYSTEMPATH\Database\MySQLi\Connection.php on line 292.
 1 SYSTEMPATH\Database\MySQLi\Connection.php(292): mysqli->query('SELECT *
FROM (`Kuesioner_belajar`, `Kuesioner_belajar`)
JOIN `Kuesioner_bekerja` ON `Kuesioner_belajar`.`id` = `Kuesioner_bekerja`.`id`
JOIN `Kuesioner_wirausaha` ON `Kuesioner_belajar`.`id` = `Kuesioner_wirausaha`.`id`
JOIN `Kuesioner_lainnya` ON `Kuesioner_belajar`.`id` = `Kuesioner_lainnya`.`id`', 0)
 2 SYSTEMPATH\Database\BaseConnection.php(695): CodeIgniter\Database\MySQLi\Connection->execute('SELECT *
FROM (`Kuesioner_belajar`, `Kuesioner_belajar`)
JOIN `Kuesioner_bekerja` ON `Kuesioner_belajar`.`id` = `Kuesioner_bekerja`.`id`
JOIN `Kuesioner_wirausaha` ON `Kuesioner_belajar`.`id` = `Kuesioner_wirausaha`.`id`
JOIN `Kuesioner_lainnya` ON `Kuesioner_belajar`.`id` = `Kuesioner_lainnya`.`id`')
 3 SYSTEMPATH\Database\BaseConnection.php(609): CodeIgniter\Database\BaseConnection->simpleQuery('SELECT *
FROM (`Kuesioner_belajar`, `Kuesioner_belajar`)
JOIN `Kuesioner_bekerja` ON `Kuesioner_belajar`.`id` = `Kuesioner_bekerja`.`id`
JOIN `Kuesioner_wirausaha` ON `Kuesioner_belajar`.`id` = `Kuesioner_wirausaha`.`id`
JOIN `Kuesioner_lainnya` ON `Kuesioner_belajar`.`id` = `Kuesioner_lainnya`.`id`')
 4 SYSTEMPATH\Database\BaseBuilder.php(1585): CodeIgniter\Database\BaseConnection->query('SELECT *
FROM (`Kuesioner_belajar`, `Kuesioner_belajar`)
JOIN `Kuesioner_bekerja` ON `Kuesioner_belajar`.`id` = `Kuesioner_bekerja`.`id`
JOIN `Kuesioner_wirausaha` ON `Kuesioner_belajar`.`id` = `Kuesioner_wirausaha`.`id`
JOIN `Kuesioner_lainnya` ON `Kuesioner_belajar`.`id` = `Kuesioner_lainnya`.`id`', [], false)
 5 APPPATH\Models\KuisBelajarModel.php(42): CodeIgniter\Database\BaseBuilder->get()
 6 APPPATH\Controllers\AdminController.php(36): App\Models\KuisBelajarModel->getSimpanan1()
 7 SYSTEMPATH\CodeIgniter.php(896): App\Controllers\AdminController->ListSemua()
 8 SYSTEMPATH\CodeIgniter.php(466): CodeIgniter\CodeIgniter->runController(Object(App\Controllers\AdminController))
 9 SYSTEMPATH\CodeIgniter.php(349): CodeIgniter\CodeIgniter->handleRequest(null, Object(Config\Cache), false)
10 FCPATH\index.php(55): CodeIgniter\CodeIgniter->run()
11 SYSTEMPATH\Commands\Server\rewrite.php(43): require_once('FCPATH\\index.php')
