CRITICAL - 2022-07-26 05:25:08 --> Undefined array key "name"
in APPPATH\Controllers\UserController.php on line 97.
 1 APPPATH\Controllers\UserController.php(97): CodeIgniter\Debug\Exceptions->errorHandler(2, 'Undefined array key "name"', 'APPPATH\\Controllers\\UserController.php', 97)
 2 APPPATH\Controllers\UserController.php(77): App\Controllers\UserController->setUserSession([...])
 3 SYSTEMPATH\CodeIgniter.php(896): App\Controllers\UserController->login()
 4 SYSTEMPATH\CodeIgniter.php(466): CodeIgniter\CodeIgniter->runController(Object(App\Controllers\UserController))
 5 SYSTEMPATH\CodeIgniter.php(349): CodeIgniter\CodeIgniter->handleRequest(null, Object(Config\Cache), false)
 6 FCPATH\index.php(55): CodeIgniter\CodeIgniter->run()
 7 SYSTEMPATH\Commands\Server\rewrite.php(43): require_once('FCPATH\\index.php')
CRITICAL - 2022-07-26 05:27:11 --> Undefined array key "phone_no"
in APPPATH\Controllers\UserController.php on line 98.
 1 APPPATH\Controllers\UserController.php(98): CodeIgniter\Debug\Exceptions->errorHandler(2, 'Undefined array key "phone_no"', 'APPPATH\\Controllers\\UserController.php', 98)
 2 APPPATH\Controllers\UserController.php(77): App\Controllers\UserController->setUserSession([...])
 3 SYSTEMPATH\CodeIgniter.php(896): App\Controllers\UserController->login()
 4 SYSTEMPATH\CodeIgniter.php(466): CodeIgniter\CodeIgniter->runController(Object(App\Controllers\UserController))
 5 SYSTEMPATH\CodeIgniter.php(349): CodeIgniter\CodeIgniter->handleRequest(null, Object(Config\Cache), false)
 6 FCPATH\index.php(55): CodeIgniter\CodeIgniter->run()
 7 SYSTEMPATH\Commands\Server\rewrite.php(43): require_once('FCPATH\\index.php')
CRITICAL - 2022-07-26 05:27:29 --> Undefined array key "phone_no"
in APPPATH\Controllers\UserController.php on line 98.
 1 APPPATH\Controllers\UserController.php(98): CodeIgniter\Debug\Exceptions->errorHandler(2, 'Undefined array key "phone_no"', 'APPPATH\\Controllers\\UserController.php', 98)
 2 APPPATH\Controllers\UserController.php(77): App\Controllers\UserController->setUserSession([...])
 3 SYSTEMPATH\CodeIgniter.php(896): App\Controllers\UserController->login()
 4 SYSTEMPATH\CodeIgniter.php(466): CodeIgniter\CodeIgniter->runController(Object(App\Controllers\UserController))
 5 SYSTEMPATH\CodeIgniter.php(349): CodeIgniter\CodeIgniter->handleRequest(null, Object(Config\Cache), false)
 6 FCPATH\index.php(55): CodeIgniter\CodeIgniter->run()
 7 SYSTEMPATH\Commands\Server\rewrite.php(43): require_once('FCPATH\\index.php')
CRITICAL - 2022-07-26 05:27:33 --> Undefined array key "phone_no"
in APPPATH\Controllers\UserController.php on line 98.
 1 APPPATH\Controllers\UserController.php(98): CodeIgniter\Debug\Exceptions->errorHandler(2, 'Undefined array key "phone_no"', 'APPPATH\\Controllers\\UserController.php', 98)
 2 APPPATH\Controllers\UserController.php(77): App\Controllers\UserController->setUserSession([...])
 3 SYSTEMPATH\CodeIgniter.php(896): App\Controllers\UserController->login()
 4 SYSTEMPATH\CodeIgniter.php(466): CodeIgniter\CodeIgniter->runController(Object(App\Controllers\UserController))
 5 SYSTEMPATH\CodeIgniter.php(349): CodeIgniter\CodeIgniter->handleRequest(null, Object(Config\Cache), false)
 6 FCPATH\index.php(55): CodeIgniter\CodeIgniter->run()
 7 SYSTEMPATH\Commands\Server\rewrite.php(43): require_once('FCPATH\\index.php')
CRITICAL - 2022-07-26 05:42:53 --> Undefined array key "name"
in APPPATH\Controllers\UserController.php on line 94.
 1 APPPATH\Controllers\UserController.php(94): CodeIgniter\Debug\Exceptions->errorHandler(2, 'Undefined array key "name"', 'APPPATH\\Controllers\\UserController.php', 94)
 2 APPPATH\Controllers\UserController.php(74): App\Controllers\UserController->setUserSession([...])
 3 SYSTEMPATH\CodeIgniter.php(896): App\Controllers\UserController->login()
 4 SYSTEMPATH\CodeIgniter.php(466): CodeIgniter\CodeIgniter->runController(Object(App\Controllers\UserController))
 5 SYSTEMPATH\CodeIgniter.php(349): CodeIgniter\CodeIgniter->handleRequest(null, Object(Config\Cache), false)
 6 FCPATH\index.php(55): CodeIgniter\CodeIgniter->run()
 7 SYSTEMPATH\Commands\Server\rewrite.php(43): require_once('FCPATH\\index.php')
CRITICAL - 2022-07-26 06:33:18 --> Invalid file: edit.php
in SYSTEMPATH\Exceptions\FrameworkException.php on line 33.
 1 SYSTEMPATH\View\View.php(201): CodeIgniter\Exceptions\FrameworkException::forInvalidFile('edit.php')
 2 SYSTEMPATH\Common.php(1135): CodeIgniter\View\View->render('edit', [], true)
 3 APPPATH\Controllers\User.php(83): view('edit', [...])
 4 SYSTEMPATH\CodeIgniter.php(896): App\Controllers\User->editMember('1')
 5 SYSTEMPATH\CodeIgniter.php(466): CodeIgniter\CodeIgniter->runController(Object(App\Controllers\User))
 6 SYSTEMPATH\CodeIgniter.php(349): CodeIgniter\CodeIgniter->handleRequest(null, Object(Config\Cache), false)
 7 FCPATH\index.php(55): CodeIgniter\CodeIgniter->run()
 8 SYSTEMPATH\Commands\Server\rewrite.php(43): require_once('FCPATH\\index.php')
CRITICAL - 2022-07-26 06:33:18 --> Invalid file: edit.php
in SYSTEMPATH\Exceptions\FrameworkException.php on line 33.
 1 SYSTEMPATH\View\View.php(201): CodeIgniter\Exceptions\FrameworkException::forInvalidFile('edit.php')
 2 SYSTEMPATH\Common.php(1135): CodeIgniter\View\View->render('edit', [], true)
 3 APPPATH\Controllers\User.php(83): view('edit', [...])
 4 SYSTEMPATH\CodeIgniter.php(896): App\Controllers\User->editMember('1')
 5 SYSTEMPATH\CodeIgniter.php(466): CodeIgniter\CodeIgniter->runController(Object(App\Controllers\User))
 6 SYSTEMPATH\CodeIgniter.php(349): CodeIgniter\CodeIgniter->handleRequest(null, Object(Config\Cache), false)
 7 FCPATH\index.php(55): CodeIgniter\CodeIgniter->run()
 8 SYSTEMPATH\Commands\Server\rewrite.php(43): require_once('FCPATH\\index.php')
CRITICAL - 2022-07-26 06:34:18 --> Invalid file: edit.php
in SYSTEMPATH\Exceptions\FrameworkException.php on line 33.
 1 SYSTEMPATH\View\View.php(201): CodeIgniter\Exceptions\FrameworkException::forInvalidFile('edit.php')
 2 SYSTEMPATH\Common.php(1135): CodeIgniter\View\View->render('edit', [], true)
 3 APPPATH\Controllers\User.php(83): view('edit', [...])
 4 SYSTEMPATH\CodeIgniter.php(896): App\Controllers\User->editMember('1')
 5 SYSTEMPATH\CodeIgniter.php(466): CodeIgniter\CodeIgniter->runController(Object(App\Controllers\User))
 6 SYSTEMPATH\CodeIgniter.php(349): CodeIgniter\CodeIgniter->handleRequest(null, Object(Config\Cache), false)
 7 FCPATH\index.php(55): CodeIgniter\CodeIgniter->run()
 8 SYSTEMPATH\Commands\Server\rewrite.php(43): require_once('FCPATH\\index.php')
CRITICAL - 2022-07-26 06:47:02 --> Undefined variable $getBarang
in APPPATH\Views\user\dashboard.php on line 13.
 1 APPPATH\Views\user\dashboard.php(13): CodeIgniter\Debug\Exceptions->errorHandler(2, 'Undefined variable $getBarang', 'APPPATH\\Views\\user\\dashboard.php', 13)
 2 SYSTEMPATH\View\View.php(213): include('APPPATH\\Views\\user\\dashboard.php')
 3 SYSTEMPATH\View\View.php(216): CodeIgniter\View\View->CodeIgniter\View\{closure}()
 4 SYSTEMPATH\Common.php(1135): CodeIgniter\View\View->render('user/dashboard', [], true)
 5 APPPATH\Controllers\User.php(19): view('user/dashboard')
 6 SYSTEMPATH\CodeIgniter.php(896): App\Controllers\User->index()
 7 SYSTEMPATH\CodeIgniter.php(466): CodeIgniter\CodeIgniter->runController(Object(App\Controllers\User))
 8 SYSTEMPATH\CodeIgniter.php(349): CodeIgniter\CodeIgniter->handleRequest(null, Object(Config\Cache), false)
 9 FCPATH\index.php(55): CodeIgniter\CodeIgniter->run()
10 SYSTEMPATH\Commands\Server\rewrite.php(43): require_once('FCPATH\\index.php')
CRITICAL - 2022-07-26 06:47:15 --> Undefined variable $getBio
in APPPATH\Views\user\dashboard.php on line 13.
 1 APPPATH\Views\user\dashboard.php(13): CodeIgniter\Debug\Exceptions->errorHandler(2, 'Undefined variable $getBio', 'APPPATH\\Views\\user\\dashboard.php', 13)
 2 SYSTEMPATH\View\View.php(213): include('APPPATH\\Views\\user\\dashboard.php')
 3 SYSTEMPATH\View\View.php(216): CodeIgniter\View\View->CodeIgniter\View\{closure}()
 4 SYSTEMPATH\Common.php(1135): CodeIgniter\View\View->render('user/dashboard', [], true)
 5 APPPATH\Controllers\User.php(19): view('user/dashboard')
 6 SYSTEMPATH\CodeIgniter.php(896): App\Controllers\User->index()
 7 SYSTEMPATH\CodeIgniter.php(466): CodeIgniter\CodeIgniter->runController(Object(App\Controllers\User))
 8 SYSTEMPATH\CodeIgniter.php(349): CodeIgniter\CodeIgniter->handleRequest(null, Object(Config\Cache), false)
 9 FCPATH\index.php(55): CodeIgniter\CodeIgniter->run()
10 SYSTEMPATH\Commands\Server\rewrite.php(43): require_once('FCPATH\\index.php')
CRITICAL - 2022-07-26 06:47:20 --> Undefined variable $getBiodata
in APPPATH\Views\user\dashboard.php on line 13.
 1 APPPATH\Views\user\dashboard.php(13): CodeIgniter\Debug\Exceptions->errorHandler(2, 'Undefined variable $getBiodata', 'APPPATH\\Views\\user\\dashboard.php', 13)
 2 SYSTEMPATH\View\View.php(213): include('APPPATH\\Views\\user\\dashboard.php')
 3 SYSTEMPATH\View\View.php(216): CodeIgniter\View\View->CodeIgniter\View\{closure}()
 4 SYSTEMPATH\Common.php(1135): CodeIgniter\View\View->render('user/dashboard', [], true)
 5 APPPATH\Controllers\User.php(19): view('user/dashboard')
 6 SYSTEMPATH\CodeIgniter.php(896): App\Controllers\User->index()
 7 SYSTEMPATH\CodeIgniter.php(466): CodeIgniter\CodeIgniter->runController(Object(App\Controllers\User))
 8 SYSTEMPATH\CodeIgniter.php(349): CodeIgniter\CodeIgniter->handleRequest(null, Object(Config\Cache), false)
 9 FCPATH\index.php(55): CodeIgniter\CodeIgniter->run()
10 SYSTEMPATH\Commands\Server\rewrite.php(43): require_once('FCPATH\\index.php')
CRITICAL - 2022-07-26 06:47:35 --> Undefined variable $getBiodata
in APPPATH\Views\user\dashboard.php on line 13.
 1 APPPATH\Views\user\dashboard.php(13): CodeIgniter\Debug\Exceptions->errorHandler(2, 'Undefined variable $getBiodata', 'APPPATH\\Views\\user\\dashboard.php', 13)
 2 SYSTEMPATH\View\View.php(213): include('APPPATH\\Views\\user\\dashboard.php')
 3 SYSTEMPATH\View\View.php(216): CodeIgniter\View\View->CodeIgniter\View\{closure}()
 4 SYSTEMPATH\Common.php(1135): CodeIgniter\View\View->render('user/dashboard', [], true)
 5 APPPATH\Controllers\User.php(19): view('user/dashboard')
 6 SYSTEMPATH\CodeIgniter.php(896): App\Controllers\User->index()
 7 SYSTEMPATH\CodeIgniter.php(466): CodeIgniter\CodeIgniter->runController(Object(App\Controllers\User))
 8 SYSTEMPATH\CodeIgniter.php(349): CodeIgniter\CodeIgniter->handleRequest(null, Object(Config\Cache), false)
 9 FCPATH\index.php(55): CodeIgniter\CodeIgniter->run()
10 SYSTEMPATH\Commands\Server\rewrite.php(43): require_once('FCPATH\\index.php')
CRITICAL - 2022-07-26 06:47:45 --> Undefined variable $getBio
in APPPATH\Views\user\dashboard.php on line 13.
 1 APPPATH\Views\user\dashboard.php(13): CodeIgniter\Debug\Exceptions->errorHandler(2, 'Undefined variable $getBio', 'APPPATH\\Views\\user\\dashboard.php', 13)
 2 SYSTEMPATH\View\View.php(213): include('APPPATH\\Views\\user\\dashboard.php')
 3 SYSTEMPATH\View\View.php(216): CodeIgniter\View\View->CodeIgniter\View\{closure}()
 4 SYSTEMPATH\Common.php(1135): CodeIgniter\View\View->render('user/dashboard', [], true)
 5 APPPATH\Controllers\User.php(19): view('user/dashboard')
 6 SYSTEMPATH\CodeIgniter.php(896): App\Controllers\User->index()
 7 SYSTEMPATH\CodeIgniter.php(466): CodeIgniter\CodeIgniter->runController(Object(App\Controllers\User))
 8 SYSTEMPATH\CodeIgniter.php(349): CodeIgniter\CodeIgniter->handleRequest(null, Object(Config\Cache), false)
 9 FCPATH\index.php(55): CodeIgniter\CodeIgniter->run()
10 SYSTEMPATH\Commands\Server\rewrite.php(43): require_once('FCPATH\\index.php')
CRITICAL - 2022-07-26 06:49:43 --> Undefined variable $getBiodata
in APPPATH\Views\user\dashboard.php on line 13.
 1 APPPATH\Views\user\dashboard.php(13): CodeIgniter\Debug\Exceptions->errorHandler(2, 'Undefined variable $getBiodata', 'APPPATH\\Views\\user\\dashboard.php', 13)
 2 SYSTEMPATH\View\View.php(213): include('APPPATH\\Views\\user\\dashboard.php')
 3 SYSTEMPATH\View\View.php(216): CodeIgniter\View\View->CodeIgniter\View\{closure}()
 4 SYSTEMPATH\Common.php(1135): CodeIgniter\View\View->render('user/dashboard', [], true)
 5 APPPATH\Controllers\User.php(19): view('user/dashboard')
 6 SYSTEMPATH\CodeIgniter.php(896): App\Controllers\User->index()
 7 SYSTEMPATH\CodeIgniter.php(466): CodeIgniter\CodeIgniter->runController(Object(App\Controllers\User))
 8 SYSTEMPATH\CodeIgniter.php(349): CodeIgniter\CodeIgniter->handleRequest(null, Object(Config\Cache), false)
 9 FCPATH\index.php(55): CodeIgniter\CodeIgniter->run()
10 SYSTEMPATH\Commands\Server\rewrite.php(43): require_once('FCPATH\\index.php')
CRITICAL - 2022-07-26 06:49:45 --> Undefined variable $getBiodata
in APPPATH\Views\user\dashboard.php on line 13.
 1 APPPATH\Views\user\dashboard.php(13): CodeIgniter\Debug\Exceptions->errorHandler(2, 'Undefined variable $getBiodata', 'APPPATH\\Views\\user\\dashboard.php', 13)
 2 SYSTEMPATH\View\View.php(213): include('APPPATH\\Views\\user\\dashboard.php')
 3 SYSTEMPATH\View\View.php(216): CodeIgniter\View\View->CodeIgniter\View\{closure}()
 4 SYSTEMPATH\Common.php(1135): CodeIgniter\View\View->render('user/dashboard', [], true)
 5 APPPATH\Controllers\User.php(19): view('user/dashboard')
 6 SYSTEMPATH\CodeIgniter.php(896): App\Controllers\User->index()
 7 SYSTEMPATH\CodeIgniter.php(466): CodeIgniter\CodeIgniter->runController(Object(App\Controllers\User))
 8 SYSTEMPATH\CodeIgniter.php(349): CodeIgniter\CodeIgniter->handleRequest(null, Object(Config\Cache), false)
 9 FCPATH\index.php(55): CodeIgniter\CodeIgniter->run()
10 SYSTEMPATH\Commands\Server\rewrite.php(43): require_once('FCPATH\\index.php')
CRITICAL - 2022-07-26 06:50:20 --> Undefined variable $getBiodata
in APPPATH\Views\user\dashboard.php on line 13.
 1 APPPATH\Views\user\dashboard.php(13): CodeIgniter\Debug\Exceptions->errorHandler(2, 'Undefined variable $getBiodata', 'APPPATH\\Views\\user\\dashboard.php', 13)
 2 SYSTEMPATH\View\View.php(213): include('APPPATH\\Views\\user\\dashboard.php')
 3 SYSTEMPATH\View\View.php(216): CodeIgniter\View\View->CodeIgniter\View\{closure}()
 4 SYSTEMPATH\Common.php(1135): CodeIgniter\View\View->render('user/dashboard', [], true)
 5 APPPATH\Controllers\User.php(19): view('user/dashboard')
 6 SYSTEMPATH\CodeIgniter.php(896): App\Controllers\User->index()
 7 SYSTEMPATH\CodeIgniter.php(466): CodeIgniter\CodeIgniter->runController(Object(App\Controllers\User))
 8 SYSTEMPATH\CodeIgniter.php(349): CodeIgniter\CodeIgniter->handleRequest(null, Object(Config\Cache), false)
 9 FCPATH\index.php(55): CodeIgniter\CodeIgniter->run()
10 SYSTEMPATH\Commands\Server\rewrite.php(43): require_once('FCPATH\\index.php')
CRITICAL - 2022-07-26 06:50:21 --> Undefined variable $getBiodata
in APPPATH\Views\user\dashboard.php on line 13.
 1 APPPATH\Views\user\dashboard.php(13): CodeIgniter\Debug\Exceptions->errorHandler(2, 'Undefined variable $getBiodata', 'APPPATH\\Views\\user\\dashboard.php', 13)
 2 SYSTEMPATH\View\View.php(213): include('APPPATH\\Views\\user\\dashboard.php')
 3 SYSTEMPATH\View\View.php(216): CodeIgniter\View\View->CodeIgniter\View\{closure}()
 4 SYSTEMPATH\Common.php(1135): CodeIgniter\View\View->render('user/dashboard', [], true)
 5 APPPATH\Controllers\User.php(19): view('user/dashboard')
 6 SYSTEMPATH\CodeIgniter.php(896): App\Controllers\User->index()
 7 SYSTEMPATH\CodeIgniter.php(466): CodeIgniter\CodeIgniter->runController(Object(App\Controllers\User))
 8 SYSTEMPATH\CodeIgniter.php(349): CodeIgniter\CodeIgniter->handleRequest(null, Object(Config\Cache), false)
 9 FCPATH\index.php(55): CodeIgniter\CodeIgniter->run()
10 SYSTEMPATH\Commands\Server\rewrite.php(43): require_once('FCPATH\\index.php')
CRITICAL - 2022-07-26 06:52:17 --> Undefined variable $getBiodata
in APPPATH\Views\user\dashboard.php on line 13.
 1 APPPATH\Views\user\dashboard.php(13): CodeIgniter\Debug\Exceptions->errorHandler(2, 'Undefined variable $getBiodata', 'APPPATH\\Views\\user\\dashboard.php', 13)
 2 SYSTEMPATH\View\View.php(213): include('APPPATH\\Views\\user\\dashboard.php')
 3 SYSTEMPATH\View\View.php(216): CodeIgniter\View\View->CodeIgniter\View\{closure}()
 4 SYSTEMPATH\Common.php(1135): CodeIgniter\View\View->render('user/dashboard', [], true)
 5 APPPATH\Controllers\User.php(19): view('user/dashboard')
 6 SYSTEMPATH\CodeIgniter.php(896): App\Controllers\User->index()
 7 SYSTEMPATH\CodeIgniter.php(466): CodeIgniter\CodeIgniter->runController(Object(App\Controllers\User))
 8 SYSTEMPATH\CodeIgniter.php(349): CodeIgniter\CodeIgniter->handleRequest(null, Object(Config\Cache), false)
 9 FCPATH\index.php(55): CodeIgniter\CodeIgniter->run()
10 SYSTEMPATH\Commands\Server\rewrite.php(43): require_once('FCPATH\\index.php')
CRITICAL - 2022-07-26 06:52:43 --> Undefined variable $isi
in APPPATH\Views\user\dashboard.php on line 14.
 1 APPPATH\Views\user\dashboard.php(14): CodeIgniter\Debug\Exceptions->errorHandler(2, 'Undefined variable $isi', 'APPPATH\\Views\\user\\dashboard.php', 14)
 2 SYSTEMPATH\View\View.php(213): include('APPPATH\\Views\\user\\dashboard.php')
 3 SYSTEMPATH\View\View.php(216): CodeIgniter\View\View->CodeIgniter\View\{closure}()
 4 SYSTEMPATH\Common.php(1135): CodeIgniter\View\View->render('user/dashboard', [], true)
 5 APPPATH\Controllers\User.php(19): view('user/dashboard')
 6 SYSTEMPATH\CodeIgniter.php(896): App\Controllers\User->index()
 7 SYSTEMPATH\CodeIgniter.php(466): CodeIgniter\CodeIgniter->runController(Object(App\Controllers\User))
 8 SYSTEMPATH\CodeIgniter.php(349): CodeIgniter\CodeIgniter->handleRequest(null, Object(Config\Cache), false)
 9 FCPATH\index.php(55): CodeIgniter\CodeIgniter->run()
10 SYSTEMPATH\Commands\Server\rewrite.php(43): require_once('FCPATH\\index.php')
CRITICAL - 2022-07-26 06:53:15 --> Undefined variable $id
in APPPATH\Views\user\dashboard.php on line 14.
 1 APPPATH\Views\user\dashboard.php(14): CodeIgniter\Debug\Exceptions->errorHandler(2, 'Undefined variable $id', 'APPPATH\\Views\\user\\dashboard.php', 14)
 2 SYSTEMPATH\View\View.php(213): include('APPPATH\\Views\\user\\dashboard.php')
 3 SYSTEMPATH\View\View.php(216): CodeIgniter\View\View->CodeIgniter\View\{closure}()
 4 SYSTEMPATH\Common.php(1135): CodeIgniter\View\View->render('user/dashboard', [], true)
 5 APPPATH\Controllers\User.php(19): view('user/dashboard')
 6 SYSTEMPATH\CodeIgniter.php(896): App\Controllers\User->index()
 7 SYSTEMPATH\CodeIgniter.php(466): CodeIgniter\CodeIgniter->runController(Object(App\Controllers\User))
 8 SYSTEMPATH\CodeIgniter.php(349): CodeIgniter\CodeIgniter->handleRequest(null, Object(Config\Cache), false)
 9 FCPATH\index.php(55): CodeIgniter\CodeIgniter->run()
10 SYSTEMPATH\Commands\Server\rewrite.php(43): require_once('FCPATH\\index.php')
CRITICAL - 2022-07-26 06:54:14 --> Undefined variable $id
in APPPATH\Views\user\dashboard.php on line 14.
 1 APPPATH\Views\user\dashboard.php(14): CodeIgniter\Debug\Exceptions->errorHandler(2, 'Undefined variable $id', 'APPPATH\\Views\\user\\dashboard.php', 14)
 2 SYSTEMPATH\View\View.php(213): include('APPPATH\\Views\\user\\dashboard.php')
 3 SYSTEMPATH\View\View.php(216): CodeIgniter\View\View->CodeIgniter\View\{closure}()
 4 SYSTEMPATH\Common.php(1135): CodeIgniter\View\View->render('user/dashboard', [], true)
 5 APPPATH\Controllers\User.php(19): view('user/dashboard')
 6 SYSTEMPATH\CodeIgniter.php(896): App\Controllers\User->index()
 7 SYSTEMPATH\CodeIgniter.php(466): CodeIgniter\CodeIgniter->runController(Object(App\Controllers\User))
 8 SYSTEMPATH\CodeIgniter.php(349): CodeIgniter\CodeIgniter->handleRequest(null, Object(Config\Cache), false)
 9 FCPATH\index.php(55): CodeIgniter\CodeIgniter->run()
10 SYSTEMPATH\Commands\Server\rewrite.php(43): require_once('FCPATH\\index.php')
CRITICAL - 2022-07-26 06:54:15 --> Undefined variable $id
in APPPATH\Views\user\dashboard.php on line 14.
 1 APPPATH\Views\user\dashboard.php(14): CodeIgniter\Debug\Exceptions->errorHandler(2, 'Undefined variable $id', 'APPPATH\\Views\\user\\dashboard.php', 14)
 2 SYSTEMPATH\View\View.php(213): include('APPPATH\\Views\\user\\dashboard.php')
 3 SYSTEMPATH\View\View.php(216): CodeIgniter\View\View->CodeIgniter\View\{closure}()
 4 SYSTEMPATH\Common.php(1135): CodeIgniter\View\View->render('user/dashboard', [], true)
 5 APPPATH\Controllers\User.php(19): view('user/dashboard')
 6 SYSTEMPATH\CodeIgniter.php(896): App\Controllers\User->index()
 7 SYSTEMPATH\CodeIgniter.php(466): CodeIgniter\CodeIgniter->runController(Object(App\Controllers\User))
 8 SYSTEMPATH\CodeIgniter.php(349): CodeIgniter\CodeIgniter->handleRequest(null, Object(Config\Cache), false)
 9 FCPATH\index.php(55): CodeIgniter\CodeIgniter->run()
10 SYSTEMPATH\Commands\Server\rewrite.php(43): require_once('FCPATH\\index.php')
CRITICAL - 2022-07-26 06:54:33 --> Undefined variable $getBiodata
in APPPATH\Views\user\dashboard.php on line 13.
 1 APPPATH\Views\user\dashboard.php(13): CodeIgniter\Debug\Exceptions->errorHandler(2, 'Undefined variable $getBiodata', 'APPPATH\\Views\\user\\dashboard.php', 13)
 2 SYSTEMPATH\View\View.php(213): include('APPPATH\\Views\\user\\dashboard.php')
 3 SYSTEMPATH\View\View.php(216): CodeIgniter\View\View->CodeIgniter\View\{closure}()
 4 SYSTEMPATH\Common.php(1135): CodeIgniter\View\View->render('user/dashboard', [], true)
 5 APPPATH\Controllers\User.php(19): view('user/dashboard')
 6 SYSTEMPATH\CodeIgniter.php(896): App\Controllers\User->index()
 7 SYSTEMPATH\CodeIgniter.php(466): CodeIgniter\CodeIgniter->runController(Object(App\Controllers\User))
 8 SYSTEMPATH\CodeIgniter.php(349): CodeIgniter\CodeIgniter->handleRequest(null, Object(Config\Cache), false)
 9 FCPATH\index.php(55): CodeIgniter\CodeIgniter->run()
10 SYSTEMPATH\Commands\Server\rewrite.php(43): require_once('FCPATH\\index.php')
CRITICAL - 2022-07-26 06:56:58 --> Undefined variable $getBiodata
in APPPATH\Views\user\dashboard.php on line 13.
 1 APPPATH\Views\user\dashboard.php(13): CodeIgniter\Debug\Exceptions->errorHandler(2, 'Undefined variable $getBiodata', 'APPPATH\\Views\\user\\dashboard.php', 13)
 2 SYSTEMPATH\View\View.php(213): include('APPPATH\\Views\\user\\dashboard.php')
 3 SYSTEMPATH\View\View.php(216): CodeIgniter\View\View->CodeIgniter\View\{closure}()
 4 SYSTEMPATH\Common.php(1135): CodeIgniter\View\View->render('user/dashboard', [], true)
 5 APPPATH\Controllers\User.php(19): view('user/dashboard')
 6 SYSTEMPATH\CodeIgniter.php(896): App\Controllers\User->index()
 7 SYSTEMPATH\CodeIgniter.php(466): CodeIgniter\CodeIgniter->runController(Object(App\Controllers\User))
 8 SYSTEMPATH\CodeIgniter.php(349): CodeIgniter\CodeIgniter->handleRequest(null, Object(Config\Cache), false)
 9 FCPATH\index.php(55): CodeIgniter\CodeIgniter->run()
10 SYSTEMPATH\Commands\Server\rewrite.php(43): require_once('FCPATH\\index.php')
CRITICAL - 2022-07-26 06:56:59 --> Undefined variable $getBiodata
in APPPATH\Views\user\dashboard.php on line 13.
 1 APPPATH\Views\user\dashboard.php(13): CodeIgniter\Debug\Exceptions->errorHandler(2, 'Undefined variable $getBiodata', 'APPPATH\\Views\\user\\dashboard.php', 13)
 2 SYSTEMPATH\View\View.php(213): include('APPPATH\\Views\\user\\dashboard.php')
 3 SYSTEMPATH\View\View.php(216): CodeIgniter\View\View->CodeIgniter\View\{closure}()
 4 SYSTEMPATH\Common.php(1135): CodeIgniter\View\View->render('user/dashboard', [], true)
 5 APPPATH\Controllers\User.php(19): view('user/dashboard')
 6 SYSTEMPATH\CodeIgniter.php(896): App\Controllers\User->index()
 7 SYSTEMPATH\CodeIgniter.php(466): CodeIgniter\CodeIgniter->runController(Object(App\Controllers\User))
 8 SYSTEMPATH\CodeIgniter.php(349): CodeIgniter\CodeIgniter->handleRequest(null, Object(Config\Cache), false)
 9 FCPATH\index.php(55): CodeIgniter\CodeIgniter->run()
10 SYSTEMPATH\Commands\Server\rewrite.php(43): require_once('FCPATH\\index.php')
CRITICAL - 2022-07-26 06:57:21 --> syntax error, unexpected token "<"
in APPPATH\Views\user\dashboard.php on line 14.
 1 SYSTEMPATH\View\View.php(216): CodeIgniter\View\View->CodeIgniter\View\{closure}()
 2 SYSTEMPATH\Common.php(1135): CodeIgniter\View\View->render('user/dashboard', [], true)
 3 APPPATH\Controllers\User.php(19): view('user/dashboard')
 4 SYSTEMPATH\CodeIgniter.php(896): App\Controllers\User->index()
 5 SYSTEMPATH\CodeIgniter.php(466): CodeIgniter\CodeIgniter->runController(Object(App\Controllers\User))
 6 SYSTEMPATH\CodeIgniter.php(349): CodeIgniter\CodeIgniter->handleRequest(null, Object(Config\Cache), false)
 7 FCPATH\index.php(55): CodeIgniter\CodeIgniter->run()
 8 SYSTEMPATH\Commands\Server\rewrite.php(43): require_once('FCPATH\\index.php')
CRITICAL - 2022-07-26 06:57:39 --> syntax error, unexpected token "<"
in APPPATH\Views\user\dashboard.php on line 14.
 1 SYSTEMPATH\View\View.php(216): CodeIgniter\View\View->CodeIgniter\View\{closure}()
 2 SYSTEMPATH\Common.php(1135): CodeIgniter\View\View->render('user/dashboard', [], true)
 3 APPPATH\Controllers\User.php(19): view('user/dashboard')
 4 SYSTEMPATH\CodeIgniter.php(896): App\Controllers\User->index()
 5 SYSTEMPATH\CodeIgniter.php(466): CodeIgniter\CodeIgniter->runController(Object(App\Controllers\User))
 6 SYSTEMPATH\CodeIgniter.php(349): CodeIgniter\CodeIgniter->handleRequest(null, Object(Config\Cache), false)
 7 FCPATH\index.php(55): CodeIgniter\CodeIgniter->run()
 8 SYSTEMPATH\Commands\Server\rewrite.php(43): require_once('FCPATH\\index.php')
CRITICAL - 2022-07-26 06:58:45 --> Undefined variable $getBiodata
in APPPATH\Views\user\dashboard.php on line 13.
 1 APPPATH\Views\user\dashboard.php(13): CodeIgniter\Debug\Exceptions->errorHandler(2, 'Undefined variable $getBiodata', 'APPPATH\\Views\\user\\dashboard.php', 13)
 2 SYSTEMPATH\View\View.php(213): include('APPPATH\\Views\\user\\dashboard.php')
 3 SYSTEMPATH\View\View.php(216): CodeIgniter\View\View->CodeIgniter\View\{closure}()
 4 SYSTEMPATH\Common.php(1135): CodeIgniter\View\View->render('user/dashboard', [], true)
 5 APPPATH\Controllers\User.php(19): view('user/dashboard')
 6 SYSTEMPATH\CodeIgniter.php(896): App\Controllers\User->index()
 7 SYSTEMPATH\CodeIgniter.php(466): CodeIgniter\CodeIgniter->runController(Object(App\Controllers\User))
 8 SYSTEMPATH\CodeIgniter.php(349): CodeIgniter\CodeIgniter->handleRequest(null, Object(Config\Cache), false)
 9 FCPATH\index.php(55): CodeIgniter\CodeIgniter->run()
10 SYSTEMPATH\Commands\Server\rewrite.php(43): require_once('FCPATH\\index.php')
CRITICAL - 2022-07-26 07:28:27 --> Undefined variable $info
in APPPATH\Views\admin\dashboard.php on line 175.
 1 APPPATH\Views\admin\dashboard.php(175): CodeIgniter\Debug\Exceptions->errorHandler(2, 'Undefined variable $info', 'APPPATH\\Views\\admin\\dashboard.php', 175)
 2 SYSTEMPATH\View\View.php(213): include('APPPATH\\Views\\admin\\dashboard.php')
 3 SYSTEMPATH\View\View.php(216): CodeIgniter\View\View->CodeIgniter\View\{closure}()
 4 SYSTEMPATH\Common.php(1135): CodeIgniter\View\View->render('admin/dashboard', [], true)
 5 APPPATH\Controllers\AdminController.php(25): view('admin/dashboard', [...])
 6 SYSTEMPATH\CodeIgniter.php(896): App\Controllers\AdminController->index()
 7 SYSTEMPATH\CodeIgniter.php(466): CodeIgniter\CodeIgniter->runController(Object(App\Controllers\AdminController))
 8 SYSTEMPATH\CodeIgniter.php(349): CodeIgniter\CodeIgniter->handleRequest(null, Object(Config\Cache), false)
 9 FCPATH\index.php(55): CodeIgniter\CodeIgniter->run()
10 SYSTEMPATH\Commands\Server\rewrite.php(43): require_once('FCPATH\\index.php')
CRITICAL - 2022-07-26 07:40:52 --> Undefined variable $csrf_fiel
in APPPATH\Views\register.php on line 31.
 1 APPPATH\Views\register.php(31): CodeIgniter\Debug\Exceptions->errorHandler(2, 'Undefined variable $csrf_fiel', 'APPPATH\\Views\\register.php', 31)
 2 SYSTEMPATH\View\View.php(213): include('APPPATH\\Views\\register.php')
 3 SYSTEMPATH\View\View.php(216): CodeIgniter\View\View->CodeIgniter\View\{closure}()
 4 SYSTEMPATH\Common.php(1135): CodeIgniter\View\View->render('register', [], true)
 5 APPPATH\Controllers\UserController.php(60): view('register')
 6 SYSTEMPATH\CodeIgniter.php(896): App\Controllers\UserController->register()
 7 SYSTEMPATH\CodeIgniter.php(466): CodeIgniter\CodeIgniter->runController(Object(App\Controllers\UserController))
 8 SYSTEMPATH\CodeIgniter.php(349): CodeIgniter\CodeIgniter->handleRequest(null, Object(Config\Cache), false)
 9 FCPATH\index.php(55): CodeIgniter\CodeIgniter->run()
10 SYSTEMPATH\Commands\Server\rewrite.php(43): require_once('FCPATH\\index.php')
CRITICAL - 2022-07-26 07:41:08 --> Undefined variable $csrf_field
in APPPATH\Views\register.php on line 31.
 1 APPPATH\Views\register.php(31): CodeIgniter\Debug\Exceptions->errorHandler(2, 'Undefined variable $csrf_field', 'APPPATH\\Views\\register.php', 31)
 2 SYSTEMPATH\View\View.php(213): include('APPPATH\\Views\\register.php')
 3 SYSTEMPATH\View\View.php(216): CodeIgniter\View\View->CodeIgniter\View\{closure}()
 4 SYSTEMPATH\Common.php(1135): CodeIgniter\View\View->render('register', [], true)
 5 APPPATH\Controllers\UserController.php(60): view('register')
 6 SYSTEMPATH\CodeIgniter.php(896): App\Controllers\UserController->register()
 7 SYSTEMPATH\CodeIgniter.php(466): CodeIgniter\CodeIgniter->runController(Object(App\Controllers\UserController))
 8 SYSTEMPATH\CodeIgniter.php(349): CodeIgniter\CodeIgniter->handleRequest(null, Object(Config\Cache), false)
 9 FCPATH\index.php(55): CodeIgniter\CodeIgniter->run()
10 SYSTEMPATH\Commands\Server\rewrite.php(43): require_once('FCPATH\\index.php')
ERROR - 2022-07-26 08:19:46 --> Column 'pertanyaan' cannot be null
CRITICAL - 2022-07-26 08:19:46 --> Column 'pertanyaan' cannot be null
in SYSTEMPATH\Database\MySQLi\Connection.php on line 292.
 1 SYSTEMPATH\Database\MySQLi\Connection.php(292): mysqli->query('INSERT INTO `Kuesioner_belajar` (`pertanyaan`) VALUES (NULL)', 0)
 2 SYSTEMPATH\Database\BaseConnection.php(695): CodeIgniter\Database\MySQLi\Connection->execute('INSERT INTO `Kuesioner_belajar` (`pertanyaan`) VALUES (NULL)')
 3 SYSTEMPATH\Database\BaseConnection.php(609): CodeIgniter\Database\BaseConnection->simpleQuery('INSERT INTO `Kuesioner_belajar` (`pertanyaan`) VALUES (NULL)')
 4 SYSTEMPATH\Database\BaseBuilder.php(1904): CodeIgniter\Database\BaseConnection->query('INSERT INTO `Kuesioner_belajar` (`pertanyaan`) VALUES (:pertanyaan:)', [...], false)
 5 SYSTEMPATH\Model.php(278): CodeIgniter\Database\BaseBuilder->insert()
 6 SYSTEMPATH\BaseModel.php(738): CodeIgniter\Model->doInsert([...])
 7 SYSTEMPATH\Model.php(666): CodeIgniter\BaseModel->insert([...], false)
 8 SYSTEMPATH\BaseModel.php(658): CodeIgniter\Model->insert([...], false)
 9 APPPATH\Controllers\AdminController.php(36): CodeIgniter\BaseModel->save([...])
10 SYSTEMPATH\CodeIgniter.php(896): App\Controllers\AdminController->createBelajar()
11 SYSTEMPATH\CodeIgniter.php(466): CodeIgniter\CodeIgniter->runController(Object(App\Controllers\AdminController))
12 SYSTEMPATH\CodeIgniter.php(349): CodeIgniter\CodeIgniter->handleRequest(null, Object(Config\Cache), false)
13 FCPATH\index.php(55): CodeIgniter\CodeIgniter->run()
14 SYSTEMPATH\Commands\Server\rewrite.php(43): require_once('FCPATH\\index.php')
ERROR - 2022-07-26 08:20:44 --> Column 'pertanyaan' cannot be null
CRITICAL - 2022-07-26 08:20:44 --> Column 'pertanyaan' cannot be null
in SYSTEMPATH\Database\MySQLi\Connection.php on line 292.
 1 SYSTEMPATH\Database\MySQLi\Connection.php(292): mysqli->query('INSERT INTO `Kuesioner_belajar` (`pertanyaan`) VALUES (NULL)', 0)
 2 SYSTEMPATH\Database\BaseConnection.php(695): CodeIgniter\Database\MySQLi\Connection->execute('INSERT INTO `Kuesioner_belajar` (`pertanyaan`) VALUES (NULL)')
 3 SYSTEMPATH\Database\BaseConnection.php(609): CodeIgniter\Database\BaseConnection->simpleQuery('INSERT INTO `Kuesioner_belajar` (`pertanyaan`) VALUES (NULL)')
 4 SYSTEMPATH\Database\BaseBuilder.php(1904): CodeIgniter\Database\BaseConnection->query('INSERT INTO `Kuesioner_belajar` (`pertanyaan`) VALUES (:pertanyaan:)', [...], false)
 5 SYSTEMPATH\Model.php(278): CodeIgniter\Database\BaseBuilder->insert()
 6 SYSTEMPATH\BaseModel.php(738): CodeIgniter\Model->doInsert([...])
 7 SYSTEMPATH\Model.php(666): CodeIgniter\BaseModel->insert([...], false)
 8 SYSTEMPATH\BaseModel.php(658): CodeIgniter\Model->insert([...], false)
 9 APPPATH\Controllers\AdminController.php(36): CodeIgniter\BaseModel->save([...])
10 SYSTEMPATH\CodeIgniter.php(896): App\Controllers\AdminController->createBelajar()
11 SYSTEMPATH\CodeIgniter.php(466): CodeIgniter\CodeIgniter->runController(Object(App\Controllers\AdminController))
12 SYSTEMPATH\CodeIgniter.php(349): CodeIgniter\CodeIgniter->handleRequest(null, Object(Config\Cache), false)
13 FCPATH\index.php(55): CodeIgniter\CodeIgniter->run()
14 SYSTEMPATH\Commands\Server\rewrite.php(43): require_once('FCPATH\\index.php')
ERROR - 2022-07-26 08:27:19 --> Cannot add or update a child row: a foreign key constraint fails (`universitas`.`Kuesioner_belajar`, CONSTRAINT `Kuesioner_belajar_ibfk_1` FOREIGN KEY (`id_hasil`) REFERENCES `hasil` (`id_hasil`))
CRITICAL - 2022-07-26 08:27:19 --> Cannot add or update a child row: a foreign key constraint fails (`universitas`.`Kuesioner_belajar`, CONSTRAINT `Kuesioner_belajar_ibfk_1` FOREIGN KEY (`id_hasil`) REFERENCES `hasil` (`id_hasil`))
in SYSTEMPATH\Database\MySQLi\Connection.php on line 292.
 1 SYSTEMPATH\Database\MySQLi\Connection.php(292): mysqli->query('INSERT INTO `Kuesioner_belajar` (`pertanyaan`) VALUES (\'ada\')', 0)
 2 SYSTEMPATH\Database\BaseConnection.php(695): CodeIgniter\Database\MySQLi\Connection->execute('INSERT INTO `Kuesioner_belajar` (`pertanyaan`) VALUES (\'ada\')')
 3 SYSTEMPATH\Database\BaseConnection.php(609): CodeIgniter\Database\BaseConnection->simpleQuery('INSERT INTO `Kuesioner_belajar` (`pertanyaan`) VALUES (\'ada\')')
 4 SYSTEMPATH\Database\BaseBuilder.php(1904): CodeIgniter\Database\BaseConnection->query('INSERT INTO `Kuesioner_belajar` (`pertanyaan`) VALUES (:pertanyaan:)', [...], false)
 5 SYSTEMPATH\Model.php(278): CodeIgniter\Database\BaseBuilder->insert()
 6 SYSTEMPATH\BaseModel.php(738): CodeIgniter\Model->doInsert([...])
 7 SYSTEMPATH\Model.php(666): CodeIgniter\BaseModel->insert([...], false)
 8 SYSTEMPATH\BaseModel.php(658): CodeIgniter\Model->insert([...], false)
 9 APPPATH\Controllers\AdminController.php(40): CodeIgniter\BaseModel->save([...])
10 SYSTEMPATH\CodeIgniter.php(896): App\Controllers\AdminController->createBelajar()
11 SYSTEMPATH\CodeIgniter.php(466): CodeIgniter\CodeIgniter->runController(Object(App\Controllers\AdminController))
12 SYSTEMPATH\CodeIgniter.php(349): CodeIgniter\CodeIgniter->handleRequest(null, Object(Config\Cache), false)
13 FCPATH\index.php(55): CodeIgniter\CodeIgniter->run()
14 SYSTEMPATH\Commands\Server\rewrite.php(43): require_once('FCPATH\\index.php')
ERROR - 2022-07-26 08:34:52 --> Cannot add or update a child row: a foreign key constraint fails (`universitas`.`Kuesioner_belajar`, CONSTRAINT `Kuesioner_belajar_ibfk_1` FOREIGN KEY (`id_hasil`) REFERENCES `hasil` (`id_hasil`))
CRITICAL - 2022-07-26 08:34:52 --> Cannot add or update a child row: a foreign key constraint fails (`universitas`.`Kuesioner_belajar`, CONSTRAINT `Kuesioner_belajar_ibfk_1` FOREIGN KEY (`id_hasil`) REFERENCES `hasil` (`id_hasil`))
in SYSTEMPATH\Database\MySQLi\Connection.php on line 292.
 1 SYSTEMPATH\Database\MySQLi\Connection.php(292): mysqli->query('INSERT INTO `Kuesioner_belajar` (`pertanyaan`) VALUES (\'ada12\')', 0)
 2 SYSTEMPATH\Database\BaseConnection.php(695): CodeIgniter\Database\MySQLi\Connection->execute('INSERT INTO `Kuesioner_belajar` (`pertanyaan`) VALUES (\'ada12\')')
 3 SYSTEMPATH\Database\BaseConnection.php(609): CodeIgniter\Database\BaseConnection->simpleQuery('INSERT INTO `Kuesioner_belajar` (`pertanyaan`) VALUES (\'ada12\')')
 4 SYSTEMPATH\Database\BaseBuilder.php(1904): CodeIgniter\Database\BaseConnection->query('INSERT INTO `Kuesioner_belajar` (`pertanyaan`) VALUES (:pertanyaan:)', [...], false)
 5 SYSTEMPATH\Model.php(278): CodeIgniter\Database\BaseBuilder->insert()
 6 SYSTEMPATH\BaseModel.php(738): CodeIgniter\Model->doInsert([...])
 7 SYSTEMPATH\Model.php(666): CodeIgniter\BaseModel->insert([...], false)
 8 SYSTEMPATH\BaseModel.php(658): CodeIgniter\Model->insert([...], false)
 9 APPPATH\Controllers\AdminController.php(40): CodeIgniter\BaseModel->save([...])
10 SYSTEMPATH\CodeIgniter.php(896): App\Controllers\AdminController->createBelajar()
11 SYSTEMPATH\CodeIgniter.php(466): CodeIgniter\CodeIgniter->runController(Object(App\Controllers\AdminController))
12 SYSTEMPATH\CodeIgniter.php(349): CodeIgniter\CodeIgniter->handleRequest(null, Object(Config\Cache), false)
13 FCPATH\index.php(55): CodeIgniter\CodeIgniter->run()
14 SYSTEMPATH\Commands\Server\rewrite.php(43): require_once('FCPATH\\index.php')
ERROR - 2022-07-26 08:49:45 --> Table 'universitas.bekerja' doesn't exist
CRITICAL - 2022-07-26 08:49:45 --> Table 'universitas.bekerja' doesn't exist
in SYSTEMPATH\Database\MySQLi\Connection.php on line 292.
 1 SYSTEMPATH\Database\MySQLi\Connection.php(292): mysqli->query('INSERT INTO `bekerja` (`pertanyaan`) VALUES (\'ada11\')', 0)
 2 SYSTEMPATH\Database\BaseConnection.php(695): CodeIgniter\Database\MySQLi\Connection->execute('INSERT INTO `bekerja` (`pertanyaan`) VALUES (\'ada11\')')
 3 SYSTEMPATH\Database\BaseConnection.php(609): CodeIgniter\Database\BaseConnection->simpleQuery('INSERT INTO `bekerja` (`pertanyaan`) VALUES (\'ada11\')')
 4 SYSTEMPATH\Database\BaseBuilder.php(1904): CodeIgniter\Database\BaseConnection->query('INSERT INTO `bekerja` (`pertanyaan`) VALUES (:pertanyaan:)', [...], false)
 5 SYSTEMPATH\Model.php(278): CodeIgniter\Database\BaseBuilder->insert()
 6 SYSTEMPATH\BaseModel.php(738): CodeIgniter\Model->doInsert([...])
 7 SYSTEMPATH\Model.php(666): CodeIgniter\BaseModel->insert([...], false)
 8 SYSTEMPATH\BaseModel.php(658): CodeIgniter\Model->insert([...], false)
 9 APPPATH\Controllers\AdminController.php(59): CodeIgniter\BaseModel->save([...])
10 SYSTEMPATH\CodeIgniter.php(896): App\Controllers\AdminController->createBekerja()
11 SYSTEMPATH\CodeIgniter.php(466): CodeIgniter\CodeIgniter->runController(Object(App\Controllers\AdminController))
12 SYSTEMPATH\CodeIgniter.php(349): CodeIgniter\CodeIgniter->handleRequest(null, Object(Config\Cache), false)
13 FCPATH\index.php(55): CodeIgniter\CodeIgniter->run()
14 SYSTEMPATH\Commands\Server\rewrite.php(43): require_once('FCPATH\\index.php')
ERROR - 2022-07-26 08:50:44 --> Table 'universitas.bekerja' doesn't exist
CRITICAL - 2022-07-26 08:50:44 --> Table 'universitas.bekerja' doesn't exist
in SYSTEMPATH\Database\MySQLi\Connection.php on line 292.
 1 SYSTEMPATH\Database\MySQLi\Connection.php(292): mysqli->query('INSERT INTO `bekerja` (`pertanyaan`) VALUES (\'ada11\')', 0)
 2 SYSTEMPATH\Database\BaseConnection.php(695): CodeIgniter\Database\MySQLi\Connection->execute('INSERT INTO `bekerja` (`pertanyaan`) VALUES (\'ada11\')')
 3 SYSTEMPATH\Database\BaseConnection.php(609): CodeIgniter\Database\BaseConnection->simpleQuery('INSERT INTO `bekerja` (`pertanyaan`) VALUES (\'ada11\')')
 4 SYSTEMPATH\Database\BaseBuilder.php(1904): CodeIgniter\Database\BaseConnection->query('INSERT INTO `bekerja` (`pertanyaan`) VALUES (:pertanyaan:)', [...], false)
 5 SYSTEMPATH\Model.php(278): CodeIgniter\Database\BaseBuilder->insert()
 6 SYSTEMPATH\BaseModel.php(738): CodeIgniter\Model->doInsert([...])
 7 SYSTEMPATH\Model.php(666): CodeIgniter\BaseModel->insert([...], false)
 8 SYSTEMPATH\BaseModel.php(658): CodeIgniter\Model->insert([...], false)
 9 APPPATH\Controllers\AdminController.php(59): CodeIgniter\BaseModel->save([...])
10 SYSTEMPATH\CodeIgniter.php(896): App\Controllers\AdminController->createBekerja()
11 SYSTEMPATH\CodeIgniter.php(466): CodeIgniter\CodeIgniter->runController(Object(App\Controllers\AdminController))
12 SYSTEMPATH\CodeIgniter.php(349): CodeIgniter\CodeIgniter->handleRequest(null, Object(Config\Cache), false)
13 FCPATH\index.php(55): CodeIgniter\CodeIgniter->run()
14 SYSTEMPATH\Commands\Server\rewrite.php(43): require_once('FCPATH\\index.php')
ERROR - 2022-07-26 08:52:02 --> Table 'universitas.bekerja' doesn't exist
CRITICAL - 2022-07-26 08:52:02 --> Table 'universitas.bekerja' doesn't exist
in SYSTEMPATH\Database\MySQLi\Connection.php on line 292.
 1 SYSTEMPATH\Database\MySQLi\Connection.php(292): mysqli->query('INSERT INTO `bekerja` (`pertanyaan`) VALUES (\'\')', 0)
 2 SYSTEMPATH\Database\BaseConnection.php(695): CodeIgniter\Database\MySQLi\Connection->execute('INSERT INTO `bekerja` (`pertanyaan`) VALUES (\'\')')
 3 SYSTEMPATH\Database\BaseConnection.php(609): CodeIgniter\Database\BaseConnection->simpleQuery('INSERT INTO `bekerja` (`pertanyaan`) VALUES (\'\')')
 4 SYSTEMPATH\Database\BaseBuilder.php(1904): CodeIgniter\Database\BaseConnection->query('INSERT INTO `bekerja` (`pertanyaan`) VALUES (:pertanyaan:)', [...], false)
 5 SYSTEMPATH\Model.php(278): CodeIgniter\Database\BaseBuilder->insert()
 6 SYSTEMPATH\BaseModel.php(738): CodeIgniter\Model->doInsert([...])
 7 SYSTEMPATH\Model.php(666): CodeIgniter\BaseModel->insert([...], false)
 8 SYSTEMPATH\BaseModel.php(658): CodeIgniter\Model->insert([...], false)
 9 APPPATH\Controllers\AdminController.php(59): CodeIgniter\BaseModel->save([...])
10 SYSTEMPATH\CodeIgniter.php(896): App\Controllers\AdminController->createBekerja()
11 SYSTEMPATH\CodeIgniter.php(466): CodeIgniter\CodeIgniter->runController(Object(App\Controllers\AdminController))
12 SYSTEMPATH\CodeIgniter.php(349): CodeIgniter\CodeIgniter->handleRequest(null, Object(Config\Cache), false)
13 FCPATH\index.php(55): CodeIgniter\CodeIgniter->run()
14 SYSTEMPATH\Commands\Server\rewrite.php(43): require_once('FCPATH\\index.php')
ERROR - 2022-07-26 09:03:18 --> Cannot add or update a child row: a foreign key constraint fails (`universitas`.`Kuesioner_wirausaha`, CONSTRAINT `Kuesioner_wirausaha_ibfk_1` FOREIGN KEY (`id_hasil`) REFERENCES `hasil` (`id_hasil`))
CRITICAL - 2022-07-26 09:03:18 --> Cannot add or update a child row: a foreign key constraint fails (`universitas`.`Kuesioner_wirausaha`, CONSTRAINT `Kuesioner_wirausaha_ibfk_1` FOREIGN KEY (`id_hasil`) REFERENCES `hasil` (`id_hasil`))
in SYSTEMPATH\Database\MySQLi\Connection.php on line 292.
 1 SYSTEMPATH\Database\MySQLi\Connection.php(292): mysqli->query('INSERT INTO `Kuesioner_wirausaha` (`pertanyaan`) VALUES (\'ada12\')', 0)
 2 SYSTEMPATH\Database\BaseConnection.php(695): CodeIgniter\Database\MySQLi\Connection->execute('INSERT INTO `Kuesioner_wirausaha` (`pertanyaan`) VALUES (\'ada12\')')
 3 SYSTEMPATH\Database\BaseConnection.php(609): CodeIgniter\Database\BaseConnection->simpleQuery('INSERT INTO `Kuesioner_wirausaha` (`pertanyaan`) VALUES (\'ada12\')')
 4 SYSTEMPATH\Database\BaseBuilder.php(1904): CodeIgniter\Database\BaseConnection->query('INSERT INTO `Kuesioner_wirausaha` (`pertanyaan`) VALUES (:pertanyaan:)', [...], false)
 5 SYSTEMPATH\Model.php(278): CodeIgniter\Database\BaseBuilder->insert()
 6 SYSTEMPATH\BaseModel.php(738): CodeIgniter\Model->doInsert([...])
 7 SYSTEMPATH\Model.php(666): CodeIgniter\BaseModel->insert([...], false)
 8 SYSTEMPATH\BaseModel.php(658): CodeIgniter\Model->insert([...], false)
 9 APPPATH\Controllers\AdminController.php(78): CodeIgniter\BaseModel->save([...])
10 SYSTEMPATH\CodeIgniter.php(896): App\Controllers\AdminController->createWirausaha()
11 SYSTEMPATH\CodeIgniter.php(466): CodeIgniter\CodeIgniter->runController(Object(App\Controllers\AdminController))
12 SYSTEMPATH\CodeIgniter.php(349): CodeIgniter\CodeIgniter->handleRequest(null, Object(Config\Cache), false)
13 FCPATH\index.php(55): CodeIgniter\CodeIgniter->run()
14 SYSTEMPATH\Commands\Server\rewrite.php(43): require_once('FCPATH\\index.php')
CRITICAL - 2022-07-26 09:10:28 --> Undefined variable $ss
in APPPATH\Views\admin\kuiswirausaha.php on line 207.
 1 APPPATH\Views\admin\kuiswirausaha.php(207): CodeIgniter\Debug\Exceptions->errorHandler(2, 'Undefined variable $ss', 'APPPATH\\Views\\admin\\kuiswirausaha.php', 207)
 2 SYSTEMPATH\View\View.php(213): include('APPPATH\\Views\\admin\\kuiswirausaha.php')
 3 SYSTEMPATH\View\View.php(216): CodeIgniter\View\View->CodeIgniter\View\{closure}()
 4 SYSTEMPATH\Common.php(1135): CodeIgniter\View\View->render('admin/kuiswirausaha', [], true)
 5 APPPATH\Controllers\AdminController.php(67): view('admin/kuiswirausaha')
 6 SYSTEMPATH\CodeIgniter.php(896): App\Controllers\AdminController->wirausaha()
 7 SYSTEMPATH\CodeIgniter.php(466): CodeIgniter\CodeIgniter->runController(Object(App\Controllers\AdminController))
 8 SYSTEMPATH\CodeIgniter.php(349): CodeIgniter\CodeIgniter->handleRequest(null, Object(Config\Cache), false)
 9 FCPATH\index.php(55): CodeIgniter\CodeIgniter->run()
10 SYSTEMPATH\Commands\Server\rewrite.php(43): require_once('FCPATH\\index.php')
CRITICAL - 2022-07-26 09:11:11 --> Undefined variable $ss
in APPPATH\Views\admin\kuiswirausaha.php on line 207.
 1 APPPATH\Views\admin\kuiswirausaha.php(207): CodeIgniter\Debug\Exceptions->errorHandler(2, 'Undefined variable $ss', 'APPPATH\\Views\\admin\\kuiswirausaha.php', 207)
 2 SYSTEMPATH\View\View.php(213): include('APPPATH\\Views\\admin\\kuiswirausaha.php')
 3 SYSTEMPATH\View\View.php(216): CodeIgniter\View\View->CodeIgniter\View\{closure}()
 4 SYSTEMPATH\Common.php(1135): CodeIgniter\View\View->render('admin/kuiswirausaha', [], true)
 5 APPPATH\Controllers\AdminController.php(67): view('admin/kuiswirausaha')
 6 SYSTEMPATH\CodeIgniter.php(896): App\Controllers\AdminController->wirausaha()
 7 SYSTEMPATH\CodeIgniter.php(466): CodeIgniter\CodeIgniter->runController(Object(App\Controllers\AdminController))
 8 SYSTEMPATH\CodeIgniter.php(349): CodeIgniter\CodeIgniter->handleRequest(null, Object(Config\Cache), false)
 9 FCPATH\index.php(55): CodeIgniter\CodeIgniter->run()
10 SYSTEMPATH\Commands\Server\rewrite.php(43): require_once('FCPATH\\index.php')
CRITICAL - 2022-07-26 09:12:03 --> Undefined variable $ss
in APPPATH\Views\admin\kuiswirausaha.php on line 207.
 1 APPPATH\Views\admin\kuiswirausaha.php(207): CodeIgniter\Debug\Exceptions->errorHandler(2, 'Undefined variable $ss', 'APPPATH\\Views\\admin\\kuiswirausaha.php', 207)
 2 SYSTEMPATH\View\View.php(213): include('APPPATH\\Views\\admin\\kuiswirausaha.php')
 3 SYSTEMPATH\View\View.php(216): CodeIgniter\View\View->CodeIgniter\View\{closure}()
 4 SYSTEMPATH\Common.php(1135): CodeIgniter\View\View->render('admin/kuiswirausaha', [], true)
 5 APPPATH\Controllers\AdminController.php(67): view('admin/kuiswirausaha')
 6 SYSTEMPATH\CodeIgniter.php(896): App\Controllers\AdminController->wirausaha()
 7 SYSTEMPATH\CodeIgniter.php(466): CodeIgniter\CodeIgniter->runController(Object(App\Controllers\AdminController))
 8 SYSTEMPATH\CodeIgniter.php(349): CodeIgniter\CodeIgniter->handleRequest(null, Object(Config\Cache), false)
 9 FCPATH\index.php(55): CodeIgniter\CodeIgniter->run()
10 SYSTEMPATH\Commands\Server\rewrite.php(43): require_once('FCPATH\\index.php')
CRITICAL - 2022-07-26 09:24:21 --> Undefined variable $ss
in APPPATH\Views\admin\kuiswirausaha.php on line 207.
 1 APPPATH\Views\admin\kuiswirausaha.php(207): CodeIgniter\Debug\Exceptions->errorHandler(2, 'Undefined variable $ss', 'APPPATH\\Views\\admin\\kuiswirausaha.php', 207)
 2 SYSTEMPATH\View\View.php(213): include('APPPATH\\Views\\admin\\kuiswirausaha.php')
 3 SYSTEMPATH\View\View.php(216): CodeIgniter\View\View->CodeIgniter\View\{closure}()
 4 SYSTEMPATH\Common.php(1135): CodeIgniter\View\View->render('admin/kuiswirausaha', [], true)
 5 APPPATH\Controllers\AdminController.php(67): view('admin/kuiswirausaha')
 6 SYSTEMPATH\CodeIgniter.php(896): App\Controllers\AdminController->wirausaha()
 7 SYSTEMPATH\CodeIgniter.php(466): CodeIgniter\CodeIgniter->runController(Object(App\Controllers\AdminController))
 8 SYSTEMPATH\CodeIgniter.php(349): CodeIgniter\CodeIgniter->handleRequest(null, Object(Config\Cache), false)
 9 FCPATH\index.php(55): CodeIgniter\CodeIgniter->run()
10 SYSTEMPATH\Commands\Server\rewrite.php(43): require_once('FCPATH\\index.php')
CRITICAL - 2022-07-26 09:25:20 --> Undefined variable $ss
in APPPATH\Views\admin\kuiswirausaha.php on line 207.
 1 APPPATH\Views\admin\kuiswirausaha.php(207): CodeIgniter\Debug\Exceptions->errorHandler(2, 'Undefined variable $ss', 'APPPATH\\Views\\admin\\kuiswirausaha.php', 207)
 2 SYSTEMPATH\View\View.php(213): include('APPPATH\\Views\\admin\\kuiswirausaha.php')
 3 SYSTEMPATH\View\View.php(216): CodeIgniter\View\View->CodeIgniter\View\{closure}()
 4 SYSTEMPATH\Common.php(1135): CodeIgniter\View\View->render('admin/kuiswirausaha', [], true)
 5 APPPATH\Controllers\AdminController.php(67): view('admin/kuiswirausaha')
 6 SYSTEMPATH\CodeIgniter.php(896): App\Controllers\AdminController->wirausaha()
 7 SYSTEMPATH\CodeIgniter.php(466): CodeIgniter\CodeIgniter->runController(Object(App\Controllers\AdminController))
 8 SYSTEMPATH\CodeIgniter.php(349): CodeIgniter\CodeIgniter->handleRequest(null, Object(Config\Cache), false)
 9 FCPATH\index.php(55): CodeIgniter\CodeIgniter->run()
10 SYSTEMPATH\Commands\Server\rewrite.php(43): require_once('FCPATH\\index.php')
CRITICAL - 2022-07-26 09:34:55 --> Undefined variable $ss
in APPPATH\Views\admin\kuiswirausaha.php on line 207.
 1 APPPATH\Views\admin\kuiswirausaha.php(207): CodeIgniter\Debug\Exceptions->errorHandler(2, 'Undefined variable $ss', 'APPPATH\\Views\\admin\\kuiswirausaha.php', 207)
 2 SYSTEMPATH\View\View.php(213): include('APPPATH\\Views\\admin\\kuiswirausaha.php')
 3 SYSTEMPATH\View\View.php(216): CodeIgniter\View\View->CodeIgniter\View\{closure}()
 4 SYSTEMPATH\Common.php(1135): CodeIgniter\View\View->render('admin/kuiswirausaha', [], true)
 5 APPPATH\Controllers\AdminController.php(67): view('admin/kuiswirausaha')
 6 SYSTEMPATH\CodeIgniter.php(896): App\Controllers\AdminController->wirausaha()
 7 SYSTEMPATH\CodeIgniter.php(466): CodeIgniter\CodeIgniter->runController(Object(App\Controllers\AdminController))
 8 SYSTEMPATH\CodeIgniter.php(349): CodeIgniter\CodeIgniter->handleRequest(null, Object(Config\Cache), false)
 9 FCPATH\index.php(55): CodeIgniter\CodeIgniter->run()
10 SYSTEMPATH\Commands\Server\rewrite.php(43): require_once('FCPATH\\index.php')
CRITICAL - 2022-07-26 09:55:01 --> Undefined variable $ss
in APPPATH\Views\admin\kuiswirausaha.php on line 207.
 1 APPPATH\Views\admin\kuiswirausaha.php(207): CodeIgniter\Debug\Exceptions->errorHandler(2, 'Undefined variable $ss', 'APPPATH\\Views\\admin\\kuiswirausaha.php', 207)
 2 SYSTEMPATH\View\View.php(213): include('APPPATH\\Views\\admin\\kuiswirausaha.php')
 3 SYSTEMPATH\View\View.php(216): CodeIgniter\View\View->CodeIgniter\View\{closure}()
 4 SYSTEMPATH\Common.php(1135): CodeIgniter\View\View->render('admin/kuiswirausaha', [], true)
 5 APPPATH\Controllers\AdminController.php(67): view('admin/kuiswirausaha')
 6 SYSTEMPATH\CodeIgniter.php(896): App\Controllers\AdminController->wirausaha()
 7 SYSTEMPATH\CodeIgniter.php(466): CodeIgniter\CodeIgniter->runController(Object(App\Controllers\AdminController))
 8 SYSTEMPATH\CodeIgniter.php(349): CodeIgniter\CodeIgniter->handleRequest(null, Object(Config\Cache), false)
 9 FCPATH\index.php(55): CodeIgniter\CodeIgniter->run()
10 SYSTEMPATH\Commands\Server\rewrite.php(43): require_once('FCPATH\\index.php')
CRITICAL - 2022-07-26 09:57:14 --> Undefined variable $ss
in APPPATH\Views\admin\kuiswirausaha.php on line 207.
 1 APPPATH\Views\admin\kuiswirausaha.php(207): CodeIgniter\Debug\Exceptions->errorHandler(2, 'Undefined variable $ss', 'APPPATH\\Views\\admin\\kuiswirausaha.php', 207)
 2 SYSTEMPATH\View\View.php(213): include('APPPATH\\Views\\admin\\kuiswirausaha.php')
 3 SYSTEMPATH\View\View.php(216): CodeIgniter\View\View->CodeIgniter\View\{closure}()
 4 SYSTEMPATH\Common.php(1135): CodeIgniter\View\View->render('admin/kuiswirausaha', [], true)
 5 APPPATH\Controllers\AdminController.php(67): view('admin/kuiswirausaha')
 6 SYSTEMPATH\CodeIgniter.php(896): App\Controllers\AdminController->wirausaha()
 7 SYSTEMPATH\CodeIgniter.php(466): CodeIgniter\CodeIgniter->runController(Object(App\Controllers\AdminController))
 8 SYSTEMPATH\CodeIgniter.php(349): CodeIgniter\CodeIgniter->handleRequest(null, Object(Config\Cache), false)
 9 FCPATH\index.php(55): CodeIgniter\CodeIgniter->run()
10 SYSTEMPATH\Commands\Server\rewrite.php(43): require_once('FCPATH\\index.php')
CRITICAL - 2022-07-26 09:58:53 --> Undefined variable $ss
in APPPATH\Views\admin\kuiswirausaha.php on line 207.
 1 APPPATH\Views\admin\kuiswirausaha.php(207): CodeIgniter\Debug\Exceptions->errorHandler(2, 'Undefined variable $ss', 'APPPATH\\Views\\admin\\kuiswirausaha.php', 207)
 2 SYSTEMPATH\View\View.php(213): include('APPPATH\\Views\\admin\\kuiswirausaha.php')
 3 SYSTEMPATH\View\View.php(216): CodeIgniter\View\View->CodeIgniter\View\{closure}()
 4 SYSTEMPATH\Common.php(1135): CodeIgniter\View\View->render('admin/kuiswirausaha', [], true)
 5 APPPATH\Controllers\AdminController.php(67): view('admin/kuiswirausaha')
 6 SYSTEMPATH\CodeIgniter.php(896): App\Controllers\AdminController->wirausaha()
 7 SYSTEMPATH\CodeIgniter.php(466): CodeIgniter\CodeIgniter->runController(Object(App\Controllers\AdminController))
 8 SYSTEMPATH\CodeIgniter.php(349): CodeIgniter\CodeIgniter->handleRequest(null, Object(Config\Cache), false)
 9 FCPATH\index.php(55): CodeIgniter\CodeIgniter->run()
10 SYSTEMPATH\Commands\Server\rewrite.php(43): require_once('FCPATH\\index.php')
CRITICAL - 2022-07-26 09:59:02 --> Undefined variable $ss
in APPPATH\Views\admin\kuiswirausaha.php on line 207.
 1 APPPATH\Views\admin\kuiswirausaha.php(207): CodeIgniter\Debug\Exceptions->errorHandler(2, 'Undefined variable $ss', 'APPPATH\\Views\\admin\\kuiswirausaha.php', 207)
 2 SYSTEMPATH\View\View.php(213): include('APPPATH\\Views\\admin\\kuiswirausaha.php')
 3 SYSTEMPATH\View\View.php(216): CodeIgniter\View\View->CodeIgniter\View\{closure}()
 4 SYSTEMPATH\Common.php(1135): CodeIgniter\View\View->render('admin/kuiswirausaha', [], true)
 5 APPPATH\Controllers\AdminController.php(67): view('admin/kuiswirausaha')
 6 SYSTEMPATH\CodeIgniter.php(896): App\Controllers\AdminController->wirausaha()
 7 SYSTEMPATH\CodeIgniter.php(466): CodeIgniter\CodeIgniter->runController(Object(App\Controllers\AdminController))
 8 SYSTEMPATH\CodeIgniter.php(349): CodeIgniter\CodeIgniter->handleRequest(null, Object(Config\Cache), false)
 9 FCPATH\index.php(55): CodeIgniter\CodeIgniter->run()
10 SYSTEMPATH\Commands\Server\rewrite.php(43): require_once('FCPATH\\index.php')
CRITICAL - 2022-07-26 09:59:06 --> Undefined variable $ss
in APPPATH\Views\admin\kuiswirausaha.php on line 207.
 1 APPPATH\Views\admin\kuiswirausaha.php(207): CodeIgniter\Debug\Exceptions->errorHandler(2, 'Undefined variable $ss', 'APPPATH\\Views\\admin\\kuiswirausaha.php', 207)
 2 SYSTEMPATH\View\View.php(213): include('APPPATH\\Views\\admin\\kuiswirausaha.php')
 3 SYSTEMPATH\View\View.php(216): CodeIgniter\View\View->CodeIgniter\View\{closure}()
 4 SYSTEMPATH\Common.php(1135): CodeIgniter\View\View->render('admin/kuiswirausaha', [], true)
 5 APPPATH\Controllers\AdminController.php(67): view('admin/kuiswirausaha')
 6 SYSTEMPATH\CodeIgniter.php(896): App\Controllers\AdminController->wirausaha()
 7 SYSTEMPATH\CodeIgniter.php(466): CodeIgniter\CodeIgniter->runController(Object(App\Controllers\AdminController))
 8 SYSTEMPATH\CodeIgniter.php(349): CodeIgniter\CodeIgniter->handleRequest(null, Object(Config\Cache), false)
 9 FCPATH\index.php(55): CodeIgniter\CodeIgniter->run()
10 SYSTEMPATH\Commands\Server\rewrite.php(43): require_once('FCPATH\\index.php')
CRITICAL - 2022-07-26 09:59:10 --> Undefined variable $ss
in APPPATH\Views\admin\kuiswirausaha.php on line 207.
 1 APPPATH\Views\admin\kuiswirausaha.php(207): CodeIgniter\Debug\Exceptions->errorHandler(2, 'Undefined variable $ss', 'APPPATH\\Views\\admin\\kuiswirausaha.php', 207)
 2 SYSTEMPATH\View\View.php(213): include('APPPATH\\Views\\admin\\kuiswirausaha.php')
 3 SYSTEMPATH\View\View.php(216): CodeIgniter\View\View->CodeIgniter\View\{closure}()
 4 SYSTEMPATH\Common.php(1135): CodeIgniter\View\View->render('admin/kuiswirausaha', [], true)
 5 APPPATH\Controllers\AdminController.php(67): view('admin/kuiswirausaha')
 6 SYSTEMPATH\CodeIgniter.php(896): App\Controllers\AdminController->wirausaha()
 7 SYSTEMPATH\CodeIgniter.php(466): CodeIgniter\CodeIgniter->runController(Object(App\Controllers\AdminController))
 8 SYSTEMPATH\CodeIgniter.php(349): CodeIgniter\CodeIgniter->handleRequest(null, Object(Config\Cache), false)
 9 FCPATH\index.php(55): CodeIgniter\CodeIgniter->run()
10 SYSTEMPATH\Commands\Server\rewrite.php(43): require_once('FCPATH\\index.php')
CRITICAL - 2022-07-26 11:15:05 --> Invalid file: user/belajar.php
in SYSTEMPATH\Exceptions\FrameworkException.php on line 33.
 1 SYSTEMPATH\View\View.php(201): CodeIgniter\Exceptions\FrameworkException::forInvalidFile('user/belajar.php')
 2 SYSTEMPATH\Common.php(1135): CodeIgniter\View\View->render('user/belajar', [], true)
 3 APPPATH\Controllers\User.php(29): view('user/belajar')
 4 SYSTEMPATH\CodeIgniter.php(896): App\Controllers\User->insert()
 5 SYSTEMPATH\CodeIgniter.php(466): CodeIgniter\CodeIgniter->runController(Object(App\Controllers\User))
 6 SYSTEMPATH\CodeIgniter.php(349): CodeIgniter\CodeIgniter->handleRequest(null, Object(Config\Cache), false)
 7 FCPATH\index.php(55): CodeIgniter\CodeIgniter->run()
 8 SYSTEMPATH\Commands\Server\rewrite.php(43): require_once('FCPATH\\index.php')
CRITICAL - 2022-07-26 11:37:34 --> syntax error, unexpected variable "$role", expecting "("
in APPPATH\Views\user\dashboard.php on line 19.
 1 SYSTEMPATH\View\View.php(216): CodeIgniter\View\View->CodeIgniter\View\{closure}()
 2 SYSTEMPATH\Common.php(1135): CodeIgniter\View\View->render('user/dashboard', [], true)
 3 APPPATH\Controllers\User.php(25): view('user/dashboard', [...])
 4 SYSTEMPATH\CodeIgniter.php(896): App\Controllers\User->index()
 5 SYSTEMPATH\CodeIgniter.php(466): CodeIgniter\CodeIgniter->runController(Object(App\Controllers\User))
 6 SYSTEMPATH\CodeIgniter.php(349): CodeIgniter\CodeIgniter->handleRequest(null, Object(Config\Cache), false)
 7 FCPATH\index.php(55): CodeIgniter\CodeIgniter->run()
 8 SYSTEMPATH\Commands\Server\rewrite.php(43): require_once('FCPATH\\index.php')
CRITICAL - 2022-07-26 11:37:55 --> syntax error, unexpected variable "$status", expecting "("
in APPPATH\Views\user\dashboard.php on line 19.
 1 SYSTEMPATH\View\View.php(216): CodeIgniter\View\View->CodeIgniter\View\{closure}()
 2 SYSTEMPATH\Common.php(1135): CodeIgniter\View\View->render('user/dashboard', [], true)
 3 APPPATH\Controllers\User.php(25): view('user/dashboard', [...])
 4 SYSTEMPATH\CodeIgniter.php(896): App\Controllers\User->index()
 5 SYSTEMPATH\CodeIgniter.php(466): CodeIgniter\CodeIgniter->runController(Object(App\Controllers\User))
 6 SYSTEMPATH\CodeIgniter.php(349): CodeIgniter\CodeIgniter->handleRequest(null, Object(Config\Cache), false)
 7 FCPATH\index.php(55): CodeIgniter\CodeIgniter->run()
 8 SYSTEMPATH\Commands\Server\rewrite.php(43): require_once('FCPATH\\index.php')
CRITICAL - 2022-07-26 11:38:55 --> Undefined variable $status
in APPPATH\Views\user\dashboard.php on line 19.
 1 APPPATH\Views\user\dashboard.php(19): CodeIgniter\Debug\Exceptions->errorHandler(2, 'Undefined variable $status', 'APPPATH\\Views\\user\\dashboard.php', 19)
 2 SYSTEMPATH\View\View.php(213): include('APPPATH\\Views\\user\\dashboard.php')
 3 SYSTEMPATH\View\View.php(216): CodeIgniter\View\View->CodeIgniter\View\{closure}()
 4 SYSTEMPATH\Common.php(1135): CodeIgniter\View\View->render('user/dashboard', [], true)
 5 APPPATH\Controllers\User.php(25): view('user/dashboard', [...])
 6 SYSTEMPATH\CodeIgniter.php(896): App\Controllers\User->index()
 7 SYSTEMPATH\CodeIgniter.php(466): CodeIgniter\CodeIgniter->runController(Object(App\Controllers\User))
 8 SYSTEMPATH\CodeIgniter.php(349): CodeIgniter\CodeIgniter->handleRequest(null, Object(Config\Cache), false)
 9 FCPATH\index.php(55): CodeIgniter\CodeIgniter->run()
10 SYSTEMPATH\Commands\Server\rewrite.php(43): require_once('FCPATH\\index.php')
CRITICAL - 2022-07-26 11:38:57 --> Undefined variable $status
in APPPATH\Views\user\dashboard.php on line 19.
 1 APPPATH\Views\user\dashboard.php(19): CodeIgniter\Debug\Exceptions->errorHandler(2, 'Undefined variable $status', 'APPPATH\\Views\\user\\dashboard.php', 19)
 2 SYSTEMPATH\View\View.php(213): include('APPPATH\\Views\\user\\dashboard.php')
 3 SYSTEMPATH\View\View.php(216): CodeIgniter\View\View->CodeIgniter\View\{closure}()
 4 SYSTEMPATH\Common.php(1135): CodeIgniter\View\View->render('user/dashboard', [], true)
 5 APPPATH\Controllers\User.php(25): view('user/dashboard', [...])
 6 SYSTEMPATH\CodeIgniter.php(896): App\Controllers\User->index()
 7 SYSTEMPATH\CodeIgniter.php(466): CodeIgniter\CodeIgniter->runController(Object(App\Controllers\User))
 8 SYSTEMPATH\CodeIgniter.php(349): CodeIgniter\CodeIgniter->handleRequest(null, Object(Config\Cache), false)
 9 FCPATH\index.php(55): CodeIgniter\CodeIgniter->run()
10 SYSTEMPATH\Commands\Server\rewrite.php(43): require_once('FCPATH\\index.php')
CRITICAL - 2022-07-26 11:41:36 --> Undefined variable $status
in APPPATH\Views\user\dashboard.php on line 19.
 1 APPPATH\Views\user\dashboard.php(19): CodeIgniter\Debug\Exceptions->errorHandler(2, 'Undefined variable $status', 'APPPATH\\Views\\user\\dashboard.php', 19)
 2 SYSTEMPATH\View\View.php(213): include('APPPATH\\Views\\user\\dashboard.php')
 3 SYSTEMPATH\View\View.php(216): CodeIgniter\View\View->CodeIgniter\View\{closure}()
 4 SYSTEMPATH\Common.php(1135): CodeIgniter\View\View->render('user/dashboard', [], true)
 5 APPPATH\Controllers\User.php(25): view('user/dashboard', [...])
 6 SYSTEMPATH\CodeIgniter.php(896): App\Controllers\User->index()
 7 SYSTEMPATH\CodeIgniter.php(466): CodeIgniter\CodeIgniter->runController(Object(App\Controllers\User))
 8 SYSTEMPATH\CodeIgniter.php(349): CodeIgniter\CodeIgniter->handleRequest(null, Object(Config\Cache), false)
 9 FCPATH\index.php(55): CodeIgniter\CodeIgniter->run()
10 SYSTEMPATH\Commands\Server\rewrite.php(43): require_once('FCPATH\\index.php')
CRITICAL - 2022-07-26 11:42:58 --> Invalid file: user/lainnya.php
in SYSTEMPATH\Exceptions\FrameworkException.php on line 33.
 1 SYSTEMPATH\View\View.php(201): CodeIgniter\Exceptions\FrameworkException::forInvalidFile('user/lainnya.php')
 2 SYSTEMPATH\Common.php(1135): CodeIgniter\View\View->render('user/lainnya', [], true)
 3 APPPATH\Controllers\User.php(37): view('user/lainnya')
 4 SYSTEMPATH\CodeIgniter.php(896): App\Controllers\User->insert()
 5 SYSTEMPATH\CodeIgniter.php(466): CodeIgniter\CodeIgniter->runController(Object(App\Controllers\User))
 6 SYSTEMPATH\CodeIgniter.php(349): CodeIgniter\CodeIgniter->handleRequest(null, Object(Config\Cache), false)
 7 FCPATH\index.php(55): CodeIgniter\CodeIgniter->run()
 8 SYSTEMPATH\Commands\Server\rewrite.php(43): require_once('FCPATH\\index.php')
CRITICAL - 2022-07-26 11:46:06 --> Undefined variable $status
in APPPATH\Controllers\User.php on line 29.
 1 APPPATH\Controllers\User.php(29): CodeIgniter\Debug\Exceptions->errorHandler(2, 'Undefined variable $status', 'APPPATH\\Controllers\\User.php', 29)
 2 SYSTEMPATH\CodeIgniter.php(896): App\Controllers\User->insert()
 3 SYSTEMPATH\CodeIgniter.php(466): CodeIgniter\CodeIgniter->runController(Object(App\Controllers\User))
 4 SYSTEMPATH\CodeIgniter.php(349): CodeIgniter\CodeIgniter->handleRequest(null, Object(Config\Cache), false)
 5 FCPATH\index.php(55): CodeIgniter\CodeIgniter->run()
 6 SYSTEMPATH\Commands\Server\rewrite.php(43): require_once('FCPATH\\index.php')
CRITICAL - 2022-07-26 11:46:14 --> Undefined variable $status
in APPPATH\Controllers\User.php on line 29.
 1 APPPATH\Controllers\User.php(29): CodeIgniter\Debug\Exceptions->errorHandler(2, 'Undefined variable $status', 'APPPATH\\Controllers\\User.php', 29)
 2 SYSTEMPATH\CodeIgniter.php(896): App\Controllers\User->insert()
 3 SYSTEMPATH\CodeIgniter.php(466): CodeIgniter\CodeIgniter->runController(Object(App\Controllers\User))
 4 SYSTEMPATH\CodeIgniter.php(349): CodeIgniter\CodeIgniter->handleRequest(null, Object(Config\Cache), false)
 5 FCPATH\index.php(55): CodeIgniter\CodeIgniter->run()
 6 SYSTEMPATH\Commands\Server\rewrite.php(43): require_once('FCPATH\\index.php')
CRITICAL - 2022-07-26 19:44:59 --> Undefined constant "des"
in APPPATH\Views\admin\dashboard.php on line 241.
 1 SYSTEMPATH\View\View.php(213): include()
 2 SYSTEMPATH\View\View.php(216): CodeIgniter\View\View->CodeIgniter\View\{closure}()
 3 SYSTEMPATH\Common.php(1135): CodeIgniter\View\View->render('admin/dashboard', [], true)
 4 APPPATH\Controllers\AdminController.php(28): view('admin/dashboard', [...])
 5 SYSTEMPATH\CodeIgniter.php(896): App\Controllers\AdminController->index()
 6 SYSTEMPATH\CodeIgniter.php(466): CodeIgniter\CodeIgniter->runController(Object(App\Controllers\AdminController))
 7 SYSTEMPATH\CodeIgniter.php(349): CodeIgniter\CodeIgniter->handleRequest(null, Object(Config\Cache), false)
 8 FCPATH\index.php(55): CodeIgniter\CodeIgniter->run()
 9 SYSTEMPATH\Commands\Server\rewrite.php(43): require_once('FCPATH\\index.php')
CRITICAL - 2022-07-26 19:46:09 --> Undefined variable $des
in APPPATH\Views\admin\dashboard.php on line 241.
 1 APPPATH\Views\admin\dashboard.php(241): CodeIgniter\Debug\Exceptions->errorHandler(2, 'Undefined variable $des', 'APPPATH\\Views\\admin\\dashboard.php', 241)
 2 SYSTEMPATH\View\View.php(213): include('APPPATH\\Views\\admin\\dashboard.php')
 3 SYSTEMPATH\View\View.php(216): CodeIgniter\View\View->CodeIgniter\View\{closure}()
 4 SYSTEMPATH\Common.php(1135): CodeIgniter\View\View->render('admin/dashboard', [], true)
 5 APPPATH\Controllers\AdminController.php(28): view('admin/dashboard', [...])
 6 SYSTEMPATH\CodeIgniter.php(896): App\Controllers\AdminController->index()
 7 SYSTEMPATH\CodeIgniter.php(466): CodeIgniter\CodeIgniter->runController(Object(App\Controllers\AdminController))
 8 SYSTEMPATH\CodeIgniter.php(349): CodeIgniter\CodeIgniter->handleRequest(null, Object(Config\Cache), false)
 9 FCPATH\index.php(55): CodeIgniter\CodeIgniter->run()
10 SYSTEMPATH\Commands\Server\rewrite.php(43): require_once('FCPATH\\index.php')
CRITICAL - 2022-07-26 19:46:37 --> Undefined variable $des
in APPPATH\Views\admin\dashboard.php on line 241.
 1 APPPATH\Views\admin\dashboard.php(241): CodeIgniter\Debug\Exceptions->errorHandler(2, 'Undefined variable $des', 'APPPATH\\Views\\admin\\dashboard.php', 241)
 2 SYSTEMPATH\View\View.php(213): include('APPPATH\\Views\\admin\\dashboard.php')
 3 SYSTEMPATH\View\View.php(216): CodeIgniter\View\View->CodeIgniter\View\{closure}()
 4 SYSTEMPATH\Common.php(1135): CodeIgniter\View\View->render('admin/dashboard', [], true)
 5 APPPATH\Controllers\AdminController.php(28): view('admin/dashboard', [...])
 6 SYSTEMPATH\CodeIgniter.php(896): App\Controllers\AdminController->index()
 7 SYSTEMPATH\CodeIgniter.php(466): CodeIgniter\CodeIgniter->runController(Object(App\Controllers\AdminController))
 8 SYSTEMPATH\CodeIgniter.php(349): CodeIgniter\CodeIgniter->handleRequest(null, Object(Config\Cache), false)
 9 FCPATH\index.php(55): CodeIgniter\CodeIgniter->run()
10 SYSTEMPATH\Commands\Server\rewrite.php(43): require_once('FCPATH\\index.php')
CRITICAL - 2022-07-26 19:46:38 --> Undefined variable $des
in APPPATH\Views\admin\dashboard.php on line 241.
 1 APPPATH\Views\admin\dashboard.php(241): CodeIgniter\Debug\Exceptions->errorHandler(2, 'Undefined variable $des', 'APPPATH\\Views\\admin\\dashboard.php', 241)
 2 SYSTEMPATH\View\View.php(213): include('APPPATH\\Views\\admin\\dashboard.php')
 3 SYSTEMPATH\View\View.php(216): CodeIgniter\View\View->CodeIgniter\View\{closure}()
 4 SYSTEMPATH\Common.php(1135): CodeIgniter\View\View->render('admin/dashboard', [], true)
 5 APPPATH\Controllers\AdminController.php(28): view('admin/dashboard', [...])
 6 SYSTEMPATH\CodeIgniter.php(896): App\Controllers\AdminController->index()
 7 SYSTEMPATH\CodeIgniter.php(466): CodeIgniter\CodeIgniter->runController(Object(App\Controllers\AdminController))
 8 SYSTEMPATH\CodeIgniter.php(349): CodeIgniter\CodeIgniter->handleRequest(null, Object(Config\Cache), false)
 9 FCPATH\index.php(55): CodeIgniter\CodeIgniter->run()
10 SYSTEMPATH\Commands\Server\rewrite.php(43): require_once('FCPATH\\index.php')
CRITICAL - 2022-07-26 19:46:40 --> Undefined variable $des
in APPPATH\Views\admin\dashboard.php on line 241.
 1 APPPATH\Views\admin\dashboard.php(241): CodeIgniter\Debug\Exceptions->errorHandler(2, 'Undefined variable $des', 'APPPATH\\Views\\admin\\dashboard.php', 241)
 2 SYSTEMPATH\View\View.php(213): include('APPPATH\\Views\\admin\\dashboard.php')
 3 SYSTEMPATH\View\View.php(216): CodeIgniter\View\View->CodeIgniter\View\{closure}()
 4 SYSTEMPATH\Common.php(1135): CodeIgniter\View\View->render('admin/dashboard', [], true)
 5 APPPATH\Controllers\AdminController.php(28): view('admin/dashboard', [...])
 6 SYSTEMPATH\CodeIgniter.php(896): App\Controllers\AdminController->index()
 7 SYSTEMPATH\CodeIgniter.php(466): CodeIgniter\CodeIgniter->runController(Object(App\Controllers\AdminController))
 8 SYSTEMPATH\CodeIgniter.php(349): CodeIgniter\CodeIgniter->handleRequest(null, Object(Config\Cache), false)
 9 FCPATH\index.php(55): CodeIgniter\CodeIgniter->run()
10 SYSTEMPATH\Commands\Server\rewrite.php(43): require_once('FCPATH\\index.php')
CRITICAL - 2022-07-26 19:47:14 --> Undefined array key "id"
in APPPATH\Views\admin\dashboard.php on line 241.
 1 APPPATH\Views\admin\dashboard.php(241): CodeIgniter\Debug\Exceptions->errorHandler(2, 'Undefined array key "id"', 'APPPATH\\Views\\admin\\dashboard.php', 241)
 2 SYSTEMPATH\View\View.php(213): include('APPPATH\\Views\\admin\\dashboard.php')
 3 SYSTEMPATH\View\View.php(216): CodeIgniter\View\View->CodeIgniter\View\{closure}()
 4 SYSTEMPATH\Common.php(1135): CodeIgniter\View\View->render('admin/dashboard', [], true)
 5 APPPATH\Controllers\AdminController.php(28): view('admin/dashboard', [...])
 6 SYSTEMPATH\CodeIgniter.php(896): App\Controllers\AdminController->index()
 7 SYSTEMPATH\CodeIgniter.php(466): CodeIgniter\CodeIgniter->runController(Object(App\Controllers\AdminController))
 8 SYSTEMPATH\CodeIgniter.php(349): CodeIgniter\CodeIgniter->handleRequest(null, Object(Config\Cache), false)
 9 FCPATH\index.php(55): CodeIgniter\CodeIgniter->run()
10 SYSTEMPATH\Commands\Server\rewrite.php(43): require_once('FCPATH\\index.php')
CRITICAL - 2022-07-26 19:48:26 --> Undefined variable $id
in APPPATH\Views\admin\dashboard.php on line 241.
 1 APPPATH\Views\admin\dashboard.php(241): CodeIgniter\Debug\Exceptions->errorHandler(2, 'Undefined variable $id', 'APPPATH\\Views\\admin\\dashboard.php', 241)
 2 SYSTEMPATH\View\View.php(213): include('APPPATH\\Views\\admin\\dashboard.php')
 3 SYSTEMPATH\View\View.php(216): CodeIgniter\View\View->CodeIgniter\View\{closure}()
 4 SYSTEMPATH\Common.php(1135): CodeIgniter\View\View->render('admin/dashboard', [], true)
 5 APPPATH\Controllers\AdminController.php(28): view('admin/dashboard', [...])
 6 SYSTEMPATH\CodeIgniter.php(896): App\Controllers\AdminController->index()
 7 SYSTEMPATH\CodeIgniter.php(466): CodeIgniter\CodeIgniter->runController(Object(App\Controllers\AdminController))
 8 SYSTEMPATH\CodeIgniter.php(349): CodeIgniter\CodeIgniter->handleRequest(null, Object(Config\Cache), false)
 9 FCPATH\index.php(55): CodeIgniter\CodeIgniter->run()
10 SYSTEMPATH\Commands\Server\rewrite.php(43): require_once('FCPATH\\index.php')
CRITICAL - 2022-07-26 19:48:29 --> Undefined variable $id
in APPPATH\Views\admin\dashboard.php on line 241.
 1 APPPATH\Views\admin\dashboard.php(241): CodeIgniter\Debug\Exceptions->errorHandler(2, 'Undefined variable $id', 'APPPATH\\Views\\admin\\dashboard.php', 241)
 2 SYSTEMPATH\View\View.php(213): include('APPPATH\\Views\\admin\\dashboard.php')
 3 SYSTEMPATH\View\View.php(216): CodeIgniter\View\View->CodeIgniter\View\{closure}()
 4 SYSTEMPATH\Common.php(1135): CodeIgniter\View\View->render('admin/dashboard', [], true)
 5 APPPATH\Controllers\AdminController.php(28): view('admin/dashboard', [...])
 6 SYSTEMPATH\CodeIgniter.php(896): App\Controllers\AdminController->index()
 7 SYSTEMPATH\CodeIgniter.php(466): CodeIgniter\CodeIgniter->runController(Object(App\Controllers\AdminController))
 8 SYSTEMPATH\CodeIgniter.php(349): CodeIgniter\CodeIgniter->handleRequest(null, Object(Config\Cache), false)
 9 FCPATH\index.php(55): CodeIgniter\CodeIgniter->run()
10 SYSTEMPATH\Commands\Server\rewrite.php(43): require_once('FCPATH\\index.php')
CRITICAL - 2022-07-26 19:48:30 --> Undefined variable $id
in APPPATH\Views\admin\dashboard.php on line 241.
 1 APPPATH\Views\admin\dashboard.php(241): CodeIgniter\Debug\Exceptions->errorHandler(2, 'Undefined variable $id', 'APPPATH\\Views\\admin\\dashboard.php', 241)
 2 SYSTEMPATH\View\View.php(213): include('APPPATH\\Views\\admin\\dashboard.php')
 3 SYSTEMPATH\View\View.php(216): CodeIgniter\View\View->CodeIgniter\View\{closure}()
 4 SYSTEMPATH\Common.php(1135): CodeIgniter\View\View->render('admin/dashboard', [], true)
 5 APPPATH\Controllers\AdminController.php(28): view('admin/dashboard', [...])
 6 SYSTEMPATH\CodeIgniter.php(896): App\Controllers\AdminController->index()
 7 SYSTEMPATH\CodeIgniter.php(466): CodeIgniter\CodeIgniter->runController(Object(App\Controllers\AdminController))
 8 SYSTEMPATH\CodeIgniter.php(349): CodeIgniter\CodeIgniter->handleRequest(null, Object(Config\Cache), false)
 9 FCPATH\index.php(55): CodeIgniter\CodeIgniter->run()
10 SYSTEMPATH\Commands\Server\rewrite.php(43): require_once('FCPATH\\index.php')
CRITICAL - 2022-07-26 19:48:39 --> Undefined variable $id
in APPPATH\Views\admin\dashboard.php on line 241.
 1 APPPATH\Views\admin\dashboard.php(241): CodeIgniter\Debug\Exceptions->errorHandler(2, 'Undefined variable $id', 'APPPATH\\Views\\admin\\dashboard.php', 241)
 2 SYSTEMPATH\View\View.php(213): include('APPPATH\\Views\\admin\\dashboard.php')
 3 SYSTEMPATH\View\View.php(216): CodeIgniter\View\View->CodeIgniter\View\{closure}()
 4 SYSTEMPATH\Common.php(1135): CodeIgniter\View\View->render('admin/dashboard', [], true)
 5 APPPATH\Controllers\AdminController.php(28): view('admin/dashboard', [...])
 6 SYSTEMPATH\CodeIgniter.php(896): App\Controllers\AdminController->index()
 7 SYSTEMPATH\CodeIgniter.php(466): CodeIgniter\CodeIgniter->runController(Object(App\Controllers\AdminController))
 8 SYSTEMPATH\CodeIgniter.php(349): CodeIgniter\CodeIgniter->handleRequest(null, Object(Config\Cache), false)
 9 FCPATH\index.php(55): CodeIgniter\CodeIgniter->run()
10 SYSTEMPATH\Commands\Server\rewrite.php(43): require_once('FCPATH\\index.php')
CRITICAL - 2022-07-26 19:49:10 --> Undefined variable $ii
in APPPATH\Views\admin\dashboard.php on line 241.
 1 APPPATH\Views\admin\dashboard.php(241): CodeIgniter\Debug\Exceptions->errorHandler(2, 'Undefined variable $ii', 'APPPATH\\Views\\admin\\dashboard.php', 241)
 2 SYSTEMPATH\View\View.php(213): include('APPPATH\\Views\\admin\\dashboard.php')
 3 SYSTEMPATH\View\View.php(216): CodeIgniter\View\View->CodeIgniter\View\{closure}()
 4 SYSTEMPATH\Common.php(1135): CodeIgniter\View\View->render('admin/dashboard', [], true)
 5 APPPATH\Controllers\AdminController.php(28): view('admin/dashboard', [...])
 6 SYSTEMPATH\CodeIgniter.php(896): App\Controllers\AdminController->index()
 7 SYSTEMPATH\CodeIgniter.php(466): CodeIgniter\CodeIgniter->runController(Object(App\Controllers\AdminController))
 8 SYSTEMPATH\CodeIgniter.php(349): CodeIgniter\CodeIgniter->handleRequest(null, Object(Config\Cache), false)
 9 FCPATH\index.php(55): CodeIgniter\CodeIgniter->run()
10 SYSTEMPATH\Commands\Server\rewrite.php(43): require_once('FCPATH\\index.php')
CRITICAL - 2022-07-26 19:49:13 --> Undefined variable $ii
in APPPATH\Views\admin\dashboard.php on line 241.
 1 APPPATH\Views\admin\dashboard.php(241): CodeIgniter\Debug\Exceptions->errorHandler(2, 'Undefined variable $ii', 'APPPATH\\Views\\admin\\dashboard.php', 241)
 2 SYSTEMPATH\View\View.php(213): include('APPPATH\\Views\\admin\\dashboard.php')
 3 SYSTEMPATH\View\View.php(216): CodeIgniter\View\View->CodeIgniter\View\{closure}()
 4 SYSTEMPATH\Common.php(1135): CodeIgniter\View\View->render('admin/dashboard', [], true)
 5 APPPATH\Controllers\AdminController.php(28): view('admin/dashboard', [...])
 6 SYSTEMPATH\CodeIgniter.php(896): App\Controllers\AdminController->index()
 7 SYSTEMPATH\CodeIgniter.php(466): CodeIgniter\CodeIgniter->runController(Object(App\Controllers\AdminController))
 8 SYSTEMPATH\CodeIgniter.php(349): CodeIgniter\CodeIgniter->handleRequest(null, Object(Config\Cache), false)
 9 FCPATH\index.php(55): CodeIgniter\CodeIgniter->run()
10 SYSTEMPATH\Commands\Server\rewrite.php(43): require_once('FCPATH\\index.php')
CRITICAL - 2022-07-26 19:49:14 --> Undefined variable $ii
in APPPATH\Views\admin\dashboard.php on line 241.
 1 APPPATH\Views\admin\dashboard.php(241): CodeIgniter\Debug\Exceptions->errorHandler(2, 'Undefined variable $ii', 'APPPATH\\Views\\admin\\dashboard.php', 241)
 2 SYSTEMPATH\View\View.php(213): include('APPPATH\\Views\\admin\\dashboard.php')
 3 SYSTEMPATH\View\View.php(216): CodeIgniter\View\View->CodeIgniter\View\{closure}()
 4 SYSTEMPATH\Common.php(1135): CodeIgniter\View\View->render('admin/dashboard', [], true)
 5 APPPATH\Controllers\AdminController.php(28): view('admin/dashboard', [...])
 6 SYSTEMPATH\CodeIgniter.php(896): App\Controllers\AdminController->index()
 7 SYSTEMPATH\CodeIgniter.php(466): CodeIgniter\CodeIgniter->runController(Object(App\Controllers\AdminController))
 8 SYSTEMPATH\CodeIgniter.php(349): CodeIgniter\CodeIgniter->handleRequest(null, Object(Config\Cache), false)
 9 FCPATH\index.php(55): CodeIgniter\CodeIgniter->run()
10 SYSTEMPATH\Commands\Server\rewrite.php(43): require_once('FCPATH\\index.php')
CRITICAL - 2022-07-26 19:52:02 --> Undefined variable $ii
in APPPATH\Views\admin\dashboard.php on line 241.
 1 APPPATH\Views\admin\dashboard.php(241): CodeIgniter\Debug\Exceptions->errorHandler(2, 'Undefined variable $ii', 'APPPATH\\Views\\admin\\dashboard.php', 241)
 2 SYSTEMPATH\View\View.php(213): include('APPPATH\\Views\\admin\\dashboard.php')
 3 SYSTEMPATH\View\View.php(216): CodeIgniter\View\View->CodeIgniter\View\{closure}()
 4 SYSTEMPATH\Common.php(1135): CodeIgniter\View\View->render('admin/dashboard', [], true)
 5 APPPATH\Controllers\AdminController.php(28): view('admin/dashboard', [...])
 6 SYSTEMPATH\CodeIgniter.php(896): App\Controllers\AdminController->index()
 7 SYSTEMPATH\CodeIgniter.php(466): CodeIgniter\CodeIgniter->runController(Object(App\Controllers\AdminController))
 8 SYSTEMPATH\CodeIgniter.php(349): CodeIgniter\CodeIgniter->handleRequest(null, Object(Config\Cache), false)
 9 FCPATH\index.php(55): CodeIgniter\CodeIgniter->run()
10 SYSTEMPATH\Commands\Server\rewrite.php(43): require_once('FCPATH\\index.php')
